2024-05-12 00:55:37,916 [ERROR] LogOutputStream:75 - [STDERR_REDIRECT] 
2024-05-12 15:25:13,521 [INFO] Activator:176 - 


2024-05-12 15:25:13,523 [INFO] Activator:177 - !SESSION log4j initialized
2024-05-12 15:25:16,933 [INFO] LogOutputStream:77 - [STDOUT_REDIRECT] 
2024-05-12 15:25:18,793 [INFO] ApplicationProperties:184 - Using Application install path: /home/athul-muralidhar/st/stm32cubeide_1.15.1/plugins/com.st.stm32cube.common.mx_6.11.1.202404110753
2024-05-12 15:25:18,805 [INFO] DbMcusXml:78 - Set database path to: /home/athul-muralidhar/st/stm32cubeide_1.15.1/plugins/com.st.stm32cube.common.mx_6.11.1.202404110753//db//mcu/
2024-05-12 15:25:18,805 [INFO] ApiDb:274 - Set plugin database path to: /home/athul-muralidhar/st/stm32cubeide_1.15.1/plugins/com.st.stm32cube.common.mx_6.11.1.202404110753//db//plugins/boardmanager/
2024-05-12 15:25:18,805 [WARN] ApiDb:259 - Overriding images path with different value:  => /home/athul-muralidhar/st/stm32cubeide_1.15.1/plugins/com.st.stm32cube.common.mx_6.11.1.202404110753//db//plugins/mcufinder/images/
2024-05-12 15:25:18,810 [INFO] ApiDb:250 - Set database path to: /home/athul-muralidhar/.stmcufinder/plugins/mcufinder//mcu/
2024-05-12 15:25:18,811 [INFO] DbMcusAds:125 - Set database path to: /home/athul-muralidhar/.stmcufinder/plugins/mcufinder//mcu/
2024-05-12 15:25:18,813 [INFO] CrossReferenceDbSqlite:203 - Set database path to: /home/athul-muralidhar/.stmcufinder/plugins/mcufinder//mcu/cs/
2024-05-12 15:25:18,881 [INFO] RulesReader:64 - Compatibility file has been processed (297 Rules)
2024-05-12 15:25:18,926 [INFO] DbMcusXml:78 - Set database path to: /home/athul-muralidhar/st/stm32cubeide_1.15.1/plugins/com.st.stm32cube.common.mx_6.11.1.202404110753//db//mcu/
2024-05-12 15:25:18,926 [INFO] ApiDb:274 - Set plugin database path to: /home/athul-muralidhar/st/stm32cubeide_1.15.1/plugins/com.st.stm32cube.common.mx_6.11.1.202404110753//db//plugins/boardmanager/
2024-05-12 15:25:18,927 [INFO] ApiDb:261 - Set plugin images path to: /home/athul-muralidhar/st/stm32cubeide_1.15.1/plugins/com.st.stm32cube.common.mx_6.11.1.202404110753//db//plugins/mcufinder/images/
2024-05-12 15:25:18,927 [WARN] DbFile:41 - Overriding database path with different value: /home/athul-muralidhar/.stmcufinder/plugins/mcufinder/ => /home/athul-muralidhar/.stmcufinder/plugins/mcufinder
2024-05-12 15:25:18,927 [INFO] ApiDb:250 - Set database path to: /home/athul-muralidhar/.stmcufinder/plugins/mcufinder//mcu/
2024-05-12 15:25:18,927 [WARN] DbFile:41 - Overriding database path with different value: /home/athul-muralidhar/.stmcufinder/plugins/mcufinder/ => /home/athul-muralidhar/.stmcufinder/plugins/mcufinder
2024-05-12 15:25:18,927 [INFO] DbMcusAds:125 - Set database path to: /home/athul-muralidhar/.stmcufinder/plugins/mcufinder//mcu/
2024-05-12 15:25:18,927 [WARN] DbFile:41 - Overriding database path with different value: /home/athul-muralidhar/.stmcufinder/plugins/mcufinder/ => /home/athul-muralidhar/.stmcufinder/plugins/mcufinder
2024-05-12 15:25:18,927 [WARN] DbFile:41 - Overriding database path with different value: /home/athul-muralidhar/.stmcufinder/plugins/mcufinder/ => /home/athul-muralidhar/.stmcufinder/plugins/mcufinder
2024-05-12 15:25:18,927 [INFO] CrossReferenceDbSqlite:203 - Set database path to: /home/athul-muralidhar/.stmcufinder/plugins/mcufinder//mcu/cs/
2024-05-12 15:25:18,979 [INFO] MainPanel:264 - HeapMemory: 268435456
2024-05-12 15:25:19,041 [INFO] DbMcusXml:78 - Set database path to: /home/athul-muralidhar/st/stm32cubeide_1.15.1/plugins/com.st.stm32cube.common.mx_6.11.1.202404110753//db//mcu/
2024-05-12 15:25:19,041 [INFO] ApiDb:274 - Set plugin database path to: /home/athul-muralidhar/st/stm32cubeide_1.15.1/plugins/com.st.stm32cube.common.mx_6.11.1.202404110753//db//plugins/boardmanager/
2024-05-12 15:25:19,041 [INFO] ApiDb:261 - Set plugin images path to: /home/athul-muralidhar/st/stm32cubeide_1.15.1/plugins/com.st.stm32cube.common.mx_6.11.1.202404110753//db//plugins/mcufinder/images/
2024-05-12 15:25:19,042 [WARN] DbFile:41 - Overriding database path with different value: /home/athul-muralidhar/.stmcufinder/plugins/mcufinder/ => /home/athul-muralidhar/.stmcufinder/plugins/mcufinder
2024-05-12 15:25:19,042 [INFO] ApiDb:250 - Set database path to: /home/athul-muralidhar/.stmcufinder/plugins/mcufinder//mcu/
2024-05-12 15:25:19,042 [WARN] DbFile:41 - Overriding database path with different value: /home/athul-muralidhar/.stmcufinder/plugins/mcufinder/ => /home/athul-muralidhar/.stmcufinder/plugins/mcufinder
2024-05-12 15:25:19,042 [INFO] DbMcusAds:125 - Set database path to: /home/athul-muralidhar/.stmcufinder/plugins/mcufinder//mcu/
2024-05-12 15:25:19,042 [WARN] DbFile:41 - Overriding database path with different value: /home/athul-muralidhar/.stmcufinder/plugins/mcufinder/ => /home/athul-muralidhar/.stmcufinder/plugins/mcufinder
2024-05-12 15:25:19,042 [WARN] DbFile:41 - Overriding database path with different value: /home/athul-muralidhar/.stmcufinder/plugins/mcufinder/ => /home/athul-muralidhar/.stmcufinder/plugins/mcufinder
2024-05-12 15:25:19,042 [INFO] CrossReferenceDbSqlite:203 - Set database path to: /home/athul-muralidhar/.stmcufinder/plugins/mcufinder//mcu/cs/
2024-05-12 15:25:19,055 [INFO] ApplicationProperties:184 - Using Application install path: /home/athul-muralidhar/st/stm32cubeide_1.15.1/plugins/com.st.stm32cube.common.mx_6.11.1.202404110753
2024-05-12 15:25:19,056 [INFO] PluginManage:196 - Search for loadable plugins [exclusion list=, ]
2024-05-12 15:25:19,057 [INFO] PluginManage:310 - Check plugin analytics
2024-05-12 15:25:19,149 [INFO] AnalyticsPlugin:253 - Accepted Software Licenses: 
2024-05-12 15:25:19,150 [INFO] AnalyticsPlugin:255 - Accepted CMSIS Pack Licenses: 
2024-05-12 15:25:19,150 [INFO] AnalyticsPlugin:257 - Accepted Firmware Licenses: 
2024-05-12 15:25:19,151 [INFO] PluginManage:359 - Loaded plugin analytics (category:tool,tabindex:-1)
2024-05-12 15:25:19,151 [INFO] PluginManage:310 - Check plugin cadmodel
2024-05-12 15:25:19,174 [INFO] CADModel:105 - Init CAD model plugin
2024-05-12 15:25:19,174 [INFO] PluginManage:359 - Loaded plugin cadmodel (category:power,tabindex:5)
2024-05-12 15:25:19,175 [INFO] PluginManage:310 - Check plugin clock
2024-05-12 15:25:19,182 [INFO] PluginManage:359 - Loaded plugin clock (category:base,tabindex:2)
2024-05-12 15:25:19,182 [INFO] PluginManage:310 - Check plugin ddr
2024-05-12 15:25:19,184 [INFO] PluginManage:359 - Loaded plugin ddr (category:tool,tabindex:6)
2024-05-12 15:25:19,184 [INFO] PluginManage:310 - Check plugin filemanager
2024-05-12 15:25:19,271 [INFO] PluginManage:359 - Loaded plugin filemanager (category:base,tabindex:10)
2024-05-12 15:25:19,271 [INFO] PluginManage:310 - Check plugin ipmanager
2024-05-12 15:25:19,275 [INFO] PluginManage:359 - Loaded plugin ipmanager (category:base,tabindex:5)
2024-05-12 15:25:19,275 [INFO] PluginManage:310 - Check plugin lpbam
2024-05-12 15:25:19,282 [INFO] PluginManage:359 - Loaded plugin lpbam (category:base,tabindex:0)
2024-05-12 15:25:19,282 [INFO] PluginManage:310 - Check plugin memorymap
2024-05-12 15:25:19,289 [INFO] PluginManage:359 - Loaded plugin memorymap (category:base,tabindex:4)
2024-05-12 15:25:19,289 [INFO] PluginManage:310 - Check plugin pinoutandconfiguration
2024-05-12 15:25:19,294 [INFO] PluginManage:359 - Loaded plugin pinoutandconfiguration (category:base,tabindex:1)
2024-05-12 15:25:19,294 [INFO] PluginManage:310 - Check plugin pinoutconfig
2024-05-12 15:25:19,350 [WARN] SupportedApi:132 - Cannot load RTOS API schema: s4s-elt-must-match.1: The content of 'definitions' must match (annotation?, (simpleType | complexType)?, (unique | key | keyref)*)). A problem was found starting at: attribute.
2024-05-12 15:25:19,439 [INFO] PluginManage:359 - Loaded plugin pinoutconfig (category:base,tabindex:0)
2024-05-12 15:25:19,440 [INFO] PluginManage:310 - Check plugin power
2024-05-12 15:25:19,446 [INFO] PluginManage:359 - Loaded plugin power (category:power,tabindex:4)
2024-05-12 15:25:19,447 [INFO] PluginManage:310 - Check plugin projectmanager
2024-05-12 15:25:19,457 [INFO] PluginManage:359 - Loaded plugin projectmanager (category:projectmanager,tabindex:3)
2024-05-12 15:25:19,457 [INFO] PluginManage:310 - Check plugin thirdparty
2024-05-12 15:25:19,526 [INFO] PluginManage:359 - Loaded plugin thirdparty (category:base,tabindex:-1)
2024-05-12 15:25:19,526 [WARN] IntegrityCheckThread:84 - waiting for thirdparty lock release [integrity check]
2024-05-12 15:25:19,526 [INFO] PluginManage:310 - Check plugin tools
2024-05-12 15:25:19,526 [INFO] IntegrityCheckThread:86 - entering critical section [integrity check]
2024-05-12 15:25:19,526 [INFO] ThirdPartyUpdaterWithRetryManager:70 - Updater plugin not ready yet. [1/15]
2024-05-12 15:25:19,528 [INFO] PluginManage:359 - Loaded plugin tools (category:base,tabindex:7)
2024-05-12 15:25:19,528 [INFO] PluginManage:310 - Check plugin tutovideos
2024-05-12 15:25:19,650 [INFO] PluginManage:359 - Loaded plugin tutovideos (category:base,tabindex:-1)
2024-05-12 15:25:19,650 [INFO] PluginManage:310 - Check plugin updater
2024-05-12 15:25:19,658 [INFO] PluginManage:359 - Loaded plugin updater (category:base,tabindex:12)
2024-05-12 15:25:19,658 [INFO] PluginManage:310 - Check plugin userauth
2024-05-12 15:25:19,662 [INFO] UserAuth:114 - Init User Auth plugin
2024-05-12 15:25:19,662 [INFO] PluginManage:359 - Loaded plugin userauth (category:base,tabindex:14)
2024-05-12 15:25:19,662 [INFO] PluginManage:283 - PluginManage : Loaded plugins [17]
2024-05-12 15:25:19,789 [INFO] PinOutPanel:1561 - setPackage(No Configuration,No Configuration)
2024-05-12 15:25:19,835 [INFO] CADModel:165 - CPN selected for project level
2024-05-12 15:25:19,835 [INFO] CADModel:114 - Register for checkConnection events
2024-05-12 15:25:19,846 [INFO] IPUIPlugin:80 - create IPUIPlugin
2024-05-12 15:25:19,847 [INFO] PluginManager:220 - loadIPPluginJar : add linkedlist
2024-05-12 15:25:19,849 [INFO] IPUIPlugin:80 - create IPUIPlugin
2024-05-12 15:25:19,849 [INFO] PluginManager:220 - loadIPPluginJar : add fatfs
2024-05-12 15:25:19,850 [INFO] IPUIPlugin:80 - create IPUIPlugin
2024-05-12 15:25:19,851 [INFO] PluginManager:220 - loadIPPluginJar : add tracer_emb
2024-05-12 15:25:19,856 [INFO] IPUIPlugin:80 - create IPUIPlugin
2024-05-12 15:25:19,857 [INFO] PluginManager:220 - loadIPPluginJar : add stm32_wpan
2024-05-12 15:25:19,858 [INFO] IPUIPlugin:80 - create IPUIPlugin
2024-05-12 15:25:19,858 [INFO] PluginManager:220 - loadIPPluginJar : add touchsensing
2024-05-12 15:25:19,860 [INFO] IPUIPlugin:80 - create IPUIPlugin
2024-05-12 15:25:19,860 [INFO] PluginManager:220 - loadIPPluginJar : add i2s
2024-05-12 15:25:19,861 [INFO] IPUIPlugin:80 - create IPUIPlugin
2024-05-12 15:25:19,861 [INFO] PluginManager:220 - loadIPPluginJar : add dfsdm
2024-05-12 15:25:19,863 [INFO] IPUIPlugin:80 - create IPUIPlugin
2024-05-12 15:25:19,864 [INFO] PluginManager:220 - loadIPPluginJar : add resmgrutility
2024-05-12 15:25:19,865 [INFO] IPUIPlugin:80 - create IPUIPlugin
2024-05-12 15:25:19,865 [INFO] PluginManager:220 - loadIPPluginJar : add pdm2pcm
2024-05-12 15:25:19,866 [INFO] IPUIPlugin:80 - create IPUIPlugin
2024-05-12 15:25:19,866 [INFO] PluginManager:220 - loadIPPluginJar : add tim
2024-05-12 15:25:19,867 [INFO] IPUIPlugin:80 - create IPUIPlugin
2024-05-12 15:25:19,867 [INFO] PluginManager:220 - loadIPPluginJar : add lorawan
2024-05-12 15:25:19,870 [INFO] IPUIPlugin:80 - create IPUIPlugin
2024-05-12 15:25:19,870 [INFO] PluginManager:220 - loadIPPluginJar : add fmc
2024-05-12 15:25:19,872 [INFO] IPUIPlugin:80 - create IPUIPlugin
2024-05-12 15:25:19,872 [INFO] PluginManager:220 - loadIPPluginJar : add can
2024-05-12 15:25:19,873 [INFO] IPUIPlugin:80 - create IPUIPlugin
2024-05-12 15:25:19,874 [INFO] PluginManager:220 - loadIPPluginJar : add usbx
2024-05-12 15:25:19,874 [INFO] IPUIPlugin:80 - create IPUIPlugin
2024-05-12 15:25:19,874 [INFO] PluginManager:220 - loadIPPluginJar : add ltdc
2024-05-12 15:25:19,875 [INFO] IPUIPlugin:80 - create IPUIPlugin
2024-05-12 15:25:19,875 [INFO] PluginManager:220 - loadIPPluginJar : add ts
2024-05-12 15:25:19,877 [INFO] IPUIPlugin:80 - create IPUIPlugin
2024-05-12 15:25:19,877 [INFO] PluginManager:220 - loadIPPluginJar : add openamp
2024-05-12 15:25:19,878 [INFO] IPUIPlugin:80 - create IPUIPlugin
2024-05-12 15:25:19,878 [INFO] PluginManager:220 - loadIPPluginJar : add tsc
2024-05-12 15:25:19,879 [INFO] IPUIPlugin:80 - create IPUIPlugin
2024-05-12 15:25:19,879 [INFO] PluginManager:220 - loadIPPluginJar : add i2c
2024-05-12 15:25:19,880 [INFO] IPUIPlugin:80 - create IPUIPlugin
2024-05-12 15:25:19,880 [INFO] PluginManager:220 - loadIPPluginJar : add genericplugin
2024-05-12 15:25:19,881 [INFO] IPUIPlugin:80 - create IPUIPlugin
2024-05-12 15:25:19,881 [INFO] PluginManager:220 - loadIPPluginJar : add spi
2024-05-12 15:25:19,884 [INFO] IPUIPlugin:80 - create IPUIPlugin
2024-05-12 15:25:19,884 [INFO] PluginManager:220 - loadIPPluginJar : add nvic
2024-05-12 15:25:19,885 [INFO] IPUIPlugin:80 - create IPUIPlugin
2024-05-12 15:25:19,886 [INFO] PluginManager:220 - loadIPPluginJar : add ucpd
2024-05-12 15:25:19,890 [INFO] IPUIPlugin:80 - create IPUIPlugin
2024-05-12 15:25:19,890 [INFO] PluginManager:220 - loadIPPluginJar : add gic
2024-05-12 15:25:19,891 [INFO] IPUIPlugin:80 - create IPUIPlugin
2024-05-12 15:25:19,892 [INFO] PluginManager:220 - loadIPPluginJar : add dma3
2024-05-12 15:25:19,897 [INFO] IPUIPlugin:80 - create IPUIPlugin
2024-05-12 15:25:19,897 [INFO] PluginManager:220 - loadIPPluginJar : add adc
2024-05-12 15:25:19,902 [INFO] IPUIPlugin:80 - create IPUIPlugin
2024-05-12 15:25:19,902 [INFO] PluginManager:220 - loadIPPluginJar : add mdma
2024-05-12 15:25:19,905 [INFO] IPUIPlugin:80 - create IPUIPlugin
2024-05-12 15:25:19,905 [INFO] PluginManager:220 - loadIPPluginJar : add gtzc
2024-05-12 15:25:19,905 [INFO] IPUIPlugin:80 - create IPUIPlugin
2024-05-12 15:25:19,906 [INFO] PluginManager:220 - loadIPPluginJar : add quadspi
2024-05-12 15:25:19,907 [INFO] IPUIPlugin:80 - create IPUIPlugin
2024-05-12 15:25:19,907 [INFO] PluginManager:220 - loadIPPluginJar : add extmemmanager
2024-05-12 15:25:19,909 [INFO] IPUIPlugin:80 - create IPUIPlugin
2024-05-12 15:25:19,909 [INFO] PluginManager:220 - loadIPPluginJar : add usart
2024-05-12 15:25:19,911 [INFO] IPUIPlugin:80 - create IPUIPlugin
2024-05-12 15:25:19,911 [INFO] PluginManager:220 - loadIPPluginJar : add opamp
2024-05-12 15:25:19,913 [INFO] IPUIPlugin:80 - create IPUIPlugin
2024-05-12 15:25:19,913 [INFO] PluginManager:220 - loadIPPluginJar : add i3c
2024-05-12 15:25:19,917 [INFO] IPUIPlugin:80 - create IPUIPlugin
2024-05-12 15:25:19,919 [INFO] PluginManager:220 - loadIPPluginJar : add plateformsettings
2024-05-12 15:25:19,921 [INFO] IPUIPlugin:80 - create IPUIPlugin
2024-05-12 15:25:19,921 [INFO] PluginManager:220 - loadIPPluginJar : add ipddr
2024-05-12 15:25:19,924 [INFO] IPUIPlugin:80 - create IPUIPlugin
2024-05-12 15:25:19,924 [INFO] PluginManager:220 - loadIPPluginJar : add sai
2024-05-12 15:25:19,925 [INFO] IPUIPlugin:80 - create IPUIPlugin
2024-05-12 15:25:19,925 [INFO] PluginManager:220 - loadIPPluginJar : add comp
2024-05-12 15:25:19,926 [INFO] IPUIPlugin:80 - create IPUIPlugin
2024-05-12 15:25:19,926 [INFO] PluginManager:220 - loadIPPluginJar : add hash
2024-05-12 15:25:19,930 [INFO] IPUIPlugin:80 - create IPUIPlugin
2024-05-12 15:25:19,931 [INFO] PluginManager:220 - loadIPPluginJar : add dma
2024-05-12 15:25:19,932 [INFO] IPUIPlugin:80 - create IPUIPlugin
2024-05-12 15:25:19,933 [INFO] PluginManager:220 - loadIPPluginJar : add aes
2024-05-12 15:25:19,937 [INFO] IPUIPlugin:80 - create IPUIPlugin
2024-05-12 15:25:19,937 [INFO] PluginManager:220 - loadIPPluginJar : add freertos
2024-05-12 15:25:19,940 [INFO] IPUIPlugin:80 - create IPUIPlugin
2024-05-12 15:25:19,941 [INFO] PluginManager:220 - loadIPPluginJar : add gpio
2024-05-12 15:25:19,942 [INFO] IPUIPlugin:80 - create IPUIPlugin
2024-05-12 15:25:19,942 [INFO] PluginManager:220 - loadIPPluginJar : add cryp
2024-05-12 15:25:19,943 [INFO] IPUIPlugin:80 - create IPUIPlugin
2024-05-12 15:25:19,943 [INFO] PluginManager:220 - loadIPPluginJar : add gfxmmu
2024-05-12 15:25:20,037 [INFO] CADModel:165 - CPN selected for project level
2024-05-12 15:25:20,038 [INFO] CADModel:114 - Register for checkConnection events
2024-05-12 15:25:20,038 [FATAL] Updater:308 - Updater called before beeing initialized
2024-05-12 15:25:20,038 [ERROR] CADModel:125 - Updater not yet initialized, retry later 
2024-05-12 15:25:20,122 [INFO] CADModel:165 - CPN selected for project level
2024-05-12 15:25:20,123 [INFO] CADModel:114 - Register for checkConnection events
2024-05-12 15:25:20,123 [FATAL] Updater:308 - Updater called before beeing initialized
2024-05-12 15:25:20,123 [ERROR] CADModel:125 - Updater not yet initialized, retry later 
2024-05-12 15:25:20,126 [FATAL] Updater:308 - Updater called before beeing initialized
2024-05-12 15:25:20,188 [FATAL] Updater:308 - Updater called before beeing initialized
2024-05-12 15:25:20,191 [INFO] DbMcusAds:53 - JSON generation date=Thu Sep 30 08:55:09 CEST 2021 (1632984909247)
2024-05-12 15:25:20,192 [FATAL] Updater:308 - Updater called before beeing initialized
2024-05-12 15:25:20,220 [WARN] DetailPanel:346 - Failed to get advertising image, set to default
2024-05-12 15:25:20,292 [FATAL] Updater:308 - Updater called before beeing initialized
2024-05-12 15:25:20,294 [FATAL] Updater:308 - Updater called before beeing initialized
2024-05-12 15:25:20,294 [FATAL] Updater:308 - Updater called before beeing initialized
2024-05-12 15:25:20,294 [WARN] DetailPanel:346 - Failed to get advertising image, set to default
2024-05-12 15:25:20,295 [FATAL] Updater:308 - Updater called before beeing initialized
2024-05-12 15:25:20,323 [ERROR] Updater:1120 - MainUpdater not yet initialized. External WinMGr cannot be set.
2024-05-12 15:25:20,324 [INFO] Updater:1056 - Updater Version found : 6.11.1
2024-05-12 15:25:20,340 [INFO] ApplicationProperties:184 - Using Application install path: /home/athul-muralidhar/st/stm32cubeide_1.15.1/plugins/com.st.stm32cube.common.mx_6.11.1.202404110753
2024-05-12 15:25:20,864 [INFO] MainUpdater:2873 - connection check result : 10
2024-05-12 15:25:20,865 [INFO] MainUpdater:290 - Updater Check For Update Now.
2024-05-12 15:25:20,866 [INFO] MicroXplorer:498 - Change Database Version : DB.6.0.111
2024-05-12 15:25:20,872 [INFO] McuFinderGlobals:63 - Set McuFinder mode to 2 (CubeIDE integrated)
2024-05-12 15:25:20,872 [INFO] UserAuth:179 - activating auth plugin
2024-05-12 15:25:20,884 [INFO] UserAuth:415 - Internet connection configuration mode: 1
2024-05-12 15:25:20,903 [INFO] JxBrowserEngine:152 - Initiate JxBrowser Engine with user profile folder
2024-05-12 15:25:21,029 [INFO] CheckServerUpdateThread:120 - End of CheckServer Thread
2024-05-12 15:25:21,934 [INFO] WebApp:161 - Instantiating new browser for Auth
2024-05-12 15:25:22,673 [WARN] PackLoader:240 - Cannot read IP mode file for STMicroelectronics.FP-SNS-MOTENVWB1.1.4.0
2024-05-12 15:25:22,683 [WARN] PackLoader:240 - Cannot read IP mode file for STMicroelectronics.X-CUBE-SMBUS.2.1.0
2024-05-12 15:25:22,689 [WARN] PackLoader:240 - Cannot read IP mode file for STMicroelectronics.X-CUBE-TOUCHGFX.4.23.2
2024-05-12 15:25:22,702 [INFO] WebApp:779 - Register for checkConnection events
2024-05-12 15:25:22,703 [INFO] WebApp:414 - Apply proxy settings
2024-05-12 15:25:22,703 [INFO] WebApp:499 - Chromium requires no authentication
2024-05-12 15:25:22,713 [INFO] WebApp:442 - Direct internet connection detected
2024-05-12 15:25:22,722 [WARN] PackLoader:240 - Cannot read IP mode file for STMicroelectronics.X-CUBE-AZRTOS-F7.1.1.0
2024-05-12 15:25:22,733 [WARN] PackLoader:240 - Cannot read IP mode file for STMicroelectronics.FP-SNS-FLIGHT1.5.0.2
2024-05-12 15:25:22,746 [WARN] PackLoader:240 - Cannot read IP mode file for STMicroelectronics.X-CUBE-DISPLAY.3.0.0
2024-05-12 15:25:22,763 [WARN] PackLoader:240 - Cannot read IP mode file for STMicroelectronics.X-CUBE-BLE1.7.0.0
2024-05-12 15:25:22,772 [WARN] PackLoader:240 - Cannot read IP mode file for emotas.I-CUBE-CANOPEN.1.3.0
2024-05-12 15:25:22,792 [WARN] PackLoader:240 - Cannot read IP mode file for STMicroelectronics.X-CUBE-BLEMGR.3.1.0
2024-05-12 15:25:22,814 [WARN] PackLoader:240 - Cannot read IP mode file for STMicroelectronics.FP-SNS-SMARTAG2.1.2.0
2024-05-12 15:25:22,830 [INFO] LogOutputStream:77 - [STDOUT_REDIRECT] 1 : Invalid condition id : UX_CORESTACK_Condition cause : null
2024-05-12 15:25:22,830 [INFO] LogOutputStream:77 - [STDOUT_REDIRECT] 1 : Invalid condition id : UX_CORESTACK_Condition cause : null
2024-05-12 15:25:22,831 [INFO] LogOutputStream:77 - [STDOUT_REDIRECT] 1 : Invalid condition id : UX_CORESTACK_Condition cause : null
2024-05-12 15:25:22,831 [INFO] LogOutputStream:77 - [STDOUT_REDIRECT] 1 : Invalid condition id : UX_CORESTACK_Condition cause : null
2024-05-12 15:25:22,831 [INFO] LogOutputStream:77 - [STDOUT_REDIRECT] 1 : Invalid condition id : UX_CORESTACK_Condition cause : null
2024-05-12 15:25:22,837 [WARN] PackLoader:240 - Cannot read IP mode file for STMicroelectronics.X-CUBE-AZRTOS-WL.2.0.0
2024-05-12 15:25:22,845 [WARN] PackLoader:240 - Cannot read IP mode file for STMicroelectronics.FP-SNS-MOTENV1.5.0.0
2024-05-12 15:25:22,870 [WARN] PackLoader:240 - Cannot read IP mode file for WES.I-CUBE-Cesium.1.3.0
2024-05-12 15:25:22,878 [WARN] PackLoader:240 - Cannot read IP mode file for STMicroelectronics.X-CUBE-BLE2.3.3.0
2024-05-12 15:25:22,886 [WARN] PackLoader:240 - Cannot read IP mode file for STMicroelectronics.X-CUBE-TCPP.4.1.0
2024-05-12 15:25:22,921 [WARN] PackLoader:240 - Cannot read IP mode file for STMicroelectronics.X-CUBE-AZRTOS-G0.1.1.0
2024-05-12 15:25:22,933 [WARN] PackLoader:240 - Cannot read IP mode file for STMicroelectronics.X-CUBE-SAFEA1.1.2.2
2024-05-12 15:25:22,941 [WARN] PackLoader:240 - Cannot read IP mode file for STMicroelectronics.X-CUBE-NFC4.3.0.0
2024-05-12 15:25:22,947 [WARN] PackLoader:240 - Cannot read IP mode file for wolfSSL.I-CUBE-wolfSSL.5.7.0
2024-05-12 15:25:22,950 [WARN] PackLoader:240 - Cannot read IP mode file for STMicroelectronics.FP-ATR-SIGFOX1.3.2.0
2024-05-12 15:25:22,959 [WARN] PackLoader:240 - Cannot read IP mode file for STMicroelectronics.X-CUBE-EEPRMA1.5.1.0
2024-05-12 15:25:22,968 [INFO] WebApp:192 - Starting web application
2024-05-12 15:25:22,968 [INFO] WebApp:544 - Web application path used /home/athul-muralidhar/st/stm32cubeide_1.15.1/plugins/com.st.stm32cube.common.mx_6.11.1.202404110753/db/plugins/mcufinder/reactClient1/index.html
2024-05-12 15:25:22,970 [WARN] PackLoader:240 - Cannot read IP mode file for ITTIA_DB.I-CUBE-ITTIADB.8.9.0
2024-05-12 15:25:23,019 [WARN] PackLoader:240 - Cannot read IP mode file for SEGGER.I-CUBE-embOS.1.3.1
2024-05-12 15:25:23,112 [WARN] PackLoader:240 - Cannot read IP mode file for STMicroelectronics.X-CUBE-ALGOBUILD.1.4.0
2024-05-12 15:25:23,119 [WARN] PackLoader:240 - Cannot read IP mode file for STMicroelectronics.X-CUBE-GNSS1.6.0.0
2024-05-12 15:25:23,144 [WARN] PackLoader:240 - Cannot read IP mode file for STMicroelectronics.X-CUBE-AZRTOS-F4.1.1.0
2024-05-12 15:25:23,154 [WARN] PackLoader:240 - Cannot read IP mode file for STMicroelectronics.X-CUBE-FREERTOS.1.2.0
2024-05-12 15:25:23,176 [WARN] PackLoader:240 - Cannot read IP mode file for STMicroelectronics.X-CUBE-AZRTOS-L5.2.0.0
2024-05-12 15:25:23,190 [WARN] PackLoader:240 - Cannot read IP mode file for STMicroelectronics.X-CUBE-NFC6.3.1.0
2024-05-12 15:25:23,198 [WARN] PackLoader:240 - Cannot read IP mode file for STMicroelectronics.X-CUBE-AI.9.0.0
2024-05-12 15:25:23,203 [WARN] PackLoader:240 - Cannot read IP mode file for STMicroelectronics.X-CUBE-NFC7.1.0.1
2024-05-12 15:25:23,228 [WARN] ConditionMgr:438 - getConditionDescription Invalid condition id : LAN8742 Phy interface Condition cause : null
2024-05-12 15:25:23,229 [WARN] PackLoader:240 - Cannot read IP mode file for STMicroelectronics.X-CUBE-AZRTOS-L4.2.0.0
2024-05-12 15:25:23,232 [WARN] ConditionMgr:1039 - genDependencies : Invalid condition id : LAN8742 Phy interface Condition cause : null
2024-05-12 15:25:23,232 [WARN] ConditionMgr:1039 - genDependencies : Invalid condition id : LAN8742 Phy interface Condition cause : null
2024-05-12 15:25:23,233 [WARN] ConditionMgr:1039 - genDependencies : Invalid condition id : LAN8742 Phy interface Condition cause : null
2024-05-12 15:25:23,243 [WARN] PackLoader:240 - Cannot read IP mode file for STMicroelectronics.X-CUBE-SFXS2LP1.4.0.0
2024-05-12 15:25:23,261 [WARN] ConditionMgr:438 - getConditionDescription Invalid condition id : UX DEVICE CLASS RTOS Condition cause : null
2024-05-12 15:25:23,261 [WARN] ConditionMgr:438 - getConditionDescription Invalid condition id : UX DEVICE CLASS RTOS Condition cause : null
2024-05-12 15:25:23,264 [WARN] PackLoader:240 - Cannot read IP mode file for STMicroelectronics.X-CUBE-AZRTOS-WB.2.0.0
2024-05-12 15:25:23,265 [WARN] ConditionMgr:1039 - genDependencies : Invalid condition id : UX DEVICE CLASS RTOS Condition cause : null
2024-05-12 15:25:23,266 [WARN] ConditionMgr:1039 - genDependencies : Invalid condition id : UX DEVICE CLASS RTOS Condition cause : null
2024-05-12 15:25:23,267 [WARN] ConditionMgr:1039 - genDependencies : Invalid condition id : UX DEVICE CLASS RTOS Condition cause : null
2024-05-12 15:25:23,267 [WARN] ConditionMgr:1039 - genDependencies : Invalid condition id : UX DEVICE CLASS RTOS Condition cause : null
2024-05-12 15:25:23,267 [WARN] ConditionMgr:1039 - genDependencies : Invalid condition id : UX DEVICE CLASS RTOS Condition cause : null
2024-05-12 15:25:23,281 [WARN] PackLoader:240 - Cannot read IP mode file for STMicroelectronics.X-CUBE-SUBG2.5.0.0
2024-05-12 15:25:23,308 [WARN] PackLoader:240 - Cannot read IP mode file for STMicroelectronics.X-CUBE-AZRTOS-G4.2.0.0
2024-05-12 15:25:23,316 [WARN] PackLoader:240 - Cannot read IP mode file for STMicroelectronics.X-CUBE-ISPU.2.0.0
2024-05-12 15:25:23,381 [WARN] PackLoader:240 - Cannot read IP mode file for STMicroelectronics.X-CUBE-MEMS1.10.0.0
2024-05-12 15:25:23,610 [WARN] PackLoader:240 - Cannot read IP mode file for portGmbH.I-Cube-SoM-uGOAL.1.1.0
2024-05-12 15:25:23,615 [WARN] PackLoader:240 - Cannot read IP mode file for STMicroelectronics.X-CUBE-ALS.1.0.1
2024-05-12 15:25:23,640 [WARN] PackLoader:240 - Cannot read IP mode file for STMicroelectronics.X-CUBE-AZRTOS-H7RS.1.0.0
2024-05-12 15:25:23,648 [WARN] PackLoader:240 - Cannot read IP mode file for STMicroelectronics.FP-ATR-ASTRA1.2.0.0
2024-05-12 15:25:23,662 [WARN] PackLoader:240 - Cannot read IP mode file for STMicroelectronics.X-CUBE-TOF1.3.4.1
2024-05-12 15:25:23,706 [WARN] PackLoader:240 - Cannot read IP mode file for STMicroelectronics.X-CUBE-AZRTOS-H7.3.2.0
2024-05-12 15:25:23,719 [WARN] PackLoader:240 - Cannot read IP mode file for Infineon.AIROC-Wi-Fi-Bluetooth-STM32.1.6.0
2024-05-12 15:25:23,723 [INFO] ThirdParty:978 - Integrity check success = true
2024-05-12 15:25:23,723 [INFO] IntegrityCheckThread:100 - exiting critical section [integrity check]
2024-05-12 15:25:23,723 [INFO] IntegrityCheckThread:103 - End integrity checks thread
2024-05-12 15:26:25,305 [ERROR] LogOutputStream:75 - [STDERR_REDIRECT] 
