2024-05-11 17:48:16,910 [INFO] Activator:176 - 


2024-05-11 17:48:16,912 [INFO] Activator:177 - !SESSION log4j initialized
2024-05-11 17:48:18,301 [INFO] LogOutputStream:77 - [STDOUT_REDIRECT] 
2024-05-11 17:48:19,856 [INFO] ApplicationProperties:184 - Using Application install path: /home/athul-muralidhar/st/stm32cubeide_1.15.1/plugins/com.st.stm32cube.common.mx_6.11.1.202404110753
2024-05-11 17:48:19,867 [INFO] DbMcusXml:78 - Set database path to: /home/athul-muralidhar/st/stm32cubeide_1.15.1/plugins/com.st.stm32cube.common.mx_6.11.1.202404110753//db//mcu/
2024-05-11 17:48:19,867 [INFO] ApiDb:274 - Set plugin database path to: /home/athul-muralidhar/st/stm32cubeide_1.15.1/plugins/com.st.stm32cube.common.mx_6.11.1.202404110753//db//plugins/boardmanager/
2024-05-11 17:48:19,868 [WARN] ApiDb:259 - Overriding images path with different value:  => /home/athul-muralidhar/st/stm32cubeide_1.15.1/plugins/com.st.stm32cube.common.mx_6.11.1.202404110753//db//plugins/mcufinder/images/
2024-05-11 17:48:19,870 [INFO] ApiDb:250 - Set database path to: /home/athul-muralidhar/.stmcufinder/plugins/mcufinder//mcu/
2024-05-11 17:48:19,871 [INFO] DbMcusAds:125 - Set database path to: /home/athul-muralidhar/.stmcufinder/plugins/mcufinder//mcu/
2024-05-11 17:48:19,872 [INFO] CrossReferenceDbSqlite:203 - Set database path to: /home/athul-muralidhar/.stmcufinder/plugins/mcufinder//mcu/cs/
2024-05-11 17:48:19,947 [INFO] RulesReader:64 - Compatibility file has been processed (297 Rules)
2024-05-11 17:48:19,999 [INFO] DbMcusXml:78 - Set database path to: /home/athul-muralidhar/st/stm32cubeide_1.15.1/plugins/com.st.stm32cube.common.mx_6.11.1.202404110753//db//mcu/
2024-05-11 17:48:20,000 [INFO] ApiDb:274 - Set plugin database path to: /home/athul-muralidhar/st/stm32cubeide_1.15.1/plugins/com.st.stm32cube.common.mx_6.11.1.202404110753//db//plugins/boardmanager/
2024-05-11 17:48:20,000 [INFO] ApiDb:261 - Set plugin images path to: /home/athul-muralidhar/st/stm32cubeide_1.15.1/plugins/com.st.stm32cube.common.mx_6.11.1.202404110753//db//plugins/mcufinder/images/
2024-05-11 17:48:20,000 [WARN] DbFile:41 - Overriding database path with different value: /home/athul-muralidhar/.stmcufinder/plugins/mcufinder/ => /home/athul-muralidhar/.stmcufinder/plugins/mcufinder
2024-05-11 17:48:20,000 [INFO] ApiDb:250 - Set database path to: /home/athul-muralidhar/.stmcufinder/plugins/mcufinder//mcu/
2024-05-11 17:48:20,000 [WARN] DbFile:41 - Overriding database path with different value: /home/athul-muralidhar/.stmcufinder/plugins/mcufinder/ => /home/athul-muralidhar/.stmcufinder/plugins/mcufinder
2024-05-11 17:48:20,000 [INFO] DbMcusAds:125 - Set database path to: /home/athul-muralidhar/.stmcufinder/plugins/mcufinder//mcu/
2024-05-11 17:48:20,000 [WARN] DbFile:41 - Overriding database path with different value: /home/athul-muralidhar/.stmcufinder/plugins/mcufinder/ => /home/athul-muralidhar/.stmcufinder/plugins/mcufinder
2024-05-11 17:48:20,000 [WARN] DbFile:41 - Overriding database path with different value: /home/athul-muralidhar/.stmcufinder/plugins/mcufinder/ => /home/athul-muralidhar/.stmcufinder/plugins/mcufinder
2024-05-11 17:48:20,001 [INFO] CrossReferenceDbSqlite:203 - Set database path to: /home/athul-muralidhar/.stmcufinder/plugins/mcufinder//mcu/cs/
2024-05-11 17:48:20,058 [INFO] MainPanel:264 - HeapMemory: 268435456
2024-05-11 17:48:20,122 [INFO] DbMcusXml:78 - Set database path to: /home/athul-muralidhar/st/stm32cubeide_1.15.1/plugins/com.st.stm32cube.common.mx_6.11.1.202404110753//db//mcu/
2024-05-11 17:48:20,122 [INFO] ApiDb:274 - Set plugin database path to: /home/athul-muralidhar/st/stm32cubeide_1.15.1/plugins/com.st.stm32cube.common.mx_6.11.1.202404110753//db//plugins/boardmanager/
2024-05-11 17:48:20,122 [INFO] ApiDb:261 - Set plugin images path to: /home/athul-muralidhar/st/stm32cubeide_1.15.1/plugins/com.st.stm32cube.common.mx_6.11.1.202404110753//db//plugins/mcufinder/images/
2024-05-11 17:48:20,123 [WARN] DbFile:41 - Overriding database path with different value: /home/athul-muralidhar/.stmcufinder/plugins/mcufinder/ => /home/athul-muralidhar/.stmcufinder/plugins/mcufinder
2024-05-11 17:48:20,123 [INFO] ApiDb:250 - Set database path to: /home/athul-muralidhar/.stmcufinder/plugins/mcufinder//mcu/
2024-05-11 17:48:20,123 [WARN] DbFile:41 - Overriding database path with different value: /home/athul-muralidhar/.stmcufinder/plugins/mcufinder/ => /home/athul-muralidhar/.stmcufinder/plugins/mcufinder
2024-05-11 17:48:20,123 [INFO] DbMcusAds:125 - Set database path to: /home/athul-muralidhar/.stmcufinder/plugins/mcufinder//mcu/
2024-05-11 17:48:20,123 [WARN] DbFile:41 - Overriding database path with different value: /home/athul-muralidhar/.stmcufinder/plugins/mcufinder/ => /home/athul-muralidhar/.stmcufinder/plugins/mcufinder
2024-05-11 17:48:20,123 [WARN] DbFile:41 - Overriding database path with different value: /home/athul-muralidhar/.stmcufinder/plugins/mcufinder/ => /home/athul-muralidhar/.stmcufinder/plugins/mcufinder
2024-05-11 17:48:20,123 [INFO] CrossReferenceDbSqlite:203 - Set database path to: /home/athul-muralidhar/.stmcufinder/plugins/mcufinder//mcu/cs/
2024-05-11 17:48:20,136 [INFO] ApplicationProperties:184 - Using Application install path: /home/athul-muralidhar/st/stm32cubeide_1.15.1/plugins/com.st.stm32cube.common.mx_6.11.1.202404110753
2024-05-11 17:48:20,138 [INFO] PluginManage:196 - Search for loadable plugins [exclusion list=, ]
2024-05-11 17:48:20,139 [INFO] PluginManage:310 - Check plugin analytics
2024-05-11 17:48:20,251 [INFO] AnalyticsPlugin:253 - Accepted Software Licenses: 
2024-05-11 17:48:20,251 [INFO] AnalyticsPlugin:255 - Accepted CMSIS Pack Licenses: 
2024-05-11 17:48:20,251 [INFO] AnalyticsPlugin:257 - Accepted Firmware Licenses: 
2024-05-11 17:48:20,253 [INFO] PluginManage:359 - Loaded plugin analytics (category:tool,tabindex:-1)
2024-05-11 17:48:20,253 [INFO] PluginManage:310 - Check plugin cadmodel
2024-05-11 17:48:20,273 [INFO] CADModel:105 - Init CAD model plugin
2024-05-11 17:48:20,273 [INFO] PluginManage:359 - Loaded plugin cadmodel (category:power,tabindex:5)
2024-05-11 17:48:20,274 [INFO] PluginManage:310 - Check plugin clock
2024-05-11 17:48:20,280 [INFO] PluginManage:359 - Loaded plugin clock (category:base,tabindex:2)
2024-05-11 17:48:20,280 [INFO] PluginManage:310 - Check plugin ddr
2024-05-11 17:48:20,282 [INFO] PluginManage:359 - Loaded plugin ddr (category:tool,tabindex:6)
2024-05-11 17:48:20,282 [INFO] PluginManage:310 - Check plugin filemanager
2024-05-11 17:48:20,384 [INFO] PluginManage:359 - Loaded plugin filemanager (category:base,tabindex:10)
2024-05-11 17:48:20,385 [INFO] PluginManage:310 - Check plugin ipmanager
2024-05-11 17:48:20,389 [INFO] PluginManage:359 - Loaded plugin ipmanager (category:base,tabindex:5)
2024-05-11 17:48:20,389 [INFO] PluginManage:310 - Check plugin lpbam
2024-05-11 17:48:20,395 [INFO] PluginManage:359 - Loaded plugin lpbam (category:base,tabindex:0)
2024-05-11 17:48:20,395 [INFO] PluginManage:310 - Check plugin memorymap
2024-05-11 17:48:20,402 [INFO] PluginManage:359 - Loaded plugin memorymap (category:base,tabindex:4)
2024-05-11 17:48:20,402 [INFO] PluginManage:310 - Check plugin pinoutandconfiguration
2024-05-11 17:48:20,407 [INFO] PluginManage:359 - Loaded plugin pinoutandconfiguration (category:base,tabindex:1)
2024-05-11 17:48:20,407 [INFO] PluginManage:310 - Check plugin pinoutconfig
2024-05-11 17:48:20,472 [WARN] SupportedApi:132 - Cannot load RTOS API schema: s4s-elt-must-match.1: The content of 'definitions' must match (annotation?, (simpleType | complexType)?, (unique | key | keyref)*)). A problem was found starting at: attribute.
2024-05-11 17:48:20,571 [INFO] PluginManage:359 - Loaded plugin pinoutconfig (category:base,tabindex:0)
2024-05-11 17:48:20,571 [INFO] PluginManage:310 - Check plugin power
2024-05-11 17:48:20,577 [INFO] PluginManage:359 - Loaded plugin power (category:power,tabindex:4)
2024-05-11 17:48:20,577 [INFO] PluginManage:310 - Check plugin projectmanager
2024-05-11 17:48:20,590 [INFO] PluginManage:359 - Loaded plugin projectmanager (category:projectmanager,tabindex:3)
2024-05-11 17:48:20,590 [INFO] PluginManage:310 - Check plugin thirdparty
2024-05-11 17:48:20,708 [INFO] PluginManage:359 - Loaded plugin thirdparty (category:base,tabindex:-1)
2024-05-11 17:48:20,708 [WARN] IntegrityCheckThread:84 - waiting for thirdparty lock release [integrity check]
2024-05-11 17:48:20,709 [INFO] PluginManage:310 - Check plugin tools
2024-05-11 17:48:20,709 [INFO] IntegrityCheckThread:86 - entering critical section [integrity check]
2024-05-11 17:48:20,709 [INFO] ThirdPartyUpdaterWithRetryManager:70 - Updater plugin not ready yet. [1/15]
2024-05-11 17:48:20,712 [INFO] PluginManage:359 - Loaded plugin tools (category:base,tabindex:7)
2024-05-11 17:48:20,712 [INFO] PluginManage:310 - Check plugin tutovideos
2024-05-11 17:48:20,840 [INFO] PluginManage:359 - Loaded plugin tutovideos (category:base,tabindex:-1)
2024-05-11 17:48:20,840 [INFO] PluginManage:310 - Check plugin updater
2024-05-11 17:48:20,850 [INFO] PluginManage:359 - Loaded plugin updater (category:base,tabindex:12)
2024-05-11 17:48:20,850 [INFO] PluginManage:310 - Check plugin userauth
2024-05-11 17:48:20,854 [INFO] UserAuth:114 - Init User Auth plugin
2024-05-11 17:48:20,855 [INFO] PluginManage:359 - Loaded plugin userauth (category:base,tabindex:14)
2024-05-11 17:48:20,855 [INFO] PluginManage:283 - PluginManage : Loaded plugins [17]
2024-05-11 17:48:21,030 [INFO] PinOutPanel:1561 - setPackage(No Configuration,No Configuration)
2024-05-11 17:48:21,091 [INFO] CADModel:165 - CPN selected for project level
2024-05-11 17:48:21,091 [INFO] CADModel:114 - Register for checkConnection events
2024-05-11 17:48:21,104 [INFO] IPUIPlugin:80 - create IPUIPlugin
2024-05-11 17:48:21,104 [INFO] PluginManager:220 - loadIPPluginJar : add linkedlist
2024-05-11 17:48:21,107 [INFO] IPUIPlugin:80 - create IPUIPlugin
2024-05-11 17:48:21,107 [INFO] PluginManager:220 - loadIPPluginJar : add fatfs
2024-05-11 17:48:21,109 [INFO] IPUIPlugin:80 - create IPUIPlugin
2024-05-11 17:48:21,109 [INFO] PluginManager:220 - loadIPPluginJar : add tracer_emb
2024-05-11 17:48:21,119 [INFO] IPUIPlugin:80 - create IPUIPlugin
2024-05-11 17:48:21,119 [INFO] PluginManager:220 - loadIPPluginJar : add stm32_wpan
2024-05-11 17:48:21,122 [INFO] IPUIPlugin:80 - create IPUIPlugin
2024-05-11 17:48:21,122 [INFO] PluginManager:220 - loadIPPluginJar : add touchsensing
2024-05-11 17:48:21,124 [INFO] IPUIPlugin:80 - create IPUIPlugin
2024-05-11 17:48:21,124 [INFO] PluginManager:220 - loadIPPluginJar : add i2s
2024-05-11 17:48:21,126 [INFO] IPUIPlugin:80 - create IPUIPlugin
2024-05-11 17:48:21,127 [INFO] PluginManager:220 - loadIPPluginJar : add dfsdm
2024-05-11 17:48:21,129 [INFO] IPUIPlugin:80 - create IPUIPlugin
2024-05-11 17:48:21,129 [INFO] PluginManager:220 - loadIPPluginJar : add resmgrutility
2024-05-11 17:48:21,131 [INFO] IPUIPlugin:80 - create IPUIPlugin
2024-05-11 17:48:21,131 [INFO] PluginManager:220 - loadIPPluginJar : add pdm2pcm
2024-05-11 17:48:21,132 [INFO] IPUIPlugin:80 - create IPUIPlugin
2024-05-11 17:48:21,132 [INFO] PluginManager:220 - loadIPPluginJar : add tim
2024-05-11 17:48:21,134 [INFO] IPUIPlugin:80 - create IPUIPlugin
2024-05-11 17:48:21,134 [INFO] PluginManager:220 - loadIPPluginJar : add lorawan
2024-05-11 17:48:21,138 [INFO] IPUIPlugin:80 - create IPUIPlugin
2024-05-11 17:48:21,139 [INFO] PluginManager:220 - loadIPPluginJar : add fmc
2024-05-11 17:48:21,141 [INFO] IPUIPlugin:80 - create IPUIPlugin
2024-05-11 17:48:21,141 [INFO] PluginManager:220 - loadIPPluginJar : add can
2024-05-11 17:48:21,144 [INFO] IPUIPlugin:80 - create IPUIPlugin
2024-05-11 17:48:21,144 [INFO] PluginManager:220 - loadIPPluginJar : add usbx
2024-05-11 17:48:21,145 [INFO] IPUIPlugin:80 - create IPUIPlugin
2024-05-11 17:48:21,145 [INFO] PluginManager:220 - loadIPPluginJar : add ltdc
2024-05-11 17:48:21,147 [INFO] IPUIPlugin:80 - create IPUIPlugin
2024-05-11 17:48:21,147 [INFO] PluginManager:220 - loadIPPluginJar : add ts
2024-05-11 17:48:21,150 [INFO] IPUIPlugin:80 - create IPUIPlugin
2024-05-11 17:48:21,150 [INFO] PluginManager:220 - loadIPPluginJar : add openamp
2024-05-11 17:48:21,152 [INFO] IPUIPlugin:80 - create IPUIPlugin
2024-05-11 17:48:21,152 [INFO] PluginManager:220 - loadIPPluginJar : add tsc
2024-05-11 17:48:21,154 [INFO] IPUIPlugin:80 - create IPUIPlugin
2024-05-11 17:48:21,155 [INFO] PluginManager:220 - loadIPPluginJar : add i2c
2024-05-11 17:48:21,156 [INFO] IPUIPlugin:80 - create IPUIPlugin
2024-05-11 17:48:21,156 [INFO] PluginManager:220 - loadIPPluginJar : add genericplugin
2024-05-11 17:48:21,158 [INFO] IPUIPlugin:80 - create IPUIPlugin
2024-05-11 17:48:21,158 [INFO] PluginManager:220 - loadIPPluginJar : add spi
2024-05-11 17:48:21,161 [INFO] IPUIPlugin:80 - create IPUIPlugin
2024-05-11 17:48:21,162 [INFO] PluginManager:220 - loadIPPluginJar : add nvic
2024-05-11 17:48:21,164 [INFO] IPUIPlugin:80 - create IPUIPlugin
2024-05-11 17:48:21,164 [INFO] PluginManager:220 - loadIPPluginJar : add ucpd
2024-05-11 17:48:21,169 [INFO] IPUIPlugin:80 - create IPUIPlugin
2024-05-11 17:48:21,169 [INFO] PluginManager:220 - loadIPPluginJar : add gic
2024-05-11 17:48:21,171 [INFO] IPUIPlugin:80 - create IPUIPlugin
2024-05-11 17:48:21,171 [INFO] PluginManager:220 - loadIPPluginJar : add dma3
2024-05-11 17:48:21,178 [INFO] IPUIPlugin:80 - create IPUIPlugin
2024-05-11 17:48:21,178 [INFO] PluginManager:220 - loadIPPluginJar : add adc
2024-05-11 17:48:21,184 [INFO] IPUIPlugin:80 - create IPUIPlugin
2024-05-11 17:48:21,185 [INFO] PluginManager:220 - loadIPPluginJar : add mdma
2024-05-11 17:48:21,188 [INFO] IPUIPlugin:80 - create IPUIPlugin
2024-05-11 17:48:21,188 [INFO] PluginManager:220 - loadIPPluginJar : add gtzc
2024-05-11 17:48:21,189 [INFO] IPUIPlugin:80 - create IPUIPlugin
2024-05-11 17:48:21,189 [INFO] PluginManager:220 - loadIPPluginJar : add quadspi
2024-05-11 17:48:21,192 [INFO] IPUIPlugin:80 - create IPUIPlugin
2024-05-11 17:48:21,192 [INFO] PluginManager:220 - loadIPPluginJar : add extmemmanager
2024-05-11 17:48:21,195 [INFO] IPUIPlugin:80 - create IPUIPlugin
2024-05-11 17:48:21,195 [INFO] PluginManager:220 - loadIPPluginJar : add usart
2024-05-11 17:48:21,197 [INFO] IPUIPlugin:80 - create IPUIPlugin
2024-05-11 17:48:21,197 [INFO] PluginManager:220 - loadIPPluginJar : add opamp
2024-05-11 17:48:21,199 [INFO] IPUIPlugin:80 - create IPUIPlugin
2024-05-11 17:48:21,200 [INFO] PluginManager:220 - loadIPPluginJar : add i3c
2024-05-11 17:48:21,205 [INFO] IPUIPlugin:80 - create IPUIPlugin
2024-05-11 17:48:21,207 [INFO] PluginManager:220 - loadIPPluginJar : add plateformsettings
2024-05-11 17:48:21,211 [INFO] IPUIPlugin:80 - create IPUIPlugin
2024-05-11 17:48:21,211 [INFO] PluginManager:220 - loadIPPluginJar : add ipddr
2024-05-11 17:48:21,214 [INFO] IPUIPlugin:80 - create IPUIPlugin
2024-05-11 17:48:21,214 [INFO] PluginManager:220 - loadIPPluginJar : add sai
2024-05-11 17:48:21,216 [INFO] IPUIPlugin:80 - create IPUIPlugin
2024-05-11 17:48:21,216 [INFO] PluginManager:220 - loadIPPluginJar : add comp
2024-05-11 17:48:21,218 [INFO] IPUIPlugin:80 - create IPUIPlugin
2024-05-11 17:48:21,218 [INFO] PluginManager:220 - loadIPPluginJar : add hash
2024-05-11 17:48:21,224 [INFO] IPUIPlugin:80 - create IPUIPlugin
2024-05-11 17:48:21,224 [INFO] PluginManager:220 - loadIPPluginJar : add dma
2024-05-11 17:48:21,227 [INFO] IPUIPlugin:80 - create IPUIPlugin
2024-05-11 17:48:21,227 [INFO] PluginManager:220 - loadIPPluginJar : add aes
2024-05-11 17:48:21,231 [INFO] IPUIPlugin:80 - create IPUIPlugin
2024-05-11 17:48:21,232 [INFO] PluginManager:220 - loadIPPluginJar : add freertos
2024-05-11 17:48:21,235 [INFO] IPUIPlugin:80 - create IPUIPlugin
2024-05-11 17:48:21,236 [INFO] PluginManager:220 - loadIPPluginJar : add gpio
2024-05-11 17:48:21,238 [INFO] IPUIPlugin:80 - create IPUIPlugin
2024-05-11 17:48:21,238 [INFO] PluginManager:220 - loadIPPluginJar : add cryp
2024-05-11 17:48:21,239 [INFO] IPUIPlugin:80 - create IPUIPlugin
2024-05-11 17:48:21,239 [INFO] PluginManager:220 - loadIPPluginJar : add gfxmmu
2024-05-11 17:48:21,341 [INFO] CADModel:165 - CPN selected for project level
2024-05-11 17:48:21,341 [INFO] CADModel:114 - Register for checkConnection events
2024-05-11 17:48:21,342 [FATAL] Updater:308 - Updater called before beeing initialized
2024-05-11 17:48:21,342 [ERROR] CADModel:125 - Updater not yet initialized, retry later 
2024-05-11 17:48:21,454 [INFO] CADModel:165 - CPN selected for project level
2024-05-11 17:48:21,454 [INFO] CADModel:114 - Register for checkConnection events
2024-05-11 17:48:21,455 [FATAL] Updater:308 - Updater called before beeing initialized
2024-05-11 17:48:21,455 [ERROR] CADModel:125 - Updater not yet initialized, retry later 
2024-05-11 17:48:21,458 [FATAL] Updater:308 - Updater called before beeing initialized
2024-05-11 17:48:21,534 [FATAL] Updater:308 - Updater called before beeing initialized
2024-05-11 17:48:21,539 [INFO] DbMcusAds:53 - JSON generation date=Thu Sep 30 08:55:09 CEST 2021 (1632984909247)
2024-05-11 17:48:21,539 [FATAL] Updater:308 - Updater called before beeing initialized
2024-05-11 17:48:21,574 [WARN] DetailPanel:346 - Failed to get advertising image, set to default
2024-05-11 17:48:21,661 [FATAL] Updater:308 - Updater called before beeing initialized
2024-05-11 17:48:21,662 [FATAL] Updater:308 - Updater called before beeing initialized
2024-05-11 17:48:21,662 [FATAL] Updater:308 - Updater called before beeing initialized
2024-05-11 17:48:21,663 [WARN] DetailPanel:346 - Failed to get advertising image, set to default
2024-05-11 17:48:21,663 [FATAL] Updater:308 - Updater called before beeing initialized
2024-05-11 17:48:21,689 [ERROR] Updater:1120 - MainUpdater not yet initialized. External WinMGr cannot be set.
2024-05-11 17:48:21,690 [INFO] Updater:1056 - Updater Version found : 6.11.1
2024-05-11 17:48:21,707 [INFO] ApplicationProperties:184 - Using Application install path: /home/athul-muralidhar/st/stm32cubeide_1.15.1/plugins/com.st.stm32cube.common.mx_6.11.1.202404110753
2024-05-11 17:48:22,147 [INFO] MainUpdater:2873 - connection check result : 10
2024-05-11 17:48:22,148 [INFO] MainUpdater:290 - Updater Check For Update Now.
2024-05-11 17:48:22,148 [INFO] MicroXplorer:498 - Change Database Version : DB.6.0.111
2024-05-11 17:48:22,153 [INFO] McuFinderGlobals:63 - Set McuFinder mode to 2 (CubeIDE integrated)
2024-05-11 17:48:22,153 [INFO] UserAuth:179 - activating auth plugin
2024-05-11 17:48:22,155 [INFO] UserAuth:415 - Internet connection configuration mode: 1
2024-05-11 17:48:22,166 [INFO] JxBrowserEngine:152 - Initiate JxBrowser Engine with user profile folder
2024-05-11 17:48:22,318 [INFO] CheckServerUpdateThread:120 - End of CheckServer Thread
2024-05-11 17:48:22,684 [INFO] WebApp:161 - Instantiating new browser for Auth
2024-05-11 17:48:23,129 [INFO] WebApp:779 - Register for checkConnection events
2024-05-11 17:48:23,130 [INFO] WebApp:414 - Apply proxy settings
2024-05-11 17:48:23,130 [INFO] WebApp:499 - Chromium requires no authentication
2024-05-11 17:48:23,135 [INFO] WebApp:442 - Direct internet connection detected
2024-05-11 17:48:23,244 [INFO] WebApp:192 - Starting web application
2024-05-11 17:48:23,244 [INFO] WebApp:544 - Web application path used /home/athul-muralidhar/st/stm32cubeide_1.15.1/plugins/com.st.stm32cube.common.mx_6.11.1.202404110753/db/plugins/mcufinder/reactClient1/index.html
2024-05-11 17:48:23,781 [WARN] PackLoader:240 - Cannot read IP mode file for STMicroelectronics.FP-SNS-MOTENVWB1.1.4.0
2024-05-11 17:48:23,790 [WARN] PackLoader:240 - Cannot read IP mode file for STMicroelectronics.X-CUBE-SMBUS.2.1.0
2024-05-11 17:48:23,793 [WARN] PackLoader:240 - Cannot read IP mode file for STMicroelectronics.X-CUBE-TOUCHGFX.4.23.2
2024-05-11 17:48:23,820 [WARN] PackLoader:240 - Cannot read IP mode file for STMicroelectronics.X-CUBE-AZRTOS-F7.1.1.0
2024-05-11 17:48:23,831 [WARN] PackLoader:240 - Cannot read IP mode file for STMicroelectronics.FP-SNS-FLIGHT1.5.0.2
2024-05-11 17:48:23,841 [WARN] PackLoader:240 - Cannot read IP mode file for STMicroelectronics.X-CUBE-DISPLAY.3.0.0
2024-05-11 17:48:23,864 [WARN] PackLoader:240 - Cannot read IP mode file for STMicroelectronics.X-CUBE-BLE1.7.0.0
2024-05-11 17:48:23,873 [WARN] PackLoader:240 - Cannot read IP mode file for emotas.I-CUBE-CANOPEN.1.3.0
2024-05-11 17:48:23,898 [WARN] PackLoader:240 - Cannot read IP mode file for STMicroelectronics.X-CUBE-BLEMGR.3.1.0
2024-05-11 17:48:23,912 [WARN] PackLoader:240 - Cannot read IP mode file for STMicroelectronics.FP-SNS-SMARTAG2.1.2.0
2024-05-11 17:48:23,940 [INFO] LogOutputStream:77 - [STDOUT_REDIRECT] 1 : Invalid condition id : UX_CORESTACK_Condition cause : null
2024-05-11 17:48:23,941 [INFO] LogOutputStream:77 - [STDOUT_REDIRECT] 1 : Invalid condition id : UX_CORESTACK_Condition cause : null
2024-05-11 17:48:23,942 [INFO] LogOutputStream:77 - [STDOUT_REDIRECT] 1 : Invalid condition id : UX_CORESTACK_Condition cause : null
2024-05-11 17:48:23,942 [INFO] LogOutputStream:77 - [STDOUT_REDIRECT] 1 : Invalid condition id : UX_CORESTACK_Condition cause : null
2024-05-11 17:48:23,943 [INFO] LogOutputStream:77 - [STDOUT_REDIRECT] 1 : Invalid condition id : UX_CORESTACK_Condition cause : null
2024-05-11 17:48:23,963 [WARN] PackLoader:240 - Cannot read IP mode file for STMicroelectronics.X-CUBE-AZRTOS-WL.2.0.0
2024-05-11 17:48:23,971 [WARN] PackLoader:240 - Cannot read IP mode file for STMicroelectronics.FP-SNS-MOTENV1.5.0.0
2024-05-11 17:48:23,980 [WARN] PackLoader:240 - Cannot read IP mode file for WES.I-CUBE-Cesium.1.3.0
2024-05-11 17:48:23,985 [WARN] PackLoader:240 - Cannot read IP mode file for STMicroelectronics.X-CUBE-BLE2.3.3.0
2024-05-11 17:48:23,991 [WARN] PackLoader:240 - Cannot read IP mode file for STMicroelectronics.X-CUBE-TCPP.4.1.0
2024-05-11 17:48:24,008 [WARN] PackLoader:240 - Cannot read IP mode file for STMicroelectronics.X-CUBE-AZRTOS-G0.1.1.0
2024-05-11 17:48:24,017 [WARN] PackLoader:240 - Cannot read IP mode file for STMicroelectronics.X-CUBE-SAFEA1.1.2.2
2024-05-11 17:48:24,023 [WARN] PackLoader:240 - Cannot read IP mode file for STMicroelectronics.X-CUBE-NFC4.3.0.0
2024-05-11 17:48:24,029 [WARN] PackLoader:240 - Cannot read IP mode file for wolfSSL.I-CUBE-wolfSSL.5.7.0
2024-05-11 17:48:24,033 [WARN] PackLoader:240 - Cannot read IP mode file for STMicroelectronics.FP-ATR-SIGFOX1.3.2.0
2024-05-11 17:48:24,039 [WARN] PackLoader:240 - Cannot read IP mode file for STMicroelectronics.X-CUBE-EEPRMA1.5.1.0
2024-05-11 17:48:24,045 [WARN] PackLoader:240 - Cannot read IP mode file for ITTIA_DB.I-CUBE-ITTIADB.8.9.0
2024-05-11 17:48:24,078 [WARN] PackLoader:240 - Cannot read IP mode file for SEGGER.I-CUBE-embOS.1.3.1
2024-05-11 17:48:24,124 [WARN] PackLoader:240 - Cannot read IP mode file for STMicroelectronics.X-CUBE-ALGOBUILD.1.4.0
2024-05-11 17:48:24,129 [WARN] PackLoader:240 - Cannot read IP mode file for STMicroelectronics.X-CUBE-GNSS1.6.0.0
2024-05-11 17:48:24,149 [WARN] PackLoader:240 - Cannot read IP mode file for STMicroelectronics.X-CUBE-AZRTOS-F4.1.1.0
2024-05-11 17:48:24,156 [WARN] PackLoader:240 - Cannot read IP mode file for STMicroelectronics.X-CUBE-FREERTOS.1.2.0
2024-05-11 17:48:24,182 [WARN] PackLoader:240 - Cannot read IP mode file for STMicroelectronics.X-CUBE-AZRTOS-L5.2.0.0
2024-05-11 17:48:24,190 [WARN] PackLoader:240 - Cannot read IP mode file for STMicroelectronics.X-CUBE-NFC6.3.1.0
2024-05-11 17:48:24,197 [WARN] PackLoader:240 - Cannot read IP mode file for STMicroelectronics.X-CUBE-AI.9.0.0
2024-05-11 17:48:24,202 [WARN] PackLoader:240 - Cannot read IP mode file for STMicroelectronics.X-CUBE-NFC7.1.0.1
2024-05-11 17:48:24,217 [WARN] ConditionMgr:438 - getConditionDescription Invalid condition id : LAN8742 Phy interface Condition cause : null
2024-05-11 17:48:24,218 [WARN] PackLoader:240 - Cannot read IP mode file for STMicroelectronics.X-CUBE-AZRTOS-L4.2.0.0
2024-05-11 17:48:24,220 [WARN] ConditionMgr:1039 - genDependencies : Invalid condition id : LAN8742 Phy interface Condition cause : null
2024-05-11 17:48:24,220 [WARN] ConditionMgr:1039 - genDependencies : Invalid condition id : LAN8742 Phy interface Condition cause : null
2024-05-11 17:48:24,221 [WARN] ConditionMgr:1039 - genDependencies : Invalid condition id : LAN8742 Phy interface Condition cause : null
2024-05-11 17:48:24,228 [WARN] PackLoader:240 - Cannot read IP mode file for STMicroelectronics.X-CUBE-SFXS2LP1.4.0.0
2024-05-11 17:48:24,239 [WARN] ConditionMgr:438 - getConditionDescription Invalid condition id : UX DEVICE CLASS RTOS Condition cause : null
2024-05-11 17:48:24,240 [WARN] ConditionMgr:438 - getConditionDescription Invalid condition id : UX DEVICE CLASS RTOS Condition cause : null
2024-05-11 17:48:24,242 [WARN] PackLoader:240 - Cannot read IP mode file for STMicroelectronics.X-CUBE-AZRTOS-WB.2.0.0
2024-05-11 17:48:24,242 [WARN] ConditionMgr:1039 - genDependencies : Invalid condition id : UX DEVICE CLASS RTOS Condition cause : null
2024-05-11 17:48:24,242 [WARN] ConditionMgr:1039 - genDependencies : Invalid condition id : UX DEVICE CLASS RTOS Condition cause : null
2024-05-11 17:48:24,243 [WARN] ConditionMgr:1039 - genDependencies : Invalid condition id : UX DEVICE CLASS RTOS Condition cause : null
2024-05-11 17:48:24,243 [WARN] ConditionMgr:1039 - genDependencies : Invalid condition id : UX DEVICE CLASS RTOS Condition cause : null
2024-05-11 17:48:24,243 [WARN] ConditionMgr:1039 - genDependencies : Invalid condition id : UX DEVICE CLASS RTOS Condition cause : null
2024-05-11 17:48:24,253 [WARN] PackLoader:240 - Cannot read IP mode file for STMicroelectronics.X-CUBE-SUBG2.5.0.0
2024-05-11 17:48:24,270 [WARN] PackLoader:240 - Cannot read IP mode file for STMicroelectronics.X-CUBE-AZRTOS-G4.2.0.0
2024-05-11 17:48:24,275 [WARN] PackLoader:240 - Cannot read IP mode file for STMicroelectronics.X-CUBE-ISPU.2.0.0
2024-05-11 17:48:24,315 [WARN] PackLoader:240 - Cannot read IP mode file for STMicroelectronics.X-CUBE-MEMS1.10.0.0
2024-05-11 17:48:24,448 [WARN] PackLoader:240 - Cannot read IP mode file for portGmbH.I-Cube-SoM-uGOAL.1.1.0
2024-05-11 17:48:24,452 [WARN] PackLoader:240 - Cannot read IP mode file for STMicroelectronics.X-CUBE-ALS.1.0.1
2024-05-11 17:48:24,468 [WARN] PackLoader:240 - Cannot read IP mode file for STMicroelectronics.X-CUBE-AZRTOS-H7RS.1.0.0
2024-05-11 17:48:24,474 [WARN] PackLoader:240 - Cannot read IP mode file for STMicroelectronics.FP-ATR-ASTRA1.2.0.0
2024-05-11 17:48:24,484 [WARN] PackLoader:240 - Cannot read IP mode file for STMicroelectronics.X-CUBE-TOF1.3.4.1
2024-05-11 17:48:24,512 [WARN] PackLoader:240 - Cannot read IP mode file for STMicroelectronics.X-CUBE-AZRTOS-H7.3.2.0
2024-05-11 17:48:24,527 [WARN] PackLoader:240 - Cannot read IP mode file for Infineon.AIROC-Wi-Fi-Bluetooth-STM32.1.6.0
2024-05-11 17:48:24,535 [INFO] ThirdParty:978 - Integrity check success = true
2024-05-11 17:48:24,535 [INFO] IntegrityCheckThread:100 - exiting critical section [integrity check]
2024-05-11 17:48:24,535 [INFO] IntegrityCheckThread:103 - End integrity checks thread
2024-05-11 17:48:55,772 [ERROR] LogOutputStream:75 - [STDERR_REDIRECT] 
2024-05-11 17:49:00,402 [INFO] Activator:176 - 


2024-05-11 17:49:00,404 [INFO] Activator:177 - !SESSION log4j initialized
2024-05-11 17:49:02,554 [INFO] LogOutputStream:77 - [STDOUT_REDIRECT] 
2024-05-11 17:49:04,512 [INFO] ApplicationProperties:184 - Using Application install path: /home/athul-muralidhar/st/stm32cubeide_1.15.1/plugins/com.st.stm32cube.common.mx_6.11.1.202404110753
2024-05-11 17:49:04,524 [INFO] DbMcusXml:78 - Set database path to: /home/athul-muralidhar/st/stm32cubeide_1.15.1/plugins/com.st.stm32cube.common.mx_6.11.1.202404110753//db//mcu/
2024-05-11 17:49:04,525 [INFO] ApiDb:274 - Set plugin database path to: /home/athul-muralidhar/st/stm32cubeide_1.15.1/plugins/com.st.stm32cube.common.mx_6.11.1.202404110753//db//plugins/boardmanager/
2024-05-11 17:49:04,525 [WARN] ApiDb:259 - Overriding images path with different value:  => /home/athul-muralidhar/st/stm32cubeide_1.15.1/plugins/com.st.stm32cube.common.mx_6.11.1.202404110753//db//plugins/mcufinder/images/
2024-05-11 17:49:04,528 [INFO] ApiDb:250 - Set database path to: /home/athul-muralidhar/.stmcufinder/plugins/mcufinder//mcu/
2024-05-11 17:49:04,529 [INFO] DbMcusAds:125 - Set database path to: /home/athul-muralidhar/.stmcufinder/plugins/mcufinder//mcu/
2024-05-11 17:49:04,530 [INFO] CrossReferenceDbSqlite:203 - Set database path to: /home/athul-muralidhar/.stmcufinder/plugins/mcufinder//mcu/cs/
2024-05-11 17:49:04,615 [INFO] RulesReader:64 - Compatibility file has been processed (297 Rules)
2024-05-11 17:49:04,665 [INFO] DbMcusXml:78 - Set database path to: /home/athul-muralidhar/st/stm32cubeide_1.15.1/plugins/com.st.stm32cube.common.mx_6.11.1.202404110753//db//mcu/
2024-05-11 17:49:04,665 [INFO] ApiDb:274 - Set plugin database path to: /home/athul-muralidhar/st/stm32cubeide_1.15.1/plugins/com.st.stm32cube.common.mx_6.11.1.202404110753//db//plugins/boardmanager/
2024-05-11 17:49:04,666 [INFO] ApiDb:261 - Set plugin images path to: /home/athul-muralidhar/st/stm32cubeide_1.15.1/plugins/com.st.stm32cube.common.mx_6.11.1.202404110753//db//plugins/mcufinder/images/
2024-05-11 17:49:04,666 [WARN] DbFile:41 - Overriding database path with different value: /home/athul-muralidhar/.stmcufinder/plugins/mcufinder/ => /home/athul-muralidhar/.stmcufinder/plugins/mcufinder
2024-05-11 17:49:04,666 [INFO] ApiDb:250 - Set database path to: /home/athul-muralidhar/.stmcufinder/plugins/mcufinder//mcu/
2024-05-11 17:49:04,666 [WARN] DbFile:41 - Overriding database path with different value: /home/athul-muralidhar/.stmcufinder/plugins/mcufinder/ => /home/athul-muralidhar/.stmcufinder/plugins/mcufinder
2024-05-11 17:49:04,666 [INFO] DbMcusAds:125 - Set database path to: /home/athul-muralidhar/.stmcufinder/plugins/mcufinder//mcu/
2024-05-11 17:49:04,666 [WARN] DbFile:41 - Overriding database path with different value: /home/athul-muralidhar/.stmcufinder/plugins/mcufinder/ => /home/athul-muralidhar/.stmcufinder/plugins/mcufinder
2024-05-11 17:49:04,666 [WARN] DbFile:41 - Overriding database path with different value: /home/athul-muralidhar/.stmcufinder/plugins/mcufinder/ => /home/athul-muralidhar/.stmcufinder/plugins/mcufinder
2024-05-11 17:49:04,667 [INFO] CrossReferenceDbSqlite:203 - Set database path to: /home/athul-muralidhar/.stmcufinder/plugins/mcufinder//mcu/cs/
2024-05-11 17:49:04,720 [INFO] MainPanel:264 - HeapMemory: 268435456
2024-05-11 17:49:04,778 [INFO] DbMcusXml:78 - Set database path to: /home/athul-muralidhar/st/stm32cubeide_1.15.1/plugins/com.st.stm32cube.common.mx_6.11.1.202404110753//db//mcu/
2024-05-11 17:49:04,778 [INFO] ApiDb:274 - Set plugin database path to: /home/athul-muralidhar/st/stm32cubeide_1.15.1/plugins/com.st.stm32cube.common.mx_6.11.1.202404110753//db//plugins/boardmanager/
2024-05-11 17:49:04,778 [INFO] ApiDb:261 - Set plugin images path to: /home/athul-muralidhar/st/stm32cubeide_1.15.1/plugins/com.st.stm32cube.common.mx_6.11.1.202404110753//db//plugins/mcufinder/images/
2024-05-11 17:49:04,778 [WARN] DbFile:41 - Overriding database path with different value: /home/athul-muralidhar/.stmcufinder/plugins/mcufinder/ => /home/athul-muralidhar/.stmcufinder/plugins/mcufinder
2024-05-11 17:49:04,778 [INFO] ApiDb:250 - Set database path to: /home/athul-muralidhar/.stmcufinder/plugins/mcufinder//mcu/
2024-05-11 17:49:04,778 [WARN] DbFile:41 - Overriding database path with different value: /home/athul-muralidhar/.stmcufinder/plugins/mcufinder/ => /home/athul-muralidhar/.stmcufinder/plugins/mcufinder
2024-05-11 17:49:04,778 [INFO] DbMcusAds:125 - Set database path to: /home/athul-muralidhar/.stmcufinder/plugins/mcufinder//mcu/
2024-05-11 17:49:04,778 [WARN] DbFile:41 - Overriding database path with different value: /home/athul-muralidhar/.stmcufinder/plugins/mcufinder/ => /home/athul-muralidhar/.stmcufinder/plugins/mcufinder
2024-05-11 17:49:04,778 [WARN] DbFile:41 - Overriding database path with different value: /home/athul-muralidhar/.stmcufinder/plugins/mcufinder/ => /home/athul-muralidhar/.stmcufinder/plugins/mcufinder
2024-05-11 17:49:04,779 [INFO] CrossReferenceDbSqlite:203 - Set database path to: /home/athul-muralidhar/.stmcufinder/plugins/mcufinder//mcu/cs/
2024-05-11 17:49:04,789 [INFO] ApplicationProperties:184 - Using Application install path: /home/athul-muralidhar/st/stm32cubeide_1.15.1/plugins/com.st.stm32cube.common.mx_6.11.1.202404110753
2024-05-11 17:49:04,790 [INFO] PluginManage:196 - Search for loadable plugins [exclusion list=, ]
2024-05-11 17:49:04,791 [INFO] PluginManage:310 - Check plugin analytics
2024-05-11 17:49:04,893 [INFO] AnalyticsPlugin:253 - Accepted Software Licenses: 
2024-05-11 17:49:04,893 [INFO] AnalyticsPlugin:255 - Accepted CMSIS Pack Licenses: 
2024-05-11 17:49:04,893 [INFO] AnalyticsPlugin:257 - Accepted Firmware Licenses: 
2024-05-11 17:49:04,895 [INFO] PluginManage:359 - Loaded plugin analytics (category:tool,tabindex:-1)
2024-05-11 17:49:04,895 [INFO] PluginManage:310 - Check plugin cadmodel
2024-05-11 17:49:04,914 [INFO] CADModel:105 - Init CAD model plugin
2024-05-11 17:49:04,914 [INFO] PluginManage:359 - Loaded plugin cadmodel (category:power,tabindex:5)
2024-05-11 17:49:04,914 [INFO] PluginManage:310 - Check plugin clock
2024-05-11 17:49:04,920 [INFO] PluginManage:359 - Loaded plugin clock (category:base,tabindex:2)
2024-05-11 17:49:04,921 [INFO] PluginManage:310 - Check plugin ddr
2024-05-11 17:49:04,922 [INFO] PluginManage:359 - Loaded plugin ddr (category:tool,tabindex:6)
2024-05-11 17:49:04,922 [INFO] PluginManage:310 - Check plugin filemanager
2024-05-11 17:49:05,021 [INFO] PluginManage:359 - Loaded plugin filemanager (category:base,tabindex:10)
2024-05-11 17:49:05,021 [INFO] PluginManage:310 - Check plugin ipmanager
2024-05-11 17:49:05,024 [INFO] PluginManage:359 - Loaded plugin ipmanager (category:base,tabindex:5)
2024-05-11 17:49:05,024 [INFO] PluginManage:310 - Check plugin lpbam
2024-05-11 17:49:05,030 [INFO] PluginManage:359 - Loaded plugin lpbam (category:base,tabindex:0)
2024-05-11 17:49:05,030 [INFO] PluginManage:310 - Check plugin memorymap
2024-05-11 17:49:05,036 [INFO] PluginManage:359 - Loaded plugin memorymap (category:base,tabindex:4)
2024-05-11 17:49:05,036 [INFO] PluginManage:310 - Check plugin pinoutandconfiguration
2024-05-11 17:49:05,040 [INFO] PluginManage:359 - Loaded plugin pinoutandconfiguration (category:base,tabindex:1)
2024-05-11 17:49:05,040 [INFO] PluginManage:310 - Check plugin pinoutconfig
2024-05-11 17:49:05,094 [WARN] SupportedApi:132 - Cannot load RTOS API schema: s4s-elt-must-match.1: The content of 'definitions' must match (annotation?, (simpleType | complexType)?, (unique | key | keyref)*)). A problem was found starting at: attribute.
2024-05-11 17:49:05,179 [INFO] PluginManage:359 - Loaded plugin pinoutconfig (category:base,tabindex:0)
2024-05-11 17:49:05,179 [INFO] PluginManage:310 - Check plugin power
2024-05-11 17:49:05,185 [INFO] PluginManage:359 - Loaded plugin power (category:power,tabindex:4)
2024-05-11 17:49:05,185 [INFO] PluginManage:310 - Check plugin projectmanager
2024-05-11 17:49:05,198 [INFO] PluginManage:359 - Loaded plugin projectmanager (category:projectmanager,tabindex:3)
2024-05-11 17:49:05,199 [INFO] PluginManage:310 - Check plugin thirdparty
2024-05-11 17:49:05,285 [INFO] PluginManage:359 - Loaded plugin thirdparty (category:base,tabindex:-1)
2024-05-11 17:49:05,285 [WARN] IntegrityCheckThread:84 - waiting for thirdparty lock release [integrity check]
2024-05-11 17:49:05,285 [INFO] PluginManage:310 - Check plugin tools
2024-05-11 17:49:05,286 [INFO] IntegrityCheckThread:86 - entering critical section [integrity check]
2024-05-11 17:49:05,286 [INFO] ThirdPartyUpdaterWithRetryManager:70 - Updater plugin not ready yet. [1/15]
2024-05-11 17:49:05,287 [INFO] PluginManage:359 - Loaded plugin tools (category:base,tabindex:7)
2024-05-11 17:49:05,287 [INFO] PluginManage:310 - Check plugin tutovideos
2024-05-11 17:49:05,402 [INFO] PluginManage:359 - Loaded plugin tutovideos (category:base,tabindex:-1)
2024-05-11 17:49:05,402 [INFO] PluginManage:310 - Check plugin updater
2024-05-11 17:49:05,409 [INFO] PluginManage:359 - Loaded plugin updater (category:base,tabindex:12)
2024-05-11 17:49:05,409 [INFO] PluginManage:310 - Check plugin userauth
2024-05-11 17:49:05,413 [INFO] UserAuth:114 - Init User Auth plugin
2024-05-11 17:49:05,413 [INFO] PluginManage:359 - Loaded plugin userauth (category:base,tabindex:14)
2024-05-11 17:49:05,414 [INFO] PluginManage:283 - PluginManage : Loaded plugins [17]
2024-05-11 17:49:05,557 [INFO] PinOutPanel:1561 - setPackage(No Configuration,No Configuration)
2024-05-11 17:49:05,604 [INFO] CADModel:165 - CPN selected for project level
2024-05-11 17:49:05,604 [INFO] CADModel:114 - Register for checkConnection events
2024-05-11 17:49:05,615 [INFO] IPUIPlugin:80 - create IPUIPlugin
2024-05-11 17:49:05,615 [INFO] PluginManager:220 - loadIPPluginJar : add linkedlist
2024-05-11 17:49:05,617 [INFO] IPUIPlugin:80 - create IPUIPlugin
2024-05-11 17:49:05,618 [INFO] PluginManager:220 - loadIPPluginJar : add fatfs
2024-05-11 17:49:05,619 [INFO] IPUIPlugin:80 - create IPUIPlugin
2024-05-11 17:49:05,619 [INFO] PluginManager:220 - loadIPPluginJar : add tracer_emb
2024-05-11 17:49:05,626 [INFO] IPUIPlugin:80 - create IPUIPlugin
2024-05-11 17:49:05,627 [INFO] PluginManager:220 - loadIPPluginJar : add stm32_wpan
2024-05-11 17:49:05,629 [INFO] IPUIPlugin:80 - create IPUIPlugin
2024-05-11 17:49:05,629 [INFO] PluginManager:220 - loadIPPluginJar : add touchsensing
2024-05-11 17:49:05,631 [INFO] IPUIPlugin:80 - create IPUIPlugin
2024-05-11 17:49:05,631 [INFO] PluginManager:220 - loadIPPluginJar : add i2s
2024-05-11 17:49:05,633 [INFO] IPUIPlugin:80 - create IPUIPlugin
2024-05-11 17:49:05,633 [INFO] PluginManager:220 - loadIPPluginJar : add dfsdm
2024-05-11 17:49:05,635 [INFO] IPUIPlugin:80 - create IPUIPlugin
2024-05-11 17:49:05,635 [INFO] PluginManager:220 - loadIPPluginJar : add resmgrutility
2024-05-11 17:49:05,637 [INFO] IPUIPlugin:80 - create IPUIPlugin
2024-05-11 17:49:05,637 [INFO] PluginManager:220 - loadIPPluginJar : add pdm2pcm
2024-05-11 17:49:05,638 [INFO] IPUIPlugin:80 - create IPUIPlugin
2024-05-11 17:49:05,638 [INFO] PluginManager:220 - loadIPPluginJar : add tim
2024-05-11 17:49:05,640 [INFO] IPUIPlugin:80 - create IPUIPlugin
2024-05-11 17:49:05,640 [INFO] PluginManager:220 - loadIPPluginJar : add lorawan
2024-05-11 17:49:05,643 [INFO] IPUIPlugin:80 - create IPUIPlugin
2024-05-11 17:49:05,643 [INFO] PluginManager:220 - loadIPPluginJar : add fmc
2024-05-11 17:49:05,645 [INFO] IPUIPlugin:80 - create IPUIPlugin
2024-05-11 17:49:05,646 [INFO] PluginManager:220 - loadIPPluginJar : add can
2024-05-11 17:49:05,648 [INFO] IPUIPlugin:80 - create IPUIPlugin
2024-05-11 17:49:05,648 [INFO] PluginManager:220 - loadIPPluginJar : add usbx
2024-05-11 17:49:05,648 [INFO] IPUIPlugin:80 - create IPUIPlugin
2024-05-11 17:49:05,648 [INFO] PluginManager:220 - loadIPPluginJar : add ltdc
2024-05-11 17:49:05,650 [INFO] IPUIPlugin:80 - create IPUIPlugin
2024-05-11 17:49:05,650 [INFO] PluginManager:220 - loadIPPluginJar : add ts
2024-05-11 17:49:05,652 [INFO] IPUIPlugin:80 - create IPUIPlugin
2024-05-11 17:49:05,652 [INFO] PluginManager:220 - loadIPPluginJar : add openamp
2024-05-11 17:49:05,653 [INFO] IPUIPlugin:80 - create IPUIPlugin
2024-05-11 17:49:05,653 [INFO] PluginManager:220 - loadIPPluginJar : add tsc
2024-05-11 17:49:05,655 [INFO] IPUIPlugin:80 - create IPUIPlugin
2024-05-11 17:49:05,655 [INFO] PluginManager:220 - loadIPPluginJar : add i2c
2024-05-11 17:49:05,656 [INFO] IPUIPlugin:80 - create IPUIPlugin
2024-05-11 17:49:05,656 [INFO] PluginManager:220 - loadIPPluginJar : add genericplugin
2024-05-11 17:49:05,657 [INFO] IPUIPlugin:80 - create IPUIPlugin
2024-05-11 17:49:05,657 [INFO] PluginManager:220 - loadIPPluginJar : add spi
2024-05-11 17:49:05,660 [INFO] IPUIPlugin:80 - create IPUIPlugin
2024-05-11 17:49:05,660 [INFO] PluginManager:220 - loadIPPluginJar : add nvic
2024-05-11 17:49:05,662 [INFO] IPUIPlugin:80 - create IPUIPlugin
2024-05-11 17:49:05,662 [INFO] PluginManager:220 - loadIPPluginJar : add ucpd
2024-05-11 17:49:05,667 [INFO] IPUIPlugin:80 - create IPUIPlugin
2024-05-11 17:49:05,667 [INFO] PluginManager:220 - loadIPPluginJar : add gic
2024-05-11 17:49:05,669 [INFO] IPUIPlugin:80 - create IPUIPlugin
2024-05-11 17:49:05,669 [INFO] PluginManager:220 - loadIPPluginJar : add dma3
2024-05-11 17:49:05,674 [INFO] IPUIPlugin:80 - create IPUIPlugin
2024-05-11 17:49:05,674 [INFO] PluginManager:220 - loadIPPluginJar : add adc
2024-05-11 17:49:05,679 [INFO] IPUIPlugin:80 - create IPUIPlugin
2024-05-11 17:49:05,680 [INFO] PluginManager:220 - loadIPPluginJar : add mdma
2024-05-11 17:49:05,681 [INFO] IPUIPlugin:80 - create IPUIPlugin
2024-05-11 17:49:05,682 [INFO] PluginManager:220 - loadIPPluginJar : add gtzc
2024-05-11 17:49:05,682 [INFO] IPUIPlugin:80 - create IPUIPlugin
2024-05-11 17:49:05,683 [INFO] PluginManager:220 - loadIPPluginJar : add quadspi
2024-05-11 17:49:05,684 [INFO] IPUIPlugin:80 - create IPUIPlugin
2024-05-11 17:49:05,684 [INFO] PluginManager:220 - loadIPPluginJar : add extmemmanager
2024-05-11 17:49:05,686 [INFO] IPUIPlugin:80 - create IPUIPlugin
2024-05-11 17:49:05,686 [INFO] PluginManager:220 - loadIPPluginJar : add usart
2024-05-11 17:49:05,688 [INFO] IPUIPlugin:80 - create IPUIPlugin
2024-05-11 17:49:05,688 [INFO] PluginManager:220 - loadIPPluginJar : add opamp
2024-05-11 17:49:05,690 [INFO] IPUIPlugin:80 - create IPUIPlugin
2024-05-11 17:49:05,690 [INFO] PluginManager:220 - loadIPPluginJar : add i3c
2024-05-11 17:49:05,694 [INFO] IPUIPlugin:80 - create IPUIPlugin
2024-05-11 17:49:05,697 [INFO] PluginManager:220 - loadIPPluginJar : add plateformsettings
2024-05-11 17:49:05,699 [INFO] IPUIPlugin:80 - create IPUIPlugin
2024-05-11 17:49:05,699 [INFO] PluginManager:220 - loadIPPluginJar : add ipddr
2024-05-11 17:49:05,701 [INFO] IPUIPlugin:80 - create IPUIPlugin
2024-05-11 17:49:05,702 [INFO] PluginManager:220 - loadIPPluginJar : add sai
2024-05-11 17:49:05,703 [INFO] IPUIPlugin:80 - create IPUIPlugin
2024-05-11 17:49:05,703 [INFO] PluginManager:220 - loadIPPluginJar : add comp
2024-05-11 17:49:05,704 [INFO] IPUIPlugin:80 - create IPUIPlugin
2024-05-11 17:49:05,705 [INFO] PluginManager:220 - loadIPPluginJar : add hash
2024-05-11 17:49:05,709 [INFO] IPUIPlugin:80 - create IPUIPlugin
2024-05-11 17:49:05,710 [INFO] PluginManager:220 - loadIPPluginJar : add dma
2024-05-11 17:49:05,712 [INFO] IPUIPlugin:80 - create IPUIPlugin
2024-05-11 17:49:05,712 [INFO] PluginManager:220 - loadIPPluginJar : add aes
2024-05-11 17:49:05,716 [INFO] IPUIPlugin:80 - create IPUIPlugin
2024-05-11 17:49:05,716 [INFO] PluginManager:220 - loadIPPluginJar : add freertos
2024-05-11 17:49:05,720 [INFO] IPUIPlugin:80 - create IPUIPlugin
2024-05-11 17:49:05,721 [INFO] PluginManager:220 - loadIPPluginJar : add gpio
2024-05-11 17:49:05,723 [INFO] IPUIPlugin:80 - create IPUIPlugin
2024-05-11 17:49:05,723 [INFO] PluginManager:220 - loadIPPluginJar : add cryp
2024-05-11 17:49:05,724 [INFO] IPUIPlugin:80 - create IPUIPlugin
2024-05-11 17:49:05,724 [INFO] PluginManager:220 - loadIPPluginJar : add gfxmmu
2024-05-11 17:49:05,828 [INFO] CADModel:165 - CPN selected for project level
2024-05-11 17:49:05,828 [INFO] CADModel:114 - Register for checkConnection events
2024-05-11 17:49:05,828 [FATAL] Updater:308 - Updater called before beeing initialized
2024-05-11 17:49:05,828 [ERROR] CADModel:125 - Updater not yet initialized, retry later 
2024-05-11 17:49:05,920 [INFO] CADModel:165 - CPN selected for project level
2024-05-11 17:49:05,921 [INFO] CADModel:114 - Register for checkConnection events
2024-05-11 17:49:05,921 [FATAL] Updater:308 - Updater called before beeing initialized
2024-05-11 17:49:05,921 [ERROR] CADModel:125 - Updater not yet initialized, retry later 
2024-05-11 17:49:05,923 [FATAL] Updater:308 - Updater called before beeing initialized
2024-05-11 17:49:05,990 [FATAL] Updater:308 - Updater called before beeing initialized
2024-05-11 17:49:05,994 [INFO] DbMcusAds:53 - JSON generation date=Thu Sep 30 08:55:09 CEST 2021 (1632984909247)
2024-05-11 17:49:05,995 [FATAL] Updater:308 - Updater called before beeing initialized
2024-05-11 17:49:06,026 [WARN] DetailPanel:346 - Failed to get advertising image, set to default
2024-05-11 17:49:06,105 [FATAL] Updater:308 - Updater called before beeing initialized
2024-05-11 17:49:06,106 [FATAL] Updater:308 - Updater called before beeing initialized
2024-05-11 17:49:06,106 [FATAL] Updater:308 - Updater called before beeing initialized
2024-05-11 17:49:06,106 [WARN] DetailPanel:346 - Failed to get advertising image, set to default
2024-05-11 17:49:06,107 [FATAL] Updater:308 - Updater called before beeing initialized
2024-05-11 17:49:06,128 [ERROR] Updater:1120 - MainUpdater not yet initialized. External WinMGr cannot be set.
2024-05-11 17:49:06,129 [INFO] Updater:1056 - Updater Version found : 6.11.1
2024-05-11 17:49:06,143 [INFO] ApplicationProperties:184 - Using Application install path: /home/athul-muralidhar/st/stm32cubeide_1.15.1/plugins/com.st.stm32cube.common.mx_6.11.1.202404110753
2024-05-11 17:49:06,377 [INFO] MainUpdater:2873 - connection check result : 10
2024-05-11 17:49:06,377 [INFO] MainUpdater:290 - Updater Check For Update Now.
2024-05-11 17:49:06,377 [INFO] MicroXplorer:498 - Change Database Version : DB.6.0.111
2024-05-11 17:49:06,380 [INFO] McuFinderGlobals:63 - Set McuFinder mode to 2 (CubeIDE integrated)
2024-05-11 17:49:06,380 [INFO] UserAuth:179 - activating auth plugin
2024-05-11 17:49:06,383 [INFO] UserAuth:415 - Internet connection configuration mode: 1
2024-05-11 17:49:06,393 [INFO] JxBrowserEngine:152 - Initiate JxBrowser Engine with user profile folder
2024-05-11 17:49:06,552 [INFO] CheckServerUpdateThread:120 - End of CheckServer Thread
2024-05-11 17:49:06,919 [INFO] WebApp:161 - Instantiating new browser for Auth
2024-05-11 17:49:07,316 [INFO] WebApp:779 - Register for checkConnection events
2024-05-11 17:49:07,316 [INFO] WebApp:414 - Apply proxy settings
2024-05-11 17:49:07,317 [INFO] WebApp:499 - Chromium requires no authentication
2024-05-11 17:49:07,321 [INFO] WebApp:442 - Direct internet connection detected
2024-05-11 17:49:07,413 [INFO] WebApp:192 - Starting web application
2024-05-11 17:49:07,414 [INFO] WebApp:544 - Web application path used /home/athul-muralidhar/st/stm32cubeide_1.15.1/plugins/com.st.stm32cube.common.mx_6.11.1.202404110753/db/plugins/mcufinder/reactClient1/index.html
2024-05-11 17:49:08,363 [WARN] PackLoader:240 - Cannot read IP mode file for STMicroelectronics.FP-SNS-MOTENVWB1.1.4.0
2024-05-11 17:49:08,371 [WARN] PackLoader:240 - Cannot read IP mode file for STMicroelectronics.X-CUBE-SMBUS.2.1.0
2024-05-11 17:49:08,374 [WARN] PackLoader:240 - Cannot read IP mode file for STMicroelectronics.X-CUBE-TOUCHGFX.4.23.2
2024-05-11 17:49:08,397 [WARN] PackLoader:240 - Cannot read IP mode file for STMicroelectronics.X-CUBE-AZRTOS-F7.1.1.0
2024-05-11 17:49:08,408 [WARN] PackLoader:240 - Cannot read IP mode file for STMicroelectronics.FP-SNS-FLIGHT1.5.0.2
2024-05-11 17:49:08,418 [WARN] PackLoader:240 - Cannot read IP mode file for STMicroelectronics.X-CUBE-DISPLAY.3.0.0
2024-05-11 17:49:08,433 [WARN] PackLoader:240 - Cannot read IP mode file for STMicroelectronics.X-CUBE-BLE1.7.0.0
2024-05-11 17:49:08,440 [WARN] PackLoader:240 - Cannot read IP mode file for emotas.I-CUBE-CANOPEN.1.3.0
2024-05-11 17:49:08,459 [WARN] PackLoader:240 - Cannot read IP mode file for STMicroelectronics.X-CUBE-BLEMGR.3.1.0
2024-05-11 17:49:08,468 [WARN] PackLoader:240 - Cannot read IP mode file for STMicroelectronics.FP-SNS-SMARTAG2.1.2.0
2024-05-11 17:49:08,476 [INFO] LogOutputStream:77 - [STDOUT_REDIRECT] 1 : Invalid condition id : UX_CORESTACK_Condition cause : null
2024-05-11 17:49:08,477 [INFO] LogOutputStream:77 - [STDOUT_REDIRECT] 1 : Invalid condition id : UX_CORESTACK_Condition cause : null
2024-05-11 17:49:08,477 [INFO] LogOutputStream:77 - [STDOUT_REDIRECT] 1 : Invalid condition id : UX_CORESTACK_Condition cause : null
2024-05-11 17:49:08,477 [INFO] LogOutputStream:77 - [STDOUT_REDIRECT] 1 : Invalid condition id : UX_CORESTACK_Condition cause : null
2024-05-11 17:49:08,478 [INFO] LogOutputStream:77 - [STDOUT_REDIRECT] 1 : Invalid condition id : UX_CORESTACK_Condition cause : null
2024-05-11 17:49:08,482 [WARN] PackLoader:240 - Cannot read IP mode file for STMicroelectronics.X-CUBE-AZRTOS-WL.2.0.0
2024-05-11 17:49:08,488 [WARN] PackLoader:240 - Cannot read IP mode file for STMicroelectronics.FP-SNS-MOTENV1.5.0.0
2024-05-11 17:49:08,497 [WARN] PackLoader:240 - Cannot read IP mode file for WES.I-CUBE-Cesium.1.3.0
2024-05-11 17:49:08,502 [WARN] PackLoader:240 - Cannot read IP mode file for STMicroelectronics.X-CUBE-BLE2.3.3.0
2024-05-11 17:49:08,507 [WARN] PackLoader:240 - Cannot read IP mode file for STMicroelectronics.X-CUBE-TCPP.4.1.0
2024-05-11 17:49:08,529 [WARN] PackLoader:240 - Cannot read IP mode file for STMicroelectronics.X-CUBE-AZRTOS-G0.1.1.0
2024-05-11 17:49:08,540 [WARN] PackLoader:240 - Cannot read IP mode file for STMicroelectronics.X-CUBE-SAFEA1.1.2.2
2024-05-11 17:49:08,547 [WARN] PackLoader:240 - Cannot read IP mode file for STMicroelectronics.X-CUBE-NFC4.3.0.0
2024-05-11 17:49:08,552 [WARN] PackLoader:240 - Cannot read IP mode file for wolfSSL.I-CUBE-wolfSSL.5.7.0
2024-05-11 17:49:08,555 [WARN] PackLoader:240 - Cannot read IP mode file for STMicroelectronics.FP-ATR-SIGFOX1.3.2.0
2024-05-11 17:49:08,562 [WARN] PackLoader:240 - Cannot read IP mode file for STMicroelectronics.X-CUBE-EEPRMA1.5.1.0
2024-05-11 17:49:08,569 [WARN] PackLoader:240 - Cannot read IP mode file for ITTIA_DB.I-CUBE-ITTIADB.8.9.0
2024-05-11 17:49:08,606 [WARN] PackLoader:240 - Cannot read IP mode file for SEGGER.I-CUBE-embOS.1.3.1
2024-05-11 17:49:08,662 [WARN] PackLoader:240 - Cannot read IP mode file for STMicroelectronics.X-CUBE-ALGOBUILD.1.4.0
2024-05-11 17:49:08,668 [WARN] PackLoader:240 - Cannot read IP mode file for STMicroelectronics.X-CUBE-GNSS1.6.0.0
2024-05-11 17:49:08,686 [WARN] PackLoader:240 - Cannot read IP mode file for STMicroelectronics.X-CUBE-AZRTOS-F4.1.1.0
2024-05-11 17:49:08,693 [WARN] PackLoader:240 - Cannot read IP mode file for STMicroelectronics.X-CUBE-FREERTOS.1.2.0
2024-05-11 17:49:08,709 [WARN] PackLoader:240 - Cannot read IP mode file for STMicroelectronics.X-CUBE-AZRTOS-L5.2.0.0
2024-05-11 17:49:08,719 [WARN] PackLoader:240 - Cannot read IP mode file for STMicroelectronics.X-CUBE-NFC6.3.1.0
2024-05-11 17:49:08,725 [WARN] PackLoader:240 - Cannot read IP mode file for STMicroelectronics.X-CUBE-AI.9.0.0
2024-05-11 17:49:08,735 [WARN] PackLoader:240 - Cannot read IP mode file for STMicroelectronics.X-CUBE-NFC7.1.0.1
2024-05-11 17:49:08,756 [WARN] ConditionMgr:438 - getConditionDescription Invalid condition id : LAN8742 Phy interface Condition cause : null
2024-05-11 17:49:08,757 [WARN] PackLoader:240 - Cannot read IP mode file for STMicroelectronics.X-CUBE-AZRTOS-L4.2.0.0
2024-05-11 17:49:08,760 [WARN] ConditionMgr:1039 - genDependencies : Invalid condition id : LAN8742 Phy interface Condition cause : null
2024-05-11 17:49:08,760 [WARN] ConditionMgr:1039 - genDependencies : Invalid condition id : LAN8742 Phy interface Condition cause : null
2024-05-11 17:49:08,761 [WARN] ConditionMgr:1039 - genDependencies : Invalid condition id : LAN8742 Phy interface Condition cause : null
2024-05-11 17:49:08,772 [WARN] PackLoader:240 - Cannot read IP mode file for STMicroelectronics.X-CUBE-SFXS2LP1.4.0.0
2024-05-11 17:49:08,795 [WARN] ConditionMgr:438 - getConditionDescription Invalid condition id : UX DEVICE CLASS RTOS Condition cause : null
2024-05-11 17:49:08,796 [WARN] ConditionMgr:438 - getConditionDescription Invalid condition id : UX DEVICE CLASS RTOS Condition cause : null
2024-05-11 17:49:08,798 [WARN] PackLoader:240 - Cannot read IP mode file for STMicroelectronics.X-CUBE-AZRTOS-WB.2.0.0
2024-05-11 17:49:08,799 [WARN] ConditionMgr:1039 - genDependencies : Invalid condition id : UX DEVICE CLASS RTOS Condition cause : null
2024-05-11 17:49:08,800 [WARN] ConditionMgr:1039 - genDependencies : Invalid condition id : UX DEVICE CLASS RTOS Condition cause : null
2024-05-11 17:49:08,800 [WARN] ConditionMgr:1039 - genDependencies : Invalid condition id : UX DEVICE CLASS RTOS Condition cause : null
2024-05-11 17:49:08,801 [WARN] ConditionMgr:1039 - genDependencies : Invalid condition id : UX DEVICE CLASS RTOS Condition cause : null
2024-05-11 17:49:08,801 [WARN] ConditionMgr:1039 - genDependencies : Invalid condition id : UX DEVICE CLASS RTOS Condition cause : null
2024-05-11 17:49:08,820 [WARN] PackLoader:240 - Cannot read IP mode file for STMicroelectronics.X-CUBE-SUBG2.5.0.0
2024-05-11 17:49:08,840 [WARN] PackLoader:240 - Cannot read IP mode file for STMicroelectronics.X-CUBE-AZRTOS-G4.2.0.0
2024-05-11 17:49:08,846 [WARN] PackLoader:240 - Cannot read IP mode file for STMicroelectronics.X-CUBE-ISPU.2.0.0
2024-05-11 17:49:08,888 [WARN] PackLoader:240 - Cannot read IP mode file for STMicroelectronics.X-CUBE-MEMS1.10.0.0
2024-05-11 17:49:09,011 [WARN] PackLoader:240 - Cannot read IP mode file for portGmbH.I-Cube-SoM-uGOAL.1.1.0
2024-05-11 17:49:09,014 [WARN] PackLoader:240 - Cannot read IP mode file for STMicroelectronics.X-CUBE-ALS.1.0.1
2024-05-11 17:49:09,027 [WARN] PackLoader:240 - Cannot read IP mode file for STMicroelectronics.X-CUBE-AZRTOS-H7RS.1.0.0
2024-05-11 17:49:09,033 [WARN] PackLoader:240 - Cannot read IP mode file for STMicroelectronics.FP-ATR-ASTRA1.2.0.0
2024-05-11 17:49:09,043 [WARN] PackLoader:240 - Cannot read IP mode file for STMicroelectronics.X-CUBE-TOF1.3.4.1
2024-05-11 17:49:09,065 [WARN] PackLoader:240 - Cannot read IP mode file for STMicroelectronics.X-CUBE-AZRTOS-H7.3.2.0
2024-05-11 17:49:09,077 [WARN] PackLoader:240 - Cannot read IP mode file for Infineon.AIROC-Wi-Fi-Bluetooth-STM32.1.6.0
2024-05-11 17:49:09,081 [INFO] ThirdParty:978 - Integrity check success = true
2024-05-11 17:49:09,081 [INFO] IntegrityCheckThread:100 - exiting critical section [integrity check]
2024-05-11 17:49:09,081 [INFO] IntegrityCheckThread:103 - End integrity checks thread
