2024-06-14 14:04:50,204 [INFO] Activator:176 - 


2024-06-14 14:04:50,209 [INFO] Activator:177 - !SESSION log4j initialized
2024-06-14 14:04:52,707 [INFO] LogOutputStream:77 - [STDOUT_REDIRECT] 
2024-06-14 14:04:53,961 [INFO] ApplicationProperties:184 - Using Application install path: /home/athul-muralidhar/st/stm32cubeide_1.15.1/plugins/com.st.stm32cube.common.mx_6.11.1.202404110753
2024-06-14 14:04:53,985 [INFO] DbMcusXml:78 - Set database path to: /home/athul-muralidhar/st/stm32cubeide_1.15.1/plugins/com.st.stm32cube.common.mx_6.11.1.202404110753//db//mcu/
2024-06-14 14:04:53,986 [INFO] ApiDb:274 - Set plugin database path to: /home/athul-muralidhar/st/stm32cubeide_1.15.1/plugins/com.st.stm32cube.common.mx_6.11.1.202404110753//db//plugins/boardmanager/
2024-06-14 14:04:53,986 [WARN] ApiDb:259 - Overriding images path with different value:  => /home/athul-muralidhar/st/stm32cubeide_1.15.1/plugins/com.st.stm32cube.common.mx_6.11.1.202404110753//db//plugins/mcufinder/images/
2024-06-14 14:04:53,995 [INFO] ApiDb:250 - Set database path to: /home/athul-muralidhar/.stmcufinder/plugins/mcufinder//mcu/
2024-06-14 14:04:53,997 [INFO] DbMcusAds:125 - Set database path to: /home/athul-muralidhar/.stmcufinder/plugins/mcufinder//mcu/
2024-06-14 14:04:54,002 [INFO] CrossReferenceDbSqlite:203 - Set database path to: /home/athul-muralidhar/.stmcufinder/plugins/mcufinder//mcu/cs/
2024-06-14 14:04:54,150 [INFO] RulesReader:64 - Compatibility file has been processed (297 Rules)
2024-06-14 14:04:54,245 [INFO] DbMcusXml:78 - Set database path to: /home/athul-muralidhar/st/stm32cubeide_1.15.1/plugins/com.st.stm32cube.common.mx_6.11.1.202404110753//db//mcu/
2024-06-14 14:04:54,246 [INFO] ApiDb:274 - Set plugin database path to: /home/athul-muralidhar/st/stm32cubeide_1.15.1/plugins/com.st.stm32cube.common.mx_6.11.1.202404110753//db//plugins/boardmanager/
2024-06-14 14:04:54,246 [INFO] ApiDb:261 - Set plugin images path to: /home/athul-muralidhar/st/stm32cubeide_1.15.1/plugins/com.st.stm32cube.common.mx_6.11.1.202404110753//db//plugins/mcufinder/images/
2024-06-14 14:04:54,247 [WARN] DbFile:41 - Overriding database path with different value: /home/athul-muralidhar/.stmcufinder/plugins/mcufinder/ => /home/athul-muralidhar/.stmcufinder/plugins/mcufinder
2024-06-14 14:04:54,247 [INFO] ApiDb:250 - Set database path to: /home/athul-muralidhar/.stmcufinder/plugins/mcufinder//mcu/
2024-06-14 14:04:54,247 [WARN] DbFile:41 - Overriding database path with different value: /home/athul-muralidhar/.stmcufinder/plugins/mcufinder/ => /home/athul-muralidhar/.stmcufinder/plugins/mcufinder
2024-06-14 14:04:54,247 [INFO] DbMcusAds:125 - Set database path to: /home/athul-muralidhar/.stmcufinder/plugins/mcufinder//mcu/
2024-06-14 14:04:54,247 [WARN] DbFile:41 - Overriding database path with different value: /home/athul-muralidhar/.stmcufinder/plugins/mcufinder/ => /home/athul-muralidhar/.stmcufinder/plugins/mcufinder
2024-06-14 14:04:54,248 [WARN] DbFile:41 - Overriding database path with different value: /home/athul-muralidhar/.stmcufinder/plugins/mcufinder/ => /home/athul-muralidhar/.stmcufinder/plugins/mcufinder
2024-06-14 14:04:54,248 [INFO] CrossReferenceDbSqlite:203 - Set database path to: /home/athul-muralidhar/.stmcufinder/plugins/mcufinder//mcu/cs/
2024-06-14 14:04:54,349 [INFO] MainPanel:264 - HeapMemory: 268435456
2024-06-14 14:04:54,461 [INFO] DbMcusXml:78 - Set database path to: /home/athul-muralidhar/st/stm32cubeide_1.15.1/plugins/com.st.stm32cube.common.mx_6.11.1.202404110753//db//mcu/
2024-06-14 14:04:54,461 [INFO] ApiDb:274 - Set plugin database path to: /home/athul-muralidhar/st/stm32cubeide_1.15.1/plugins/com.st.stm32cube.common.mx_6.11.1.202404110753//db//plugins/boardmanager/
2024-06-14 14:04:54,461 [INFO] ApiDb:261 - Set plugin images path to: /home/athul-muralidhar/st/stm32cubeide_1.15.1/plugins/com.st.stm32cube.common.mx_6.11.1.202404110753//db//plugins/mcufinder/images/
2024-06-14 14:04:54,462 [WARN] DbFile:41 - Overriding database path with different value: /home/athul-muralidhar/.stmcufinder/plugins/mcufinder/ => /home/athul-muralidhar/.stmcufinder/plugins/mcufinder
2024-06-14 14:04:54,462 [INFO] ApiDb:250 - Set database path to: /home/athul-muralidhar/.stmcufinder/plugins/mcufinder//mcu/
2024-06-14 14:04:54,462 [WARN] DbFile:41 - Overriding database path with different value: /home/athul-muralidhar/.stmcufinder/plugins/mcufinder/ => /home/athul-muralidhar/.stmcufinder/plugins/mcufinder
2024-06-14 14:04:54,462 [INFO] DbMcusAds:125 - Set database path to: /home/athul-muralidhar/.stmcufinder/plugins/mcufinder//mcu/
2024-06-14 14:04:54,462 [WARN] DbFile:41 - Overriding database path with different value: /home/athul-muralidhar/.stmcufinder/plugins/mcufinder/ => /home/athul-muralidhar/.stmcufinder/plugins/mcufinder
2024-06-14 14:04:54,462 [WARN] DbFile:41 - Overriding database path with different value: /home/athul-muralidhar/.stmcufinder/plugins/mcufinder/ => /home/athul-muralidhar/.stmcufinder/plugins/mcufinder
2024-06-14 14:04:54,462 [INFO] CrossReferenceDbSqlite:203 - Set database path to: /home/athul-muralidhar/.stmcufinder/plugins/mcufinder//mcu/cs/
2024-06-14 14:04:54,480 [INFO] ApplicationProperties:184 - Using Application install path: /home/athul-muralidhar/st/stm32cubeide_1.15.1/plugins/com.st.stm32cube.common.mx_6.11.1.202404110753
2024-06-14 14:04:54,482 [INFO] PluginManage:196 - Search for loadable plugins [exclusion list=, ]
2024-06-14 14:04:54,483 [INFO] PluginManage:310 - Check plugin analytics
2024-06-14 14:04:54,643 [INFO] AnalyticsPlugin:253 - Accepted Software Licenses: STM32CubeMX.6.11.1
2024-06-14 14:04:54,643 [INFO] AnalyticsPlugin:255 - Accepted CMSIS Pack Licenses: 
2024-06-14 14:04:54,643 [INFO] AnalyticsPlugin:257 - Accepted Firmware Licenses: FW.F4.1.28.0
2024-06-14 14:04:54,646 [INFO] PluginManage:359 - Loaded plugin analytics (category:tool,tabindex:-1)
2024-06-14 14:04:54,647 [INFO] PluginManage:310 - Check plugin cadmodel
2024-06-14 14:04:54,684 [INFO] CADModel:105 - Init CAD model plugin
2024-06-14 14:04:54,684 [INFO] PluginManage:359 - Loaded plugin cadmodel (category:power,tabindex:5)
2024-06-14 14:04:54,684 [INFO] PluginManage:310 - Check plugin clock
2024-06-14 14:04:54,695 [INFO] PluginManage:359 - Loaded plugin clock (category:base,tabindex:2)
2024-06-14 14:04:54,695 [INFO] PluginManage:310 - Check plugin ddr
2024-06-14 14:04:54,697 [INFO] PluginManage:359 - Loaded plugin ddr (category:tool,tabindex:6)
2024-06-14 14:04:54,698 [INFO] PluginManage:310 - Check plugin filemanager
2024-06-14 14:04:54,887 [INFO] PluginManage:359 - Loaded plugin filemanager (category:base,tabindex:10)
2024-06-14 14:04:54,888 [INFO] PluginManage:310 - Check plugin ipmanager
2024-06-14 14:04:54,895 [INFO] PluginManage:359 - Loaded plugin ipmanager (category:base,tabindex:5)
2024-06-14 14:04:54,895 [INFO] PluginManage:310 - Check plugin lpbam
2024-06-14 14:04:54,906 [INFO] PluginManage:359 - Loaded plugin lpbam (category:base,tabindex:0)
2024-06-14 14:04:54,906 [INFO] PluginManage:310 - Check plugin memorymap
2024-06-14 14:04:54,921 [INFO] PluginManage:359 - Loaded plugin memorymap (category:base,tabindex:4)
2024-06-14 14:04:54,921 [INFO] PluginManage:310 - Check plugin pinoutandconfiguration
2024-06-14 14:04:54,930 [INFO] PluginManage:359 - Loaded plugin pinoutandconfiguration (category:base,tabindex:1)
2024-06-14 14:04:54,930 [INFO] PluginManage:310 - Check plugin pinoutconfig
2024-06-14 14:04:55,036 [WARN] SupportedApi:132 - Cannot load RTOS API schema: s4s-elt-must-match.1: The content of 'definitions' must match (annotation?, (simpleType | complexType)?, (unique | key | keyref)*)). A problem was found starting at: attribute.
2024-06-14 14:04:55,181 [INFO] PluginManage:359 - Loaded plugin pinoutconfig (category:base,tabindex:0)
2024-06-14 14:04:55,182 [INFO] PluginManage:310 - Check plugin power
2024-06-14 14:04:55,190 [INFO] PluginManage:359 - Loaded plugin power (category:power,tabindex:4)
2024-06-14 14:04:55,190 [INFO] PluginManage:310 - Check plugin projectmanager
2024-06-14 14:04:55,203 [INFO] PluginManage:359 - Loaded plugin projectmanager (category:projectmanager,tabindex:3)
2024-06-14 14:04:55,203 [INFO] PluginManage:310 - Check plugin thirdparty
2024-06-14 14:04:55,296 [INFO] PluginManage:359 - Loaded plugin thirdparty (category:base,tabindex:-1)
2024-06-14 14:04:55,295 [WARN] IntegrityCheckThread:84 - waiting for thirdparty lock release [integrity check]
2024-06-14 14:04:55,296 [INFO] IntegrityCheckThread:86 - entering critical section [integrity check]
2024-06-14 14:04:55,296 [INFO] PluginManage:310 - Check plugin tools
2024-06-14 14:04:55,296 [INFO] ThirdPartyUpdaterWithRetryManager:70 - Updater plugin not ready yet. [1/15]
2024-06-14 14:04:55,298 [INFO] PluginManage:359 - Loaded plugin tools (category:base,tabindex:7)
2024-06-14 14:04:55,299 [INFO] PluginManage:310 - Check plugin tutovideos
2024-06-14 14:04:55,439 [INFO] PluginManage:359 - Loaded plugin tutovideos (category:base,tabindex:-1)
2024-06-14 14:04:55,440 [INFO] PluginManage:310 - Check plugin updater
2024-06-14 14:04:55,448 [INFO] PluginManage:359 - Loaded plugin updater (category:base,tabindex:12)
2024-06-14 14:04:55,449 [INFO] PluginManage:310 - Check plugin userauth
2024-06-14 14:04:55,453 [INFO] UserAuth:114 - Init User Auth plugin
2024-06-14 14:04:55,454 [INFO] PluginManage:359 - Loaded plugin userauth (category:base,tabindex:14)
2024-06-14 14:04:55,454 [INFO] PluginManage:283 - PluginManage : Loaded plugins [17]
2024-06-14 14:04:55,609 [INFO] PinOutPanel:1561 - setPackage(No Configuration,No Configuration)
2024-06-14 14:04:55,661 [INFO] CADModel:165 - CPN selected for project level
2024-06-14 14:04:55,661 [INFO] CADModel:114 - Register for checkConnection events
2024-06-14 14:04:55,674 [INFO] IPUIPlugin:80 - create IPUIPlugin
2024-06-14 14:04:55,674 [INFO] PluginManager:220 - loadIPPluginJar : add linkedlist
2024-06-14 14:04:55,677 [INFO] IPUIPlugin:80 - create IPUIPlugin
2024-06-14 14:04:55,677 [INFO] PluginManager:220 - loadIPPluginJar : add fatfs
2024-06-14 14:04:55,678 [INFO] IPUIPlugin:80 - create IPUIPlugin
2024-06-14 14:04:55,678 [INFO] PluginManager:220 - loadIPPluginJar : add tracer_emb
2024-06-14 14:04:55,685 [INFO] IPUIPlugin:80 - create IPUIPlugin
2024-06-14 14:04:55,685 [INFO] PluginManager:220 - loadIPPluginJar : add stm32_wpan
2024-06-14 14:04:55,687 [INFO] IPUIPlugin:80 - create IPUIPlugin
2024-06-14 14:04:55,687 [INFO] PluginManager:220 - loadIPPluginJar : add touchsensing
2024-06-14 14:04:55,689 [INFO] IPUIPlugin:80 - create IPUIPlugin
2024-06-14 14:04:55,689 [INFO] PluginManager:220 - loadIPPluginJar : add i2s
2024-06-14 14:04:55,690 [INFO] IPUIPlugin:80 - create IPUIPlugin
2024-06-14 14:04:55,690 [INFO] PluginManager:220 - loadIPPluginJar : add dfsdm
2024-06-14 14:04:55,692 [INFO] IPUIPlugin:80 - create IPUIPlugin
2024-06-14 14:04:55,692 [INFO] PluginManager:220 - loadIPPluginJar : add resmgrutility
2024-06-14 14:04:55,694 [INFO] IPUIPlugin:80 - create IPUIPlugin
2024-06-14 14:04:55,694 [INFO] PluginManager:220 - loadIPPluginJar : add pdm2pcm
2024-06-14 14:04:55,695 [INFO] IPUIPlugin:80 - create IPUIPlugin
2024-06-14 14:04:55,695 [INFO] PluginManager:220 - loadIPPluginJar : add tim
2024-06-14 14:04:55,696 [INFO] IPUIPlugin:80 - create IPUIPlugin
2024-06-14 14:04:55,696 [INFO] PluginManager:220 - loadIPPluginJar : add lorawan
2024-06-14 14:04:55,699 [INFO] IPUIPlugin:80 - create IPUIPlugin
2024-06-14 14:04:55,699 [INFO] PluginManager:220 - loadIPPluginJar : add fmc
2024-06-14 14:04:55,701 [INFO] IPUIPlugin:80 - create IPUIPlugin
2024-06-14 14:04:55,701 [INFO] PluginManager:220 - loadIPPluginJar : add can
2024-06-14 14:04:55,708 [INFO] IPUIPlugin:80 - create IPUIPlugin
2024-06-14 14:04:55,708 [INFO] PluginManager:220 - loadIPPluginJar : add usbx
2024-06-14 14:04:55,709 [INFO] IPUIPlugin:80 - create IPUIPlugin
2024-06-14 14:04:55,709 [INFO] PluginManager:220 - loadIPPluginJar : add ltdc
2024-06-14 14:04:55,711 [INFO] IPUIPlugin:80 - create IPUIPlugin
2024-06-14 14:04:55,711 [INFO] PluginManager:220 - loadIPPluginJar : add ts
2024-06-14 14:04:55,712 [INFO] IPUIPlugin:80 - create IPUIPlugin
2024-06-14 14:04:55,713 [INFO] PluginManager:220 - loadIPPluginJar : add openamp
2024-06-14 14:04:55,714 [INFO] IPUIPlugin:80 - create IPUIPlugin
2024-06-14 14:04:55,714 [INFO] PluginManager:220 - loadIPPluginJar : add tsc
2024-06-14 14:04:55,715 [INFO] IPUIPlugin:80 - create IPUIPlugin
2024-06-14 14:04:55,715 [INFO] PluginManager:220 - loadIPPluginJar : add i2c
2024-06-14 14:04:55,716 [INFO] IPUIPlugin:80 - create IPUIPlugin
2024-06-14 14:04:55,716 [INFO] PluginManager:220 - loadIPPluginJar : add genericplugin
2024-06-14 14:04:55,717 [INFO] IPUIPlugin:80 - create IPUIPlugin
2024-06-14 14:04:55,717 [INFO] PluginManager:220 - loadIPPluginJar : add spi
2024-06-14 14:04:55,720 [INFO] IPUIPlugin:80 - create IPUIPlugin
2024-06-14 14:04:55,720 [INFO] PluginManager:220 - loadIPPluginJar : add nvic
2024-06-14 14:04:55,721 [INFO] IPUIPlugin:80 - create IPUIPlugin
2024-06-14 14:04:55,721 [INFO] PluginManager:220 - loadIPPluginJar : add ucpd
2024-06-14 14:04:55,725 [INFO] IPUIPlugin:80 - create IPUIPlugin
2024-06-14 14:04:55,725 [INFO] PluginManager:220 - loadIPPluginJar : add gic
2024-06-14 14:04:55,727 [INFO] IPUIPlugin:80 - create IPUIPlugin
2024-06-14 14:04:55,727 [INFO] PluginManager:220 - loadIPPluginJar : add dma3
2024-06-14 14:04:55,731 [INFO] IPUIPlugin:80 - create IPUIPlugin
2024-06-14 14:04:55,731 [INFO] PluginManager:220 - loadIPPluginJar : add adc
2024-06-14 14:04:55,735 [INFO] IPUIPlugin:80 - create IPUIPlugin
2024-06-14 14:04:55,736 [INFO] PluginManager:220 - loadIPPluginJar : add mdma
2024-06-14 14:04:55,737 [INFO] IPUIPlugin:80 - create IPUIPlugin
2024-06-14 14:04:55,737 [INFO] PluginManager:220 - loadIPPluginJar : add gtzc
2024-06-14 14:04:55,738 [INFO] IPUIPlugin:80 - create IPUIPlugin
2024-06-14 14:04:55,738 [INFO] PluginManager:220 - loadIPPluginJar : add quadspi
2024-06-14 14:04:55,740 [INFO] IPUIPlugin:80 - create IPUIPlugin
2024-06-14 14:04:55,740 [INFO] PluginManager:220 - loadIPPluginJar : add extmemmanager
2024-06-14 14:04:55,741 [INFO] IPUIPlugin:80 - create IPUIPlugin
2024-06-14 14:04:55,741 [INFO] PluginManager:220 - loadIPPluginJar : add usart
2024-06-14 14:04:55,743 [INFO] IPUIPlugin:80 - create IPUIPlugin
2024-06-14 14:04:55,743 [INFO] PluginManager:220 - loadIPPluginJar : add opamp
2024-06-14 14:04:55,744 [INFO] IPUIPlugin:80 - create IPUIPlugin
2024-06-14 14:04:55,744 [INFO] PluginManager:220 - loadIPPluginJar : add i3c
2024-06-14 14:04:55,748 [INFO] IPUIPlugin:80 - create IPUIPlugin
2024-06-14 14:04:55,750 [INFO] PluginManager:220 - loadIPPluginJar : add plateformsettings
2024-06-14 14:04:55,752 [INFO] IPUIPlugin:80 - create IPUIPlugin
2024-06-14 14:04:55,752 [INFO] PluginManager:220 - loadIPPluginJar : add ipddr
2024-06-14 14:04:55,754 [INFO] IPUIPlugin:80 - create IPUIPlugin
2024-06-14 14:04:55,754 [INFO] PluginManager:220 - loadIPPluginJar : add sai
2024-06-14 14:04:55,754 [INFO] IPUIPlugin:80 - create IPUIPlugin
2024-06-14 14:04:55,754 [INFO] PluginManager:220 - loadIPPluginJar : add comp
2024-06-14 14:04:55,756 [INFO] IPUIPlugin:80 - create IPUIPlugin
2024-06-14 14:04:55,756 [INFO] PluginManager:220 - loadIPPluginJar : add hash
2024-06-14 14:04:55,759 [INFO] IPUIPlugin:80 - create IPUIPlugin
2024-06-14 14:04:55,759 [INFO] PluginManager:220 - loadIPPluginJar : add dma
2024-06-14 14:04:55,761 [INFO] IPUIPlugin:80 - create IPUIPlugin
2024-06-14 14:04:55,761 [INFO] PluginManager:220 - loadIPPluginJar : add aes
2024-06-14 14:04:55,765 [INFO] IPUIPlugin:80 - create IPUIPlugin
2024-06-14 14:04:55,765 [INFO] PluginManager:220 - loadIPPluginJar : add freertos
2024-06-14 14:04:55,767 [INFO] IPUIPlugin:80 - create IPUIPlugin
2024-06-14 14:04:55,768 [INFO] PluginManager:220 - loadIPPluginJar : add gpio
2024-06-14 14:04:55,769 [INFO] IPUIPlugin:80 - create IPUIPlugin
2024-06-14 14:04:55,769 [INFO] PluginManager:220 - loadIPPluginJar : add cryp
2024-06-14 14:04:55,770 [INFO] IPUIPlugin:80 - create IPUIPlugin
2024-06-14 14:04:55,770 [INFO] PluginManager:220 - loadIPPluginJar : add gfxmmu
2024-06-14 14:04:55,865 [INFO] CADModel:165 - CPN selected for project level
2024-06-14 14:04:55,865 [INFO] CADModel:114 - Register for checkConnection events
2024-06-14 14:04:55,866 [FATAL] Updater:308 - Updater called before beeing initialized
2024-06-14 14:04:55,866 [ERROR] CADModel:125 - Updater not yet initialized, retry later 
2024-06-14 14:04:55,961 [INFO] CADModel:165 - CPN selected for project level
2024-06-14 14:04:55,961 [INFO] CADModel:114 - Register for checkConnection events
2024-06-14 14:04:55,961 [FATAL] Updater:308 - Updater called before beeing initialized
2024-06-14 14:04:55,961 [ERROR] CADModel:125 - Updater not yet initialized, retry later 
2024-06-14 14:04:55,963 [FATAL] Updater:308 - Updater called before beeing initialized
2024-06-14 14:04:56,027 [FATAL] Updater:308 - Updater called before beeing initialized
2024-06-14 14:04:56,031 [INFO] DbMcusAds:53 - JSON generation date=Thu May 16 11:22:00 CEST 2024 (1715851320667)
2024-06-14 14:04:56,031 [FATAL] Updater:308 - Updater called before beeing initialized
2024-06-14 14:04:56,062 [WARN] DetailPanel:346 - Failed to get advertising image, set to default
2024-06-14 14:04:56,132 [FATAL] Updater:308 - Updater called before beeing initialized
2024-06-14 14:04:56,134 [FATAL] Updater:308 - Updater called before beeing initialized
2024-06-14 14:04:56,134 [FATAL] Updater:308 - Updater called before beeing initialized
2024-06-14 14:04:56,134 [WARN] DetailPanel:346 - Failed to get advertising image, set to default
2024-06-14 14:04:56,135 [FATAL] Updater:308 - Updater called before beeing initialized
2024-06-14 14:04:56,160 [ERROR] Updater:1120 - MainUpdater not yet initialized. External WinMGr cannot be set.
2024-06-14 14:04:56,161 [INFO] Updater:1056 - Updater Version found : 6.11.1
2024-06-14 14:04:56,178 [INFO] ApplicationProperties:184 - Using Application install path: /home/athul-muralidhar/st/stm32cubeide_1.15.1/plugins/com.st.stm32cube.common.mx_6.11.1.202404110753
2024-06-14 14:04:56,436 [INFO] MainUpdater:2873 - connection check result : 10
2024-06-14 14:04:56,436 [INFO] MainUpdater:290 - Updater Check For Update Now.
2024-06-14 14:04:56,437 [INFO] MicroXplorer:498 - Change Database Version : DB.6.0.111
2024-06-14 14:04:56,441 [INFO] McuFinderGlobals:63 - Set McuFinder mode to 2 (CubeIDE integrated)
2024-06-14 14:04:56,448 [INFO] UserAuth:415 - Internet connection configuration mode: 1
2024-06-14 14:04:56,465 [INFO] JxBrowserEngine:152 - Initiate JxBrowser Engine with user profile folder
2024-06-14 14:04:56,618 [INFO] CheckServerUpdateThread:120 - End of CheckServer Thread
2024-06-14 14:04:57,161 [INFO] WebApp:161 - Instantiating new browser for Auth
2024-06-14 14:04:57,612 [INFO] WebApp:779 - Register for checkConnection events
2024-06-14 14:04:57,613 [INFO] WebApp:414 - Apply proxy settings
2024-06-14 14:04:57,613 [INFO] WebApp:499 - Chromium requires no authentication
2024-06-14 14:04:57,617 [INFO] WebApp:442 - Direct internet connection detected
2024-06-14 14:04:57,706 [INFO] WebApp:192 - Starting web application
2024-06-14 14:04:57,707 [INFO] WebApp:544 - Web application path used /home/athul-muralidhar/st/stm32cubeide_1.15.1/plugins/com.st.stm32cube.common.mx_6.11.1.202404110753/db/plugins/mcufinder/reactClient1/index.html
2024-06-14 14:04:58,372 [WARN] PackLoader:240 - Cannot read IP mode file for STMicroelectronics.FP-SNS-MOTENVWB1.1.4.0
2024-06-14 14:04:58,378 [WARN] PackLoader:240 - Cannot read IP mode file for STMicroelectronics.X-CUBE-SMBUS.2.1.0
2024-06-14 14:04:58,381 [WARN] PackLoader:240 - Cannot read IP mode file for STMicroelectronics.X-CUBE-TOUCHGFX.4.23.2
2024-06-14 14:04:58,405 [WARN] PackLoader:240 - Cannot read IP mode file for STMicroelectronics.X-CUBE-AZRTOS-F7.1.1.0
2024-06-14 14:04:58,418 [WARN] PackLoader:240 - Cannot read IP mode file for STMicroelectronics.FP-SNS-FLIGHT1.5.0.2
2024-06-14 14:04:58,428 [WARN] PackLoader:240 - Cannot read IP mode file for STMicroelectronics.X-CUBE-DISPLAY.3.0.0
2024-06-14 14:04:58,443 [WARN] PackLoader:240 - Cannot read IP mode file for STMicroelectronics.X-CUBE-BLE1.7.0.0
2024-06-14 14:04:58,450 [WARN] PackLoader:240 - Cannot read IP mode file for emotas.I-CUBE-CANOPEN.1.3.0
2024-06-14 14:04:58,464 [WARN] PackLoader:240 - Cannot read IP mode file for STMicroelectronics.X-CUBE-BLEMGR.3.1.0
2024-06-14 14:04:58,472 [WARN] PackLoader:240 - Cannot read IP mode file for STMicroelectronics.FP-SNS-SMARTAG2.1.2.0
2024-06-14 14:04:58,482 [INFO] LogOutputStream:77 - [STDOUT_REDIRECT] 1 : Invalid condition id : UX_CORESTACK_Condition cause : null
2024-06-14 14:04:58,483 [INFO] LogOutputStream:77 - [STDOUT_REDIRECT] 1 : Invalid condition id : UX_CORESTACK_Condition cause : null
2024-06-14 14:04:58,483 [INFO] LogOutputStream:77 - [STDOUT_REDIRECT] 1 : Invalid condition id : UX_CORESTACK_Condition cause : null
2024-06-14 14:04:58,483 [INFO] LogOutputStream:77 - [STDOUT_REDIRECT] 1 : Invalid condition id : UX_CORESTACK_Condition cause : null
2024-06-14 14:04:58,484 [INFO] LogOutputStream:77 - [STDOUT_REDIRECT] 1 : Invalid condition id : UX_CORESTACK_Condition cause : null
2024-06-14 14:04:58,488 [WARN] PackLoader:240 - Cannot read IP mode file for STMicroelectronics.X-CUBE-AZRTOS-WL.2.0.0
2024-06-14 14:04:58,494 [WARN] PackLoader:240 - Cannot read IP mode file for STMicroelectronics.FP-SNS-MOTENV1.5.0.0
2024-06-14 14:04:58,499 [WARN] PackLoader:240 - Cannot read IP mode file for wolfSSL.I-CUBE-wolfMQTT.1.19.0
2024-06-14 14:04:58,506 [WARN] PackLoader:240 - Cannot read IP mode file for WES.I-CUBE-Cesium.1.3.0
2024-06-14 14:04:58,511 [WARN] PackLoader:240 - Cannot read IP mode file for STMicroelectronics.X-CUBE-BLE2.3.3.0
2024-06-14 14:04:58,518 [WARN] PackLoader:240 - Cannot read IP mode file for STMicroelectronics.X-CUBE-TCPP.4.1.0
2024-06-14 14:04:58,538 [WARN] PackLoader:240 - Cannot read IP mode file for STMicroelectronics.X-CUBE-AZRTOS-G0.1.1.0
2024-06-14 14:04:58,546 [WARN] PackLoader:240 - Cannot read IP mode file for STMicroelectronics.X-CUBE-SAFEA1.1.2.2
2024-06-14 14:04:58,550 [WARN] PackLoader:240 - Cannot read IP mode file for STMicroelectronics.X-CUBE-NFC4.3.0.0
2024-06-14 14:04:58,555 [WARN] PackLoader:240 - Cannot read IP mode file for wolfSSL.I-CUBE-wolfSSL.5.7.0
2024-06-14 14:04:58,559 [WARN] PackLoader:240 - Cannot read IP mode file for STMicroelectronics.FP-ATR-SIGFOX1.3.2.0
2024-06-14 14:04:58,565 [WARN] PackLoader:240 - Cannot read IP mode file for STMicroelectronics.X-CUBE-EEPRMA1.5.1.0
2024-06-14 14:04:58,572 [WARN] PackLoader:240 - Cannot read IP mode file for ITTIA_DB.I-CUBE-ITTIADB.8.9.0
2024-06-14 14:04:58,609 [WARN] PackLoader:240 - Cannot read IP mode file for SEGGER.I-CUBE-embOS.1.3.1
2024-06-14 14:04:58,679 [WARN] PackLoader:240 - Cannot read IP mode file for STMicroelectronics.X-CUBE-ALGOBUILD.1.4.0
2024-06-14 14:04:58,686 [WARN] PackLoader:240 - Cannot read IP mode file for STMicroelectronics.X-CUBE-GNSS1.6.0.0
2024-06-14 14:04:58,707 [WARN] PackLoader:240 - Cannot read IP mode file for STMicroelectronics.X-CUBE-AZRTOS-F4.1.1.0
2024-06-14 14:04:58,716 [WARN] PackLoader:240 - Cannot read IP mode file for STMicroelectronics.X-CUBE-FREERTOS.1.2.0
2024-06-14 14:04:58,735 [WARN] PackLoader:240 - Cannot read IP mode file for STMicroelectronics.X-CUBE-AZRTOS-L5.2.0.0
2024-06-14 14:04:58,746 [WARN] PackLoader:240 - Cannot read IP mode file for STMicroelectronics.X-CUBE-NFC6.3.1.0
2024-06-14 14:04:58,753 [WARN] PackLoader:240 - Cannot read IP mode file for STMicroelectronics.X-CUBE-AI.9.0.0
2024-06-14 14:04:58,758 [WARN] PackLoader:240 - Cannot read IP mode file for STMicroelectronics.X-CUBE-NFC7.1.0.1
2024-06-14 14:04:58,778 [WARN] ConditionMgr:438 - getConditionDescription Invalid condition id : LAN8742 Phy interface Condition cause : null
2024-06-14 14:04:58,779 [WARN] PackLoader:240 - Cannot read IP mode file for STMicroelectronics.X-CUBE-AZRTOS-L4.2.0.0
2024-06-14 14:04:58,780 [WARN] ConditionMgr:1039 - genDependencies : Invalid condition id : LAN8742 Phy interface Condition cause : null
2024-06-14 14:04:58,780 [WARN] ConditionMgr:1039 - genDependencies : Invalid condition id : LAN8742 Phy interface Condition cause : null
2024-06-14 14:04:58,781 [WARN] ConditionMgr:1039 - genDependencies : Invalid condition id : LAN8742 Phy interface Condition cause : null
2024-06-14 14:04:58,786 [WARN] PackLoader:240 - Cannot read IP mode file for STMicroelectronics.X-CUBE-SFXS2LP1.4.0.0
2024-06-14 14:04:58,797 [WARN] ConditionMgr:438 - getConditionDescription Invalid condition id : UX DEVICE CLASS RTOS Condition cause : null
2024-06-14 14:04:58,798 [WARN] ConditionMgr:438 - getConditionDescription Invalid condition id : UX DEVICE CLASS RTOS Condition cause : null
2024-06-14 14:04:58,799 [WARN] PackLoader:240 - Cannot read IP mode file for STMicroelectronics.X-CUBE-AZRTOS-WB.2.0.0
2024-06-14 14:04:58,800 [WARN] ConditionMgr:1039 - genDependencies : Invalid condition id : UX DEVICE CLASS RTOS Condition cause : null
2024-06-14 14:04:58,800 [WARN] ConditionMgr:1039 - genDependencies : Invalid condition id : UX DEVICE CLASS RTOS Condition cause : null
2024-06-14 14:04:58,801 [WARN] ConditionMgr:1039 - genDependencies : Invalid condition id : UX DEVICE CLASS RTOS Condition cause : null
2024-06-14 14:04:58,801 [WARN] ConditionMgr:1039 - genDependencies : Invalid condition id : UX DEVICE CLASS RTOS Condition cause : null
2024-06-14 14:04:58,801 [WARN] ConditionMgr:1039 - genDependencies : Invalid condition id : UX DEVICE CLASS RTOS Condition cause : null
2024-06-14 14:04:58,809 [WARN] PackLoader:240 - Cannot read IP mode file for STMicroelectronics.X-CUBE-SUBG2.5.0.0
2024-06-14 14:04:58,816 [WARN] PackLoader:240 - Cannot read IP mode file for Cesanta.I-CUBE-Mongoose.7.13.0
2024-06-14 14:04:58,828 [WARN] PackLoader:240 - Cannot read IP mode file for STMicroelectronics.X-CUBE-AZRTOS-G4.2.0.0
2024-06-14 14:04:58,833 [WARN] PackLoader:240 - Cannot read IP mode file for STMicroelectronics.X-CUBE-ISPU.2.0.0
2024-06-14 14:04:58,836 [WARN] PackLoader:240 - Cannot read IP mode file for STMicroelectronics.X-CUBE-ALS.1.0.2
2024-06-14 14:04:58,889 [WARN] PackLoader:240 - Cannot read IP mode file for STMicroelectronics.X-CUBE-MEMS1.10.0.0
2024-06-14 14:04:59,075 [WARN] PackLoader:240 - Cannot read IP mode file for portGmbH.I-Cube-SoM-uGOAL.1.1.0
2024-06-14 14:04:59,079 [WARN] PackLoader:240 - Cannot read IP mode file for STMicroelectronics.X-CUBE-ALS.1.0.1
2024-06-14 14:04:59,098 [WARN] PackLoader:240 - Cannot read IP mode file for STMicroelectronics.X-CUBE-AZRTOS-H7RS.1.0.0
2024-06-14 14:04:59,104 [WARN] PackLoader:240 - Cannot read IP mode file for STMicroelectronics.FP-ATR-ASTRA1.2.0.0
2024-06-14 14:04:59,115 [WARN] PackLoader:240 - Cannot read IP mode file for STMicroelectronics.X-CUBE-TOF1.3.4.1
2024-06-14 14:04:59,158 [WARN] PackLoader:240 - Cannot read IP mode file for STMicroelectronics.X-CUBE-AZRTOS-H7.3.2.0
2024-06-14 14:04:59,177 [WARN] PackLoader:240 - Cannot read IP mode file for Infineon.AIROC-Wi-Fi-Bluetooth-STM32.1.6.0
2024-06-14 14:04:59,183 [INFO] ThirdParty:978 - Integrity check success = true
2024-06-14 14:04:59,183 [INFO] IntegrityCheckThread:100 - exiting critical section [integrity check]
2024-06-14 14:04:59,183 [INFO] IntegrityCheckThread:103 - End integrity checks thread
2024-06-14 17:45:31,503 [ERROR] LogOutputStream:75 - [STDERR_REDIRECT] 
