2024-05-12 15:26:31,873 [INFO] Activator:176 - 


2024-05-12 15:26:31,878 [INFO] Activator:177 - !SESSION log4j initialized
2024-05-12 15:26:34,451 [INFO] LogOutputStream:77 - [STDOUT_REDIRECT] 
2024-05-12 15:26:37,226 [INFO] ApplicationProperties:184 - Using Application install path: /home/athul-muralidhar/st/stm32cubeide_1.15.1/plugins/com.st.stm32cube.common.mx_6.11.1.202404110753
2024-05-12 15:26:37,243 [INFO] DbMcusXml:78 - Set database path to: /home/athul-muralidhar/st/stm32cubeide_1.15.1/plugins/com.st.stm32cube.common.mx_6.11.1.202404110753//db//mcu/
2024-05-12 15:26:37,244 [INFO] ApiDb:274 - Set plugin database path to: /home/athul-muralidhar/st/stm32cubeide_1.15.1/plugins/com.st.stm32cube.common.mx_6.11.1.202404110753//db//plugins/boardmanager/
2024-05-12 15:26:37,244 [WARN] ApiDb:259 - Overriding images path with different value:  => /home/athul-muralidhar/st/stm32cubeide_1.15.1/plugins/com.st.stm32cube.common.mx_6.11.1.202404110753//db//plugins/mcufinder/images/
2024-05-12 15:26:37,248 [INFO] ApiDb:250 - Set database path to: /home/athul-muralidhar/.stmcufinder/plugins/mcufinder//mcu/
2024-05-12 15:26:37,249 [INFO] DbMcusAds:125 - Set database path to: /home/athul-muralidhar/.stmcufinder/plugins/mcufinder//mcu/
2024-05-12 15:26:37,251 [INFO] CrossReferenceDbSqlite:203 - Set database path to: /home/athul-muralidhar/.stmcufinder/plugins/mcufinder//mcu/cs/
2024-05-12 15:26:37,368 [INFO] RulesReader:64 - Compatibility file has been processed (297 Rules)
2024-05-12 15:26:37,432 [INFO] DbMcusXml:78 - Set database path to: /home/athul-muralidhar/st/stm32cubeide_1.15.1/plugins/com.st.stm32cube.common.mx_6.11.1.202404110753//db//mcu/
2024-05-12 15:26:37,433 [INFO] ApiDb:274 - Set plugin database path to: /home/athul-muralidhar/st/stm32cubeide_1.15.1/plugins/com.st.stm32cube.common.mx_6.11.1.202404110753//db//plugins/boardmanager/
2024-05-12 15:26:37,433 [INFO] ApiDb:261 - Set plugin images path to: /home/athul-muralidhar/st/stm32cubeide_1.15.1/plugins/com.st.stm32cube.common.mx_6.11.1.202404110753//db//plugins/mcufinder/images/
2024-05-12 15:26:37,433 [WARN] DbFile:41 - Overriding database path with different value: /home/athul-muralidhar/.stmcufinder/plugins/mcufinder/ => /home/athul-muralidhar/.stmcufinder/plugins/mcufinder
2024-05-12 15:26:37,433 [INFO] ApiDb:250 - Set database path to: /home/athul-muralidhar/.stmcufinder/plugins/mcufinder//mcu/
2024-05-12 15:26:37,434 [WARN] DbFile:41 - Overriding database path with different value: /home/athul-muralidhar/.stmcufinder/plugins/mcufinder/ => /home/athul-muralidhar/.stmcufinder/plugins/mcufinder
2024-05-12 15:26:37,434 [INFO] DbMcusAds:125 - Set database path to: /home/athul-muralidhar/.stmcufinder/plugins/mcufinder//mcu/
2024-05-12 15:26:37,434 [WARN] DbFile:41 - Overriding database path with different value: /home/athul-muralidhar/.stmcufinder/plugins/mcufinder/ => /home/athul-muralidhar/.stmcufinder/plugins/mcufinder
2024-05-12 15:26:37,434 [WARN] DbFile:41 - Overriding database path with different value: /home/athul-muralidhar/.stmcufinder/plugins/mcufinder/ => /home/athul-muralidhar/.stmcufinder/plugins/mcufinder
2024-05-12 15:26:37,434 [INFO] CrossReferenceDbSqlite:203 - Set database path to: /home/athul-muralidhar/.stmcufinder/plugins/mcufinder//mcu/cs/
2024-05-12 15:26:37,506 [INFO] MainPanel:264 - HeapMemory: 268435456
2024-05-12 15:26:37,591 [INFO] DbMcusXml:78 - Set database path to: /home/athul-muralidhar/st/stm32cubeide_1.15.1/plugins/com.st.stm32cube.common.mx_6.11.1.202404110753//db//mcu/
2024-05-12 15:26:37,591 [INFO] ApiDb:274 - Set plugin database path to: /home/athul-muralidhar/st/stm32cubeide_1.15.1/plugins/com.st.stm32cube.common.mx_6.11.1.202404110753//db//plugins/boardmanager/
2024-05-12 15:26:37,592 [INFO] ApiDb:261 - Set plugin images path to: /home/athul-muralidhar/st/stm32cubeide_1.15.1/plugins/com.st.stm32cube.common.mx_6.11.1.202404110753//db//plugins/mcufinder/images/
2024-05-12 15:26:37,592 [WARN] DbFile:41 - Overriding database path with different value: /home/athul-muralidhar/.stmcufinder/plugins/mcufinder/ => /home/athul-muralidhar/.stmcufinder/plugins/mcufinder
2024-05-12 15:26:37,592 [INFO] ApiDb:250 - Set database path to: /home/athul-muralidhar/.stmcufinder/plugins/mcufinder//mcu/
2024-05-12 15:26:37,592 [WARN] DbFile:41 - Overriding database path with different value: /home/athul-muralidhar/.stmcufinder/plugins/mcufinder/ => /home/athul-muralidhar/.stmcufinder/plugins/mcufinder
2024-05-12 15:26:37,592 [INFO] DbMcusAds:125 - Set database path to: /home/athul-muralidhar/.stmcufinder/plugins/mcufinder//mcu/
2024-05-12 15:26:37,593 [WARN] DbFile:41 - Overriding database path with different value: /home/athul-muralidhar/.stmcufinder/plugins/mcufinder/ => /home/athul-muralidhar/.stmcufinder/plugins/mcufinder
2024-05-12 15:26:37,593 [WARN] DbFile:41 - Overriding database path with different value: /home/athul-muralidhar/.stmcufinder/plugins/mcufinder/ => /home/athul-muralidhar/.stmcufinder/plugins/mcufinder
2024-05-12 15:26:37,593 [INFO] CrossReferenceDbSqlite:203 - Set database path to: /home/athul-muralidhar/.stmcufinder/plugins/mcufinder//mcu/cs/
2024-05-12 15:26:37,611 [INFO] ApplicationProperties:184 - Using Application install path: /home/athul-muralidhar/st/stm32cubeide_1.15.1/plugins/com.st.stm32cube.common.mx_6.11.1.202404110753
2024-05-12 15:26:37,613 [INFO] PluginManage:196 - Search for loadable plugins [exclusion list=, ]
2024-05-12 15:26:37,614 [INFO] PluginManage:310 - Check plugin analytics
2024-05-12 15:26:37,777 [INFO] AnalyticsPlugin:253 - Accepted Software Licenses: 
2024-05-12 15:26:37,777 [INFO] AnalyticsPlugin:255 - Accepted CMSIS Pack Licenses: 
2024-05-12 15:26:37,777 [INFO] AnalyticsPlugin:257 - Accepted Firmware Licenses: 
2024-05-12 15:26:37,779 [INFO] PluginManage:359 - Loaded plugin analytics (category:tool,tabindex:-1)
2024-05-12 15:26:37,780 [INFO] PluginManage:310 - Check plugin cadmodel
2024-05-12 15:26:37,805 [INFO] CADModel:105 - Init CAD model plugin
2024-05-12 15:26:37,805 [INFO] PluginManage:359 - Loaded plugin cadmodel (category:power,tabindex:5)
2024-05-12 15:26:37,806 [INFO] PluginManage:310 - Check plugin clock
2024-05-12 15:26:37,814 [INFO] PluginManage:359 - Loaded plugin clock (category:base,tabindex:2)
2024-05-12 15:26:37,814 [INFO] PluginManage:310 - Check plugin ddr
2024-05-12 15:26:37,816 [INFO] PluginManage:359 - Loaded plugin ddr (category:tool,tabindex:6)
2024-05-12 15:26:37,816 [INFO] PluginManage:310 - Check plugin filemanager
2024-05-12 15:26:37,971 [INFO] PluginManage:359 - Loaded plugin filemanager (category:base,tabindex:10)
2024-05-12 15:26:37,972 [INFO] PluginManage:310 - Check plugin ipmanager
2024-05-12 15:26:37,978 [INFO] PluginManage:359 - Loaded plugin ipmanager (category:base,tabindex:5)
2024-05-12 15:26:37,978 [INFO] PluginManage:310 - Check plugin lpbam
2024-05-12 15:26:37,987 [INFO] PluginManage:359 - Loaded plugin lpbam (category:base,tabindex:0)
2024-05-12 15:26:37,987 [INFO] PluginManage:310 - Check plugin memorymap
2024-05-12 15:26:37,998 [INFO] PluginManage:359 - Loaded plugin memorymap (category:base,tabindex:4)
2024-05-12 15:26:37,998 [INFO] PluginManage:310 - Check plugin pinoutandconfiguration
2024-05-12 15:26:38,005 [INFO] PluginManage:359 - Loaded plugin pinoutandconfiguration (category:base,tabindex:1)
2024-05-12 15:26:38,005 [INFO] PluginManage:310 - Check plugin pinoutconfig
2024-05-12 15:26:38,097 [WARN] SupportedApi:132 - Cannot load RTOS API schema: s4s-elt-must-match.1: The content of 'definitions' must match (annotation?, (simpleType | complexType)?, (unique | key | keyref)*)). A problem was found starting at: attribute.
2024-05-12 15:26:38,236 [INFO] PluginManage:359 - Loaded plugin pinoutconfig (category:base,tabindex:0)
2024-05-12 15:26:38,237 [INFO] PluginManage:310 - Check plugin power
2024-05-12 15:26:38,245 [INFO] PluginManage:359 - Loaded plugin power (category:power,tabindex:4)
2024-05-12 15:26:38,245 [INFO] PluginManage:310 - Check plugin projectmanager
2024-05-12 15:26:38,262 [INFO] PluginManage:359 - Loaded plugin projectmanager (category:projectmanager,tabindex:3)
2024-05-12 15:26:38,263 [INFO] PluginManage:310 - Check plugin thirdparty
2024-05-12 15:26:38,383 [INFO] PluginManage:359 - Loaded plugin thirdparty (category:base,tabindex:-1)
2024-05-12 15:26:38,383 [WARN] IntegrityCheckThread:84 - waiting for thirdparty lock release [integrity check]
2024-05-12 15:26:38,383 [INFO] PluginManage:310 - Check plugin tools
2024-05-12 15:26:38,383 [INFO] IntegrityCheckThread:86 - entering critical section [integrity check]
2024-05-12 15:26:38,384 [INFO] ThirdPartyUpdaterWithRetryManager:70 - Updater plugin not ready yet. [1/15]
2024-05-12 15:26:38,386 [INFO] PluginManage:359 - Loaded plugin tools (category:base,tabindex:7)
2024-05-12 15:26:38,386 [INFO] PluginManage:310 - Check plugin tutovideos
2024-05-12 15:26:38,606 [INFO] PluginManage:359 - Loaded plugin tutovideos (category:base,tabindex:-1)
2024-05-12 15:26:38,606 [INFO] PluginManage:310 - Check plugin updater
2024-05-12 15:26:38,616 [INFO] PluginManage:359 - Loaded plugin updater (category:base,tabindex:12)
2024-05-12 15:26:38,616 [INFO] PluginManage:310 - Check plugin userauth
2024-05-12 15:26:38,620 [INFO] UserAuth:114 - Init User Auth plugin
2024-05-12 15:26:38,620 [INFO] PluginManage:359 - Loaded plugin userauth (category:base,tabindex:14)
2024-05-12 15:26:38,621 [INFO] PluginManage:283 - PluginManage : Loaded plugins [17]
2024-05-12 15:26:38,793 [INFO] PinOutPanel:1561 - setPackage(No Configuration,No Configuration)
2024-05-12 15:26:38,848 [INFO] CADModel:165 - CPN selected for project level
2024-05-12 15:26:38,849 [INFO] CADModel:114 - Register for checkConnection events
2024-05-12 15:26:38,860 [INFO] IPUIPlugin:80 - create IPUIPlugin
2024-05-12 15:26:38,860 [INFO] PluginManager:220 - loadIPPluginJar : add linkedlist
2024-05-12 15:26:38,862 [INFO] IPUIPlugin:80 - create IPUIPlugin
2024-05-12 15:26:38,862 [INFO] PluginManager:220 - loadIPPluginJar : add fatfs
2024-05-12 15:26:38,863 [INFO] IPUIPlugin:80 - create IPUIPlugin
2024-05-12 15:26:38,864 [INFO] PluginManager:220 - loadIPPluginJar : add tracer_emb
2024-05-12 15:26:38,870 [INFO] IPUIPlugin:80 - create IPUIPlugin
2024-05-12 15:26:38,870 [INFO] PluginManager:220 - loadIPPluginJar : add stm32_wpan
2024-05-12 15:26:38,873 [INFO] IPUIPlugin:80 - create IPUIPlugin
2024-05-12 15:26:38,873 [INFO] PluginManager:220 - loadIPPluginJar : add touchsensing
2024-05-12 15:26:38,874 [INFO] IPUIPlugin:80 - create IPUIPlugin
2024-05-12 15:26:38,875 [INFO] PluginManager:220 - loadIPPluginJar : add i2s
2024-05-12 15:26:38,876 [INFO] IPUIPlugin:80 - create IPUIPlugin
2024-05-12 15:26:38,876 [INFO] PluginManager:220 - loadIPPluginJar : add dfsdm
2024-05-12 15:26:38,878 [INFO] IPUIPlugin:80 - create IPUIPlugin
2024-05-12 15:26:38,878 [INFO] PluginManager:220 - loadIPPluginJar : add resmgrutility
2024-05-12 15:26:38,880 [INFO] IPUIPlugin:80 - create IPUIPlugin
2024-05-12 15:26:38,880 [INFO] PluginManager:220 - loadIPPluginJar : add pdm2pcm
2024-05-12 15:26:38,881 [INFO] IPUIPlugin:80 - create IPUIPlugin
2024-05-12 15:26:38,881 [INFO] PluginManager:220 - loadIPPluginJar : add tim
2024-05-12 15:26:38,882 [INFO] IPUIPlugin:80 - create IPUIPlugin
2024-05-12 15:26:38,883 [INFO] PluginManager:220 - loadIPPluginJar : add lorawan
2024-05-12 15:26:38,885 [INFO] IPUIPlugin:80 - create IPUIPlugin
2024-05-12 15:26:38,886 [INFO] PluginManager:220 - loadIPPluginJar : add fmc
2024-05-12 15:26:38,888 [INFO] IPUIPlugin:80 - create IPUIPlugin
2024-05-12 15:26:38,888 [INFO] PluginManager:220 - loadIPPluginJar : add can
2024-05-12 15:26:38,890 [INFO] IPUIPlugin:80 - create IPUIPlugin
2024-05-12 15:26:38,890 [INFO] PluginManager:220 - loadIPPluginJar : add usbx
2024-05-12 15:26:38,890 [INFO] IPUIPlugin:80 - create IPUIPlugin
2024-05-12 15:26:38,891 [INFO] PluginManager:220 - loadIPPluginJar : add ltdc
2024-05-12 15:26:38,892 [INFO] IPUIPlugin:80 - create IPUIPlugin
2024-05-12 15:26:38,892 [INFO] PluginManager:220 - loadIPPluginJar : add ts
2024-05-12 15:26:38,894 [INFO] IPUIPlugin:80 - create IPUIPlugin
2024-05-12 15:26:38,894 [INFO] PluginManager:220 - loadIPPluginJar : add openamp
2024-05-12 15:26:38,895 [INFO] IPUIPlugin:80 - create IPUIPlugin
2024-05-12 15:26:38,895 [INFO] PluginManager:220 - loadIPPluginJar : add tsc
2024-05-12 15:26:38,896 [INFO] IPUIPlugin:80 - create IPUIPlugin
2024-05-12 15:26:38,896 [INFO] PluginManager:220 - loadIPPluginJar : add i2c
2024-05-12 15:26:38,897 [INFO] IPUIPlugin:80 - create IPUIPlugin
2024-05-12 15:26:38,898 [INFO] PluginManager:220 - loadIPPluginJar : add genericplugin
2024-05-12 15:26:38,899 [INFO] IPUIPlugin:80 - create IPUIPlugin
2024-05-12 15:26:38,899 [INFO] PluginManager:220 - loadIPPluginJar : add spi
2024-05-12 15:26:38,901 [INFO] IPUIPlugin:80 - create IPUIPlugin
2024-05-12 15:26:38,902 [INFO] PluginManager:220 - loadIPPluginJar : add nvic
2024-05-12 15:26:38,903 [INFO] IPUIPlugin:80 - create IPUIPlugin
2024-05-12 15:26:38,903 [INFO] PluginManager:220 - loadIPPluginJar : add ucpd
2024-05-12 15:26:38,907 [INFO] IPUIPlugin:80 - create IPUIPlugin
2024-05-12 15:26:38,907 [INFO] PluginManager:220 - loadIPPluginJar : add gic
2024-05-12 15:26:38,909 [INFO] IPUIPlugin:80 - create IPUIPlugin
2024-05-12 15:26:38,909 [INFO] PluginManager:220 - loadIPPluginJar : add dma3
2024-05-12 15:26:38,914 [INFO] IPUIPlugin:80 - create IPUIPlugin
2024-05-12 15:26:38,914 [INFO] PluginManager:220 - loadIPPluginJar : add adc
2024-05-12 15:26:38,919 [INFO] IPUIPlugin:80 - create IPUIPlugin
2024-05-12 15:26:38,919 [INFO] PluginManager:220 - loadIPPluginJar : add mdma
2024-05-12 15:26:38,921 [INFO] IPUIPlugin:80 - create IPUIPlugin
2024-05-12 15:26:38,921 [INFO] PluginManager:220 - loadIPPluginJar : add gtzc
2024-05-12 15:26:38,922 [INFO] IPUIPlugin:80 - create IPUIPlugin
2024-05-12 15:26:38,922 [INFO] PluginManager:220 - loadIPPluginJar : add quadspi
2024-05-12 15:26:38,924 [INFO] IPUIPlugin:80 - create IPUIPlugin
2024-05-12 15:26:38,924 [INFO] PluginManager:220 - loadIPPluginJar : add extmemmanager
2024-05-12 15:26:38,925 [INFO] IPUIPlugin:80 - create IPUIPlugin
2024-05-12 15:26:38,926 [INFO] PluginManager:220 - loadIPPluginJar : add usart
2024-05-12 15:26:38,927 [INFO] IPUIPlugin:80 - create IPUIPlugin
2024-05-12 15:26:38,927 [INFO] PluginManager:220 - loadIPPluginJar : add opamp
2024-05-12 15:26:38,929 [INFO] IPUIPlugin:80 - create IPUIPlugin
2024-05-12 15:26:38,929 [INFO] PluginManager:220 - loadIPPluginJar : add i3c
2024-05-12 15:26:38,934 [INFO] IPUIPlugin:80 - create IPUIPlugin
2024-05-12 15:26:38,936 [INFO] PluginManager:220 - loadIPPluginJar : add plateformsettings
2024-05-12 15:26:38,938 [INFO] IPUIPlugin:80 - create IPUIPlugin
2024-05-12 15:26:38,938 [INFO] PluginManager:220 - loadIPPluginJar : add ipddr
2024-05-12 15:26:38,941 [INFO] IPUIPlugin:80 - create IPUIPlugin
2024-05-12 15:26:38,941 [INFO] PluginManager:220 - loadIPPluginJar : add sai
2024-05-12 15:26:38,942 [INFO] IPUIPlugin:80 - create IPUIPlugin
2024-05-12 15:26:38,942 [INFO] PluginManager:220 - loadIPPluginJar : add comp
2024-05-12 15:26:38,944 [INFO] IPUIPlugin:80 - create IPUIPlugin
2024-05-12 15:26:38,944 [INFO] PluginManager:220 - loadIPPluginJar : add hash
2024-05-12 15:26:38,948 [INFO] IPUIPlugin:80 - create IPUIPlugin
2024-05-12 15:26:38,949 [INFO] PluginManager:220 - loadIPPluginJar : add dma
2024-05-12 15:26:38,950 [INFO] IPUIPlugin:80 - create IPUIPlugin
2024-05-12 15:26:38,950 [INFO] PluginManager:220 - loadIPPluginJar : add aes
2024-05-12 15:26:38,954 [INFO] IPUIPlugin:80 - create IPUIPlugin
2024-05-12 15:26:38,954 [INFO] PluginManager:220 - loadIPPluginJar : add freertos
2024-05-12 15:26:38,957 [INFO] IPUIPlugin:80 - create IPUIPlugin
2024-05-12 15:26:38,958 [INFO] PluginManager:220 - loadIPPluginJar : add gpio
2024-05-12 15:26:38,959 [INFO] IPUIPlugin:80 - create IPUIPlugin
2024-05-12 15:26:38,959 [INFO] PluginManager:220 - loadIPPluginJar : add cryp
2024-05-12 15:26:38,961 [INFO] IPUIPlugin:80 - create IPUIPlugin
2024-05-12 15:26:38,961 [INFO] PluginManager:220 - loadIPPluginJar : add gfxmmu
2024-05-12 15:26:39,067 [INFO] CADModel:165 - CPN selected for project level
2024-05-12 15:26:39,067 [INFO] CADModel:114 - Register for checkConnection events
2024-05-12 15:26:39,067 [FATAL] Updater:308 - Updater called before beeing initialized
2024-05-12 15:26:39,068 [ERROR] CADModel:125 - Updater not yet initialized, retry later 
2024-05-12 15:26:39,166 [INFO] CADModel:165 - CPN selected for project level
2024-05-12 15:26:39,166 [INFO] CADModel:114 - Register for checkConnection events
2024-05-12 15:26:39,166 [FATAL] Updater:308 - Updater called before beeing initialized
2024-05-12 15:26:39,166 [ERROR] CADModel:125 - Updater not yet initialized, retry later 
2024-05-12 15:26:39,169 [FATAL] Updater:308 - Updater called before beeing initialized
2024-05-12 15:26:39,234 [FATAL] Updater:308 - Updater called before beeing initialized
2024-05-12 15:26:39,237 [INFO] DbMcusAds:53 - JSON generation date=Thu Sep 30 08:55:09 CEST 2021 (1632984909247)
2024-05-12 15:26:39,237 [FATAL] Updater:308 - Updater called before beeing initialized
2024-05-12 15:26:39,266 [WARN] DetailPanel:346 - Failed to get advertising image, set to default
2024-05-12 15:26:39,354 [FATAL] Updater:308 - Updater called before beeing initialized
2024-05-12 15:26:39,355 [FATAL] Updater:308 - Updater called before beeing initialized
2024-05-12 15:26:39,355 [FATAL] Updater:308 - Updater called before beeing initialized
2024-05-12 15:26:39,355 [WARN] DetailPanel:346 - Failed to get advertising image, set to default
2024-05-12 15:26:39,356 [FATAL] Updater:308 - Updater called before beeing initialized
2024-05-12 15:26:39,381 [ERROR] Updater:1120 - MainUpdater not yet initialized. External WinMGr cannot be set.
2024-05-12 15:26:39,382 [INFO] Updater:1056 - Updater Version found : 6.11.1
2024-05-12 15:26:39,397 [INFO] ApplicationProperties:184 - Using Application install path: /home/athul-muralidhar/st/stm32cubeide_1.15.1/plugins/com.st.stm32cube.common.mx_6.11.1.202404110753
2024-05-12 15:26:39,803 [INFO] MainUpdater:2873 - connection check result : 10
2024-05-12 15:26:39,804 [INFO] MainUpdater:290 - Updater Check For Update Now.
2024-05-12 15:26:39,804 [INFO] MicroXplorer:498 - Change Database Version : DB.6.0.111
2024-05-12 15:26:39,808 [INFO] McuFinderGlobals:63 - Set McuFinder mode to 2 (CubeIDE integrated)
2024-05-12 15:26:39,808 [INFO] UserAuth:179 - activating auth plugin
2024-05-12 15:26:39,811 [INFO] UserAuth:415 - Internet connection configuration mode: 1
2024-05-12 15:26:39,821 [INFO] JxBrowserEngine:152 - Initiate JxBrowser Engine with user profile folder
2024-05-12 15:26:39,985 [INFO] CheckServerUpdateThread:120 - End of CheckServer Thread
2024-05-12 15:26:40,416 [INFO] WebApp:161 - Instantiating new browser for Auth
2024-05-12 15:26:40,971 [INFO] WebApp:779 - Register for checkConnection events
2024-05-12 15:26:40,971 [INFO] WebApp:414 - Apply proxy settings
2024-05-12 15:26:40,972 [INFO] WebApp:499 - Chromium requires no authentication
2024-05-12 15:26:40,978 [INFO] WebApp:442 - Direct internet connection detected
2024-05-12 15:26:41,119 [INFO] WebApp:192 - Starting web application
2024-05-12 15:26:41,119 [INFO] WebApp:544 - Web application path used /home/athul-muralidhar/st/stm32cubeide_1.15.1/plugins/com.st.stm32cube.common.mx_6.11.1.202404110753/db/plugins/mcufinder/reactClient1/index.html
2024-05-12 15:26:41,490 [WARN] PackLoader:240 - Cannot read IP mode file for STMicroelectronics.FP-SNS-MOTENVWB1.1.4.0
2024-05-12 15:26:41,501 [WARN] PackLoader:240 - Cannot read IP mode file for STMicroelectronics.X-CUBE-SMBUS.2.1.0
2024-05-12 15:26:41,506 [WARN] PackLoader:240 - Cannot read IP mode file for STMicroelectronics.X-CUBE-TOUCHGFX.4.23.2
2024-05-12 15:26:41,541 [WARN] PackLoader:240 - Cannot read IP mode file for STMicroelectronics.X-CUBE-AZRTOS-F7.1.1.0
2024-05-12 15:26:41,554 [WARN] PackLoader:240 - Cannot read IP mode file for STMicroelectronics.FP-SNS-FLIGHT1.5.0.2
2024-05-12 15:26:41,568 [WARN] PackLoader:240 - Cannot read IP mode file for STMicroelectronics.X-CUBE-DISPLAY.3.0.0
2024-05-12 15:26:41,584 [WARN] PackLoader:240 - Cannot read IP mode file for STMicroelectronics.X-CUBE-BLE1.7.0.0
2024-05-12 15:26:41,591 [WARN] PackLoader:240 - Cannot read IP mode file for emotas.I-CUBE-CANOPEN.1.3.0
2024-05-12 15:26:41,608 [WARN] PackLoader:240 - Cannot read IP mode file for STMicroelectronics.X-CUBE-BLEMGR.3.1.0
2024-05-12 15:26:41,618 [WARN] PackLoader:240 - Cannot read IP mode file for STMicroelectronics.FP-SNS-SMARTAG2.1.2.0
2024-05-12 15:26:41,628 [INFO] LogOutputStream:77 - [STDOUT_REDIRECT] 1 : Invalid condition id : UX_CORESTACK_Condition cause : null
2024-05-12 15:26:41,629 [INFO] LogOutputStream:77 - [STDOUT_REDIRECT] 1 : Invalid condition id : UX_CORESTACK_Condition cause : null
2024-05-12 15:26:41,629 [INFO] LogOutputStream:77 - [STDOUT_REDIRECT] 1 : Invalid condition id : UX_CORESTACK_Condition cause : null
2024-05-12 15:26:41,630 [INFO] LogOutputStream:77 - [STDOUT_REDIRECT] 1 : Invalid condition id : UX_CORESTACK_Condition cause : null
2024-05-12 15:26:41,630 [INFO] LogOutputStream:77 - [STDOUT_REDIRECT] 1 : Invalid condition id : UX_CORESTACK_Condition cause : null
2024-05-12 15:26:41,636 [WARN] PackLoader:240 - Cannot read IP mode file for STMicroelectronics.X-CUBE-AZRTOS-WL.2.0.0
2024-05-12 15:26:41,643 [WARN] PackLoader:240 - Cannot read IP mode file for STMicroelectronics.FP-SNS-MOTENV1.5.0.0
2024-05-12 15:26:41,652 [WARN] PackLoader:240 - Cannot read IP mode file for WES.I-CUBE-Cesium.1.3.0
2024-05-12 15:26:41,658 [WARN] PackLoader:240 - Cannot read IP mode file for STMicroelectronics.X-CUBE-BLE2.3.3.0
2024-05-12 15:26:41,665 [WARN] PackLoader:240 - Cannot read IP mode file for STMicroelectronics.X-CUBE-TCPP.4.1.0
2024-05-12 15:26:41,689 [WARN] PackLoader:240 - Cannot read IP mode file for STMicroelectronics.X-CUBE-AZRTOS-G0.1.1.0
2024-05-12 15:26:41,698 [WARN] PackLoader:240 - Cannot read IP mode file for STMicroelectronics.X-CUBE-SAFEA1.1.2.2
2024-05-12 15:26:41,706 [WARN] PackLoader:240 - Cannot read IP mode file for STMicroelectronics.X-CUBE-NFC4.3.0.0
2024-05-12 15:26:41,711 [WARN] PackLoader:240 - Cannot read IP mode file for wolfSSL.I-CUBE-wolfSSL.5.7.0
2024-05-12 15:26:41,714 [WARN] PackLoader:240 - Cannot read IP mode file for STMicroelectronics.FP-ATR-SIGFOX1.3.2.0
2024-05-12 15:26:41,726 [WARN] PackLoader:240 - Cannot read IP mode file for STMicroelectronics.X-CUBE-EEPRMA1.5.1.0
2024-05-12 15:26:41,737 [WARN] PackLoader:240 - Cannot read IP mode file for ITTIA_DB.I-CUBE-ITTIADB.8.9.0
2024-05-12 15:26:41,797 [WARN] PackLoader:240 - Cannot read IP mode file for SEGGER.I-CUBE-embOS.1.3.1
2024-05-12 15:26:41,849 [WARN] PackLoader:240 - Cannot read IP mode file for STMicroelectronics.X-CUBE-ALGOBUILD.1.4.0
2024-05-12 15:26:41,854 [WARN] PackLoader:240 - Cannot read IP mode file for STMicroelectronics.X-CUBE-GNSS1.6.0.0
2024-05-12 15:26:41,868 [WARN] PackLoader:240 - Cannot read IP mode file for STMicroelectronics.X-CUBE-AZRTOS-F4.1.1.0
2024-05-12 15:26:41,875 [WARN] PackLoader:240 - Cannot read IP mode file for STMicroelectronics.X-CUBE-FREERTOS.1.2.0
2024-05-12 15:26:41,888 [WARN] PackLoader:240 - Cannot read IP mode file for STMicroelectronics.X-CUBE-AZRTOS-L5.2.0.0
2024-05-12 15:26:41,896 [WARN] PackLoader:240 - Cannot read IP mode file for STMicroelectronics.X-CUBE-NFC6.3.1.0
2024-05-12 15:26:41,902 [WARN] PackLoader:240 - Cannot read IP mode file for STMicroelectronics.X-CUBE-AI.9.0.0
2024-05-12 15:26:41,906 [WARN] PackLoader:240 - Cannot read IP mode file for STMicroelectronics.X-CUBE-NFC7.1.0.1
2024-05-12 15:26:41,922 [WARN] ConditionMgr:438 - getConditionDescription Invalid condition id : LAN8742 Phy interface Condition cause : null
2024-05-12 15:26:41,923 [WARN] PackLoader:240 - Cannot read IP mode file for STMicroelectronics.X-CUBE-AZRTOS-L4.2.0.0
2024-05-12 15:26:41,924 [WARN] ConditionMgr:1039 - genDependencies : Invalid condition id : LAN8742 Phy interface Condition cause : null
2024-05-12 15:26:41,924 [WARN] ConditionMgr:1039 - genDependencies : Invalid condition id : LAN8742 Phy interface Condition cause : null
2024-05-12 15:26:41,925 [WARN] ConditionMgr:1039 - genDependencies : Invalid condition id : LAN8742 Phy interface Condition cause : null
2024-05-12 15:26:41,931 [WARN] PackLoader:240 - Cannot read IP mode file for STMicroelectronics.X-CUBE-SFXS2LP1.4.0.0
2024-05-12 15:26:41,942 [WARN] ConditionMgr:438 - getConditionDescription Invalid condition id : UX DEVICE CLASS RTOS Condition cause : null
2024-05-12 15:26:41,942 [WARN] ConditionMgr:438 - getConditionDescription Invalid condition id : UX DEVICE CLASS RTOS Condition cause : null
2024-05-12 15:26:41,944 [WARN] PackLoader:240 - Cannot read IP mode file for STMicroelectronics.X-CUBE-AZRTOS-WB.2.0.0
2024-05-12 15:26:41,945 [WARN] ConditionMgr:1039 - genDependencies : Invalid condition id : UX DEVICE CLASS RTOS Condition cause : null
2024-05-12 15:26:41,945 [WARN] ConditionMgr:1039 - genDependencies : Invalid condition id : UX DEVICE CLASS RTOS Condition cause : null
2024-05-12 15:26:41,945 [WARN] ConditionMgr:1039 - genDependencies : Invalid condition id : UX DEVICE CLASS RTOS Condition cause : null
2024-05-12 15:26:41,946 [WARN] ConditionMgr:1039 - genDependencies : Invalid condition id : UX DEVICE CLASS RTOS Condition cause : null
2024-05-12 15:26:41,946 [WARN] ConditionMgr:1039 - genDependencies : Invalid condition id : UX DEVICE CLASS RTOS Condition cause : null
2024-05-12 15:26:41,955 [WARN] PackLoader:240 - Cannot read IP mode file for STMicroelectronics.X-CUBE-SUBG2.5.0.0
2024-05-12 15:26:41,990 [WARN] PackLoader:240 - Cannot read IP mode file for STMicroelectronics.X-CUBE-AZRTOS-G4.2.0.0
2024-05-12 15:26:41,998 [WARN] PackLoader:240 - Cannot read IP mode file for STMicroelectronics.X-CUBE-ISPU.2.0.0
2024-05-12 15:26:42,063 [WARN] PackLoader:240 - Cannot read IP mode file for STMicroelectronics.X-CUBE-MEMS1.10.0.0
2024-05-12 15:26:42,221 [WARN] PackLoader:240 - Cannot read IP mode file for portGmbH.I-Cube-SoM-uGOAL.1.1.0
2024-05-12 15:26:42,225 [WARN] PackLoader:240 - Cannot read IP mode file for STMicroelectronics.X-CUBE-ALS.1.0.1
2024-05-12 15:26:42,238 [WARN] PackLoader:240 - Cannot read IP mode file for STMicroelectronics.X-CUBE-AZRTOS-H7RS.1.0.0
2024-05-12 15:26:42,243 [WARN] PackLoader:240 - Cannot read IP mode file for STMicroelectronics.FP-ATR-ASTRA1.2.0.0
2024-05-12 15:26:42,252 [WARN] PackLoader:240 - Cannot read IP mode file for STMicroelectronics.X-CUBE-TOF1.3.4.1
2024-05-12 15:26:42,278 [WARN] PackLoader:240 - Cannot read IP mode file for STMicroelectronics.X-CUBE-AZRTOS-H7.3.2.0
2024-05-12 15:26:42,292 [WARN] PackLoader:240 - Cannot read IP mode file for Infineon.AIROC-Wi-Fi-Bluetooth-STM32.1.6.0
2024-05-12 15:26:42,296 [INFO] ThirdParty:978 - Integrity check success = true
2024-05-12 15:26:42,297 [INFO] IntegrityCheckThread:100 - exiting critical section [integrity check]
2024-05-12 15:26:42,297 [INFO] IntegrityCheckThread:103 - End integrity checks thread
2024-05-12 15:26:51,222 [ERROR] LogOutputStream:75 - [STDERR_REDIRECT] 
