2024-05-11 17:46:52,801 [INFO] Activator:176 - 


2024-05-11 17:46:52,802 [INFO] Activator:177 - !SESSION log4j initialized
2024-05-11 17:46:54,113 [INFO] LogOutputStream:77 - [STDOUT_REDIRECT] 
2024-05-11 17:46:55,708 [INFO] ApplicationProperties:184 - Using Application install path: /home/athul-muralidhar/st/stm32cubeide_1.15.1/plugins/com.st.stm32cube.common.mx_6.11.1.202404110753
2024-05-11 17:46:55,720 [INFO] DbMcusXml:78 - Set database path to: /home/athul-muralidhar/st/stm32cubeide_1.15.1/plugins/com.st.stm32cube.common.mx_6.11.1.202404110753//db//mcu/
2024-05-11 17:46:55,720 [INFO] ApiDb:274 - Set plugin database path to: /home/athul-muralidhar/st/stm32cubeide_1.15.1/plugins/com.st.stm32cube.common.mx_6.11.1.202404110753//db//plugins/boardmanager/
2024-05-11 17:46:55,720 [WARN] ApiDb:259 - Overriding images path with different value:  => /home/athul-muralidhar/st/stm32cubeide_1.15.1/plugins/com.st.stm32cube.common.mx_6.11.1.202404110753//db//plugins/mcufinder/images/
2024-05-11 17:46:55,723 [INFO] ApiDb:250 - Set database path to: /home/athul-muralidhar/.stmcufinder/plugins/mcufinder//mcu/
2024-05-11 17:46:55,724 [INFO] DbMcusAds:125 - Set database path to: /home/athul-muralidhar/.stmcufinder/plugins/mcufinder//mcu/
2024-05-11 17:46:55,725 [INFO] CrossReferenceDbSqlite:203 - Set database path to: /home/athul-muralidhar/.stmcufinder/plugins/mcufinder//mcu/cs/
2024-05-11 17:46:55,799 [INFO] RulesReader:64 - Compatibility file has been processed (297 Rules)
2024-05-11 17:46:55,847 [INFO] DbMcusXml:78 - Set database path to: /home/athul-muralidhar/st/stm32cubeide_1.15.1/plugins/com.st.stm32cube.common.mx_6.11.1.202404110753//db//mcu/
2024-05-11 17:46:55,847 [INFO] ApiDb:274 - Set plugin database path to: /home/athul-muralidhar/st/stm32cubeide_1.15.1/plugins/com.st.stm32cube.common.mx_6.11.1.202404110753//db//plugins/boardmanager/
2024-05-11 17:46:55,847 [INFO] ApiDb:261 - Set plugin images path to: /home/athul-muralidhar/st/stm32cubeide_1.15.1/plugins/com.st.stm32cube.common.mx_6.11.1.202404110753//db//plugins/mcufinder/images/
2024-05-11 17:46:55,848 [WARN] DbFile:41 - Overriding database path with different value: /home/athul-muralidhar/.stmcufinder/plugins/mcufinder/ => /home/athul-muralidhar/.stmcufinder/plugins/mcufinder
2024-05-11 17:46:55,848 [INFO] ApiDb:250 - Set database path to: /home/athul-muralidhar/.stmcufinder/plugins/mcufinder//mcu/
2024-05-11 17:46:55,848 [WARN] DbFile:41 - Overriding database path with different value: /home/athul-muralidhar/.stmcufinder/plugins/mcufinder/ => /home/athul-muralidhar/.stmcufinder/plugins/mcufinder
2024-05-11 17:46:55,848 [INFO] DbMcusAds:125 - Set database path to: /home/athul-muralidhar/.stmcufinder/plugins/mcufinder//mcu/
2024-05-11 17:46:55,848 [WARN] DbFile:41 - Overriding database path with different value: /home/athul-muralidhar/.stmcufinder/plugins/mcufinder/ => /home/athul-muralidhar/.stmcufinder/plugins/mcufinder
2024-05-11 17:46:55,848 [WARN] DbFile:41 - Overriding database path with different value: /home/athul-muralidhar/.stmcufinder/plugins/mcufinder/ => /home/athul-muralidhar/.stmcufinder/plugins/mcufinder
2024-05-11 17:46:55,848 [INFO] CrossReferenceDbSqlite:203 - Set database path to: /home/athul-muralidhar/.stmcufinder/plugins/mcufinder//mcu/cs/
2024-05-11 17:46:55,903 [INFO] MainPanel:264 - HeapMemory: 268435456
2024-05-11 17:46:55,960 [INFO] DbMcusXml:78 - Set database path to: /home/athul-muralidhar/st/stm32cubeide_1.15.1/plugins/com.st.stm32cube.common.mx_6.11.1.202404110753//db//mcu/
2024-05-11 17:46:55,961 [INFO] ApiDb:274 - Set plugin database path to: /home/athul-muralidhar/st/stm32cubeide_1.15.1/plugins/com.st.stm32cube.common.mx_6.11.1.202404110753//db//plugins/boardmanager/
2024-05-11 17:46:55,961 [INFO] ApiDb:261 - Set plugin images path to: /home/athul-muralidhar/st/stm32cubeide_1.15.1/plugins/com.st.stm32cube.common.mx_6.11.1.202404110753//db//plugins/mcufinder/images/
2024-05-11 17:46:55,961 [WARN] DbFile:41 - Overriding database path with different value: /home/athul-muralidhar/.stmcufinder/plugins/mcufinder/ => /home/athul-muralidhar/.stmcufinder/plugins/mcufinder
2024-05-11 17:46:55,961 [INFO] ApiDb:250 - Set database path to: /home/athul-muralidhar/.stmcufinder/plugins/mcufinder//mcu/
2024-05-11 17:46:55,961 [WARN] DbFile:41 - Overriding database path with different value: /home/athul-muralidhar/.stmcufinder/plugins/mcufinder/ => /home/athul-muralidhar/.stmcufinder/plugins/mcufinder
2024-05-11 17:46:55,961 [INFO] DbMcusAds:125 - Set database path to: /home/athul-muralidhar/.stmcufinder/plugins/mcufinder//mcu/
2024-05-11 17:46:55,961 [WARN] DbFile:41 - Overriding database path with different value: /home/athul-muralidhar/.stmcufinder/plugins/mcufinder/ => /home/athul-muralidhar/.stmcufinder/plugins/mcufinder
2024-05-11 17:46:55,961 [WARN] DbFile:41 - Overriding database path with different value: /home/athul-muralidhar/.stmcufinder/plugins/mcufinder/ => /home/athul-muralidhar/.stmcufinder/plugins/mcufinder
2024-05-11 17:46:55,962 [INFO] CrossReferenceDbSqlite:203 - Set database path to: /home/athul-muralidhar/.stmcufinder/plugins/mcufinder//mcu/cs/
2024-05-11 17:46:55,974 [INFO] ApplicationProperties:184 - Using Application install path: /home/athul-muralidhar/st/stm32cubeide_1.15.1/plugins/com.st.stm32cube.common.mx_6.11.1.202404110753
2024-05-11 17:46:55,975 [INFO] PluginManage:196 - Search for loadable plugins [exclusion list=, ]
2024-05-11 17:46:55,976 [INFO] PluginManage:310 - Check plugin analytics
2024-05-11 17:46:56,077 [INFO] AnalyticsPlugin:253 - Accepted Software Licenses: 
2024-05-11 17:46:56,077 [INFO] AnalyticsPlugin:255 - Accepted CMSIS Pack Licenses: 
2024-05-11 17:46:56,078 [INFO] AnalyticsPlugin:257 - Accepted Firmware Licenses: 
2024-05-11 17:46:56,079 [INFO] PluginManage:359 - Loaded plugin analytics (category:tool,tabindex:-1)
2024-05-11 17:46:56,079 [INFO] PluginManage:310 - Check plugin cadmodel
2024-05-11 17:46:56,097 [INFO] CADModel:105 - Init CAD model plugin
2024-05-11 17:46:56,097 [INFO] PluginManage:359 - Loaded plugin cadmodel (category:power,tabindex:5)
2024-05-11 17:46:56,097 [INFO] PluginManage:310 - Check plugin clock
2024-05-11 17:46:56,104 [INFO] PluginManage:359 - Loaded plugin clock (category:base,tabindex:2)
2024-05-11 17:46:56,104 [INFO] PluginManage:310 - Check plugin ddr
2024-05-11 17:46:56,105 [INFO] PluginManage:359 - Loaded plugin ddr (category:tool,tabindex:6)
2024-05-11 17:46:56,105 [INFO] PluginManage:310 - Check plugin filemanager
2024-05-11 17:46:56,201 [INFO] PluginManage:359 - Loaded plugin filemanager (category:base,tabindex:10)
2024-05-11 17:46:56,201 [INFO] PluginManage:310 - Check plugin ipmanager
2024-05-11 17:46:56,205 [INFO] PluginManage:359 - Loaded plugin ipmanager (category:base,tabindex:5)
2024-05-11 17:46:56,205 [INFO] PluginManage:310 - Check plugin lpbam
2024-05-11 17:46:56,210 [INFO] PluginManage:359 - Loaded plugin lpbam (category:base,tabindex:0)
2024-05-11 17:46:56,210 [INFO] PluginManage:310 - Check plugin memorymap
2024-05-11 17:46:56,216 [INFO] PluginManage:359 - Loaded plugin memorymap (category:base,tabindex:4)
2024-05-11 17:46:56,216 [INFO] PluginManage:310 - Check plugin pinoutandconfiguration
2024-05-11 17:46:56,220 [INFO] PluginManage:359 - Loaded plugin pinoutandconfiguration (category:base,tabindex:1)
2024-05-11 17:46:56,220 [INFO] PluginManage:310 - Check plugin pinoutconfig
2024-05-11 17:46:56,272 [WARN] SupportedApi:132 - Cannot load RTOS API schema: s4s-elt-must-match.1: The content of 'definitions' must match (annotation?, (simpleType | complexType)?, (unique | key | keyref)*)). A problem was found starting at: attribute.
2024-05-11 17:46:56,363 [INFO] PluginManage:359 - Loaded plugin pinoutconfig (category:base,tabindex:0)
2024-05-11 17:46:56,363 [INFO] PluginManage:310 - Check plugin power
2024-05-11 17:46:56,369 [INFO] PluginManage:359 - Loaded plugin power (category:power,tabindex:4)
2024-05-11 17:46:56,369 [INFO] PluginManage:310 - Check plugin projectmanager
2024-05-11 17:46:56,384 [INFO] PluginManage:359 - Loaded plugin projectmanager (category:projectmanager,tabindex:3)
2024-05-11 17:46:56,385 [INFO] PluginManage:310 - Check plugin thirdparty
2024-05-11 17:46:56,497 [INFO] PluginManage:359 - Loaded plugin thirdparty (category:base,tabindex:-1)
2024-05-11 17:46:56,496 [WARN] IntegrityCheckThread:84 - waiting for thirdparty lock release [integrity check]
2024-05-11 17:46:56,497 [INFO] PluginManage:310 - Check plugin tools
2024-05-11 17:46:56,497 [INFO] IntegrityCheckThread:86 - entering critical section [integrity check]
2024-05-11 17:46:56,497 [INFO] ThirdPartyUpdaterWithRetryManager:70 - Updater plugin not ready yet. [1/15]
2024-05-11 17:46:56,499 [INFO] PluginManage:359 - Loaded plugin tools (category:base,tabindex:7)
2024-05-11 17:46:56,499 [INFO] PluginManage:310 - Check plugin tutovideos
2024-05-11 17:46:56,614 [INFO] PluginManage:359 - Loaded plugin tutovideos (category:base,tabindex:-1)
2024-05-11 17:46:56,614 [INFO] PluginManage:310 - Check plugin updater
2024-05-11 17:46:56,621 [INFO] PluginManage:359 - Loaded plugin updater (category:base,tabindex:12)
2024-05-11 17:46:56,621 [INFO] PluginManage:310 - Check plugin userauth
2024-05-11 17:46:56,624 [INFO] UserAuth:114 - Init User Auth plugin
2024-05-11 17:46:56,625 [INFO] PluginManage:359 - Loaded plugin userauth (category:base,tabindex:14)
2024-05-11 17:46:56,625 [INFO] PluginManage:283 - PluginManage : Loaded plugins [17]
2024-05-11 17:46:56,767 [INFO] PinOutPanel:1561 - setPackage(No Configuration,No Configuration)
2024-05-11 17:46:56,814 [INFO] CADModel:165 - CPN selected for project level
2024-05-11 17:46:56,814 [INFO] CADModel:114 - Register for checkConnection events
2024-05-11 17:46:56,824 [INFO] IPUIPlugin:80 - create IPUIPlugin
2024-05-11 17:46:56,824 [INFO] PluginManager:220 - loadIPPluginJar : add linkedlist
2024-05-11 17:46:56,826 [INFO] IPUIPlugin:80 - create IPUIPlugin
2024-05-11 17:46:56,826 [INFO] PluginManager:220 - loadIPPluginJar : add fatfs
2024-05-11 17:46:56,827 [INFO] IPUIPlugin:80 - create IPUIPlugin
2024-05-11 17:46:56,827 [INFO] PluginManager:220 - loadIPPluginJar : add tracer_emb
2024-05-11 17:46:56,834 [INFO] IPUIPlugin:80 - create IPUIPlugin
2024-05-11 17:46:56,834 [INFO] PluginManager:220 - loadIPPluginJar : add stm32_wpan
2024-05-11 17:46:56,836 [INFO] IPUIPlugin:80 - create IPUIPlugin
2024-05-11 17:46:56,836 [INFO] PluginManager:220 - loadIPPluginJar : add touchsensing
2024-05-11 17:46:56,838 [INFO] IPUIPlugin:80 - create IPUIPlugin
2024-05-11 17:46:56,838 [INFO] PluginManager:220 - loadIPPluginJar : add i2s
2024-05-11 17:46:56,839 [INFO] IPUIPlugin:80 - create IPUIPlugin
2024-05-11 17:46:56,839 [INFO] PluginManager:220 - loadIPPluginJar : add dfsdm
2024-05-11 17:46:56,841 [INFO] IPUIPlugin:80 - create IPUIPlugin
2024-05-11 17:46:56,841 [INFO] PluginManager:220 - loadIPPluginJar : add resmgrutility
2024-05-11 17:46:56,843 [INFO] IPUIPlugin:80 - create IPUIPlugin
2024-05-11 17:46:56,843 [INFO] PluginManager:220 - loadIPPluginJar : add pdm2pcm
2024-05-11 17:46:56,843 [INFO] IPUIPlugin:80 - create IPUIPlugin
2024-05-11 17:46:56,844 [INFO] PluginManager:220 - loadIPPluginJar : add tim
2024-05-11 17:46:56,845 [INFO] IPUIPlugin:80 - create IPUIPlugin
2024-05-11 17:46:56,845 [INFO] PluginManager:220 - loadIPPluginJar : add lorawan
2024-05-11 17:46:56,848 [INFO] IPUIPlugin:80 - create IPUIPlugin
2024-05-11 17:46:56,848 [INFO] PluginManager:220 - loadIPPluginJar : add fmc
2024-05-11 17:46:56,850 [INFO] IPUIPlugin:80 - create IPUIPlugin
2024-05-11 17:46:56,850 [INFO] PluginManager:220 - loadIPPluginJar : add can
2024-05-11 17:46:56,852 [INFO] IPUIPlugin:80 - create IPUIPlugin
2024-05-11 17:46:56,852 [INFO] PluginManager:220 - loadIPPluginJar : add usbx
2024-05-11 17:46:56,853 [INFO] IPUIPlugin:80 - create IPUIPlugin
2024-05-11 17:46:56,853 [INFO] PluginManager:220 - loadIPPluginJar : add ltdc
2024-05-11 17:46:56,854 [INFO] IPUIPlugin:80 - create IPUIPlugin
2024-05-11 17:46:56,854 [INFO] PluginManager:220 - loadIPPluginJar : add ts
2024-05-11 17:46:56,856 [INFO] IPUIPlugin:80 - create IPUIPlugin
2024-05-11 17:46:56,856 [INFO] PluginManager:220 - loadIPPluginJar : add openamp
2024-05-11 17:46:56,857 [INFO] IPUIPlugin:80 - create IPUIPlugin
2024-05-11 17:46:56,857 [INFO] PluginManager:220 - loadIPPluginJar : add tsc
2024-05-11 17:46:56,859 [INFO] IPUIPlugin:80 - create IPUIPlugin
2024-05-11 17:46:56,859 [INFO] PluginManager:220 - loadIPPluginJar : add i2c
2024-05-11 17:46:56,860 [INFO] IPUIPlugin:80 - create IPUIPlugin
2024-05-11 17:46:56,860 [INFO] PluginManager:220 - loadIPPluginJar : add genericplugin
2024-05-11 17:46:56,861 [INFO] IPUIPlugin:80 - create IPUIPlugin
2024-05-11 17:46:56,861 [INFO] PluginManager:220 - loadIPPluginJar : add spi
2024-05-11 17:46:56,863 [INFO] IPUIPlugin:80 - create IPUIPlugin
2024-05-11 17:46:56,864 [INFO] PluginManager:220 - loadIPPluginJar : add nvic
2024-05-11 17:46:56,865 [INFO] IPUIPlugin:80 - create IPUIPlugin
2024-05-11 17:46:56,866 [INFO] PluginManager:220 - loadIPPluginJar : add ucpd
2024-05-11 17:46:56,869 [INFO] IPUIPlugin:80 - create IPUIPlugin
2024-05-11 17:46:56,869 [INFO] PluginManager:220 - loadIPPluginJar : add gic
2024-05-11 17:46:56,871 [INFO] IPUIPlugin:80 - create IPUIPlugin
2024-05-11 17:46:56,871 [INFO] PluginManager:220 - loadIPPluginJar : add dma3
2024-05-11 17:46:56,875 [INFO] IPUIPlugin:80 - create IPUIPlugin
2024-05-11 17:46:56,875 [INFO] PluginManager:220 - loadIPPluginJar : add adc
2024-05-11 17:46:56,879 [INFO] IPUIPlugin:80 - create IPUIPlugin
2024-05-11 17:46:56,879 [INFO] PluginManager:220 - loadIPPluginJar : add mdma
2024-05-11 17:46:56,881 [INFO] IPUIPlugin:80 - create IPUIPlugin
2024-05-11 17:46:56,881 [INFO] PluginManager:220 - loadIPPluginJar : add gtzc
2024-05-11 17:46:56,882 [INFO] IPUIPlugin:80 - create IPUIPlugin
2024-05-11 17:46:56,882 [INFO] PluginManager:220 - loadIPPluginJar : add quadspi
2024-05-11 17:46:56,884 [INFO] IPUIPlugin:80 - create IPUIPlugin
2024-05-11 17:46:56,884 [INFO] PluginManager:220 - loadIPPluginJar : add extmemmanager
2024-05-11 17:46:56,886 [INFO] IPUIPlugin:80 - create IPUIPlugin
2024-05-11 17:46:56,886 [INFO] PluginManager:220 - loadIPPluginJar : add usart
2024-05-11 17:46:56,887 [INFO] IPUIPlugin:80 - create IPUIPlugin
2024-05-11 17:46:56,887 [INFO] PluginManager:220 - loadIPPluginJar : add opamp
2024-05-11 17:46:56,889 [INFO] IPUIPlugin:80 - create IPUIPlugin
2024-05-11 17:46:56,889 [INFO] PluginManager:220 - loadIPPluginJar : add i3c
2024-05-11 17:46:56,893 [INFO] IPUIPlugin:80 - create IPUIPlugin
2024-05-11 17:46:56,895 [INFO] PluginManager:220 - loadIPPluginJar : add plateformsettings
2024-05-11 17:46:56,898 [INFO] IPUIPlugin:80 - create IPUIPlugin
2024-05-11 17:46:56,898 [INFO] PluginManager:220 - loadIPPluginJar : add ipddr
2024-05-11 17:46:56,900 [INFO] IPUIPlugin:80 - create IPUIPlugin
2024-05-11 17:46:56,900 [INFO] PluginManager:220 - loadIPPluginJar : add sai
2024-05-11 17:46:56,901 [INFO] IPUIPlugin:80 - create IPUIPlugin
2024-05-11 17:46:56,902 [INFO] PluginManager:220 - loadIPPluginJar : add comp
2024-05-11 17:46:56,903 [INFO] IPUIPlugin:80 - create IPUIPlugin
2024-05-11 17:46:56,903 [INFO] PluginManager:220 - loadIPPluginJar : add hash
2024-05-11 17:46:56,907 [INFO] IPUIPlugin:80 - create IPUIPlugin
2024-05-11 17:46:56,907 [INFO] PluginManager:220 - loadIPPluginJar : add dma
2024-05-11 17:46:56,909 [INFO] IPUIPlugin:80 - create IPUIPlugin
2024-05-11 17:46:56,909 [INFO] PluginManager:220 - loadIPPluginJar : add aes
2024-05-11 17:46:56,912 [INFO] IPUIPlugin:80 - create IPUIPlugin
2024-05-11 17:46:56,913 [INFO] PluginManager:220 - loadIPPluginJar : add freertos
2024-05-11 17:46:56,916 [INFO] IPUIPlugin:80 - create IPUIPlugin
2024-05-11 17:46:56,916 [INFO] PluginManager:220 - loadIPPluginJar : add gpio
2024-05-11 17:46:56,917 [INFO] IPUIPlugin:80 - create IPUIPlugin
2024-05-11 17:46:56,918 [INFO] PluginManager:220 - loadIPPluginJar : add cryp
2024-05-11 17:46:56,919 [INFO] IPUIPlugin:80 - create IPUIPlugin
2024-05-11 17:46:56,919 [INFO] PluginManager:220 - loadIPPluginJar : add gfxmmu
2024-05-11 17:46:57,021 [INFO] CADModel:165 - CPN selected for project level
2024-05-11 17:46:57,021 [INFO] CADModel:114 - Register for checkConnection events
2024-05-11 17:46:57,021 [FATAL] Updater:308 - Updater called before beeing initialized
2024-05-11 17:46:57,021 [ERROR] CADModel:125 - Updater not yet initialized, retry later 
2024-05-11 17:46:57,119 [INFO] CADModel:165 - CPN selected for project level
2024-05-11 17:46:57,119 [INFO] CADModel:114 - Register for checkConnection events
2024-05-11 17:46:57,119 [FATAL] Updater:308 - Updater called before beeing initialized
2024-05-11 17:46:57,120 [ERROR] CADModel:125 - Updater not yet initialized, retry later 
2024-05-11 17:46:57,122 [FATAL] Updater:308 - Updater called before beeing initialized
2024-05-11 17:46:57,199 [FATAL] Updater:308 - Updater called before beeing initialized
2024-05-11 17:46:57,203 [INFO] DbMcusAds:53 - JSON generation date=Thu Sep 30 08:55:09 CEST 2021 (1632984909247)
2024-05-11 17:46:57,203 [FATAL] Updater:308 - Updater called before beeing initialized
2024-05-11 17:46:57,238 [WARN] DetailPanel:346 - Failed to get advertising image, set to default
2024-05-11 17:46:57,331 [FATAL] Updater:308 - Updater called before beeing initialized
2024-05-11 17:46:57,333 [FATAL] Updater:308 - Updater called before beeing initialized
2024-05-11 17:46:57,333 [FATAL] Updater:308 - Updater called before beeing initialized
2024-05-11 17:46:57,333 [WARN] DetailPanel:346 - Failed to get advertising image, set to default
2024-05-11 17:46:57,333 [FATAL] Updater:308 - Updater called before beeing initialized
2024-05-11 17:46:57,359 [ERROR] Updater:1120 - MainUpdater not yet initialized. External WinMGr cannot be set.
2024-05-11 17:46:57,360 [INFO] Updater:1056 - Updater Version found : 6.11.1
2024-05-11 17:46:57,373 [INFO] ApplicationProperties:184 - Using Application install path: /home/athul-muralidhar/st/stm32cubeide_1.15.1/plugins/com.st.stm32cube.common.mx_6.11.1.202404110753
2024-05-11 17:46:57,662 [INFO] MainUpdater:2873 - connection check result : 10
2024-05-11 17:46:57,663 [INFO] MainUpdater:290 - Updater Check For Update Now.
2024-05-11 17:46:57,663 [INFO] MicroXplorer:498 - Change Database Version : DB.6.0.111
2024-05-11 17:46:57,666 [INFO] McuFinderGlobals:63 - Set McuFinder mode to 2 (CubeIDE integrated)
2024-05-11 17:46:57,666 [INFO] UserAuth:179 - activating auth plugin
2024-05-11 17:46:57,669 [INFO] UserAuth:415 - Internet connection configuration mode: 1
2024-05-11 17:46:57,678 [INFO] JxBrowserEngine:152 - Initiate JxBrowser Engine with user profile folder
2024-05-11 17:46:57,859 [INFO] CheckServerUpdateThread:120 - End of CheckServer Thread
2024-05-11 17:46:58,193 [INFO] WebApp:161 - Instantiating new browser for Auth
2024-05-11 17:46:58,565 [INFO] WebApp:779 - Register for checkConnection events
2024-05-11 17:46:58,566 [INFO] WebApp:414 - Apply proxy settings
2024-05-11 17:46:58,566 [INFO] WebApp:499 - Chromium requires no authentication
2024-05-11 17:46:58,571 [INFO] WebApp:442 - Direct internet connection detected
2024-05-11 17:46:58,659 [INFO] WebApp:192 - Starting web application
2024-05-11 17:46:58,660 [INFO] WebApp:544 - Web application path used /home/athul-muralidhar/st/stm32cubeide_1.15.1/plugins/com.st.stm32cube.common.mx_6.11.1.202404110753/db/plugins/mcufinder/reactClient1/index.html
2024-05-11 17:46:59,563 [WARN] PackLoader:240 - Cannot read IP mode file for STMicroelectronics.FP-SNS-MOTENVWB1.1.4.0
2024-05-11 17:46:59,571 [WARN] PackLoader:240 - Cannot read IP mode file for STMicroelectronics.X-CUBE-SMBUS.2.1.0
2024-05-11 17:46:59,574 [WARN] PackLoader:240 - Cannot read IP mode file for STMicroelectronics.X-CUBE-TOUCHGFX.4.23.2
2024-05-11 17:46:59,601 [WARN] PackLoader:240 - Cannot read IP mode file for STMicroelectronics.X-CUBE-AZRTOS-F7.1.1.0
2024-05-11 17:46:59,620 [WARN] PackLoader:240 - Cannot read IP mode file for STMicroelectronics.FP-SNS-FLIGHT1.5.0.2
2024-05-11 17:46:59,634 [WARN] PackLoader:240 - Cannot read IP mode file for STMicroelectronics.X-CUBE-DISPLAY.3.0.0
2024-05-11 17:46:59,652 [WARN] PackLoader:240 - Cannot read IP mode file for STMicroelectronics.X-CUBE-BLE1.7.0.0
2024-05-11 17:46:59,659 [WARN] PackLoader:240 - Cannot read IP mode file for emotas.I-CUBE-CANOPEN.1.3.0
2024-05-11 17:46:59,691 [WARN] PackLoader:240 - Cannot read IP mode file for STMicroelectronics.X-CUBE-BLEMGR.3.1.0
2024-05-11 17:46:59,704 [WARN] PackLoader:240 - Cannot read IP mode file for STMicroelectronics.FP-SNS-SMARTAG2.1.2.0
2024-05-11 17:46:59,712 [INFO] LogOutputStream:77 - [STDOUT_REDIRECT] 1 : Invalid condition id : UX_CORESTACK_Condition cause : null
2024-05-11 17:46:59,713 [INFO] LogOutputStream:77 - [STDOUT_REDIRECT] 1 : Invalid condition id : UX_CORESTACK_Condition cause : null
2024-05-11 17:46:59,713 [INFO] LogOutputStream:77 - [STDOUT_REDIRECT] 1 : Invalid condition id : UX_CORESTACK_Condition cause : null
2024-05-11 17:46:59,714 [INFO] LogOutputStream:77 - [STDOUT_REDIRECT] 1 : Invalid condition id : UX_CORESTACK_Condition cause : null
2024-05-11 17:46:59,714 [INFO] LogOutputStream:77 - [STDOUT_REDIRECT] 1 : Invalid condition id : UX_CORESTACK_Condition cause : null
2024-05-11 17:46:59,718 [WARN] PackLoader:240 - Cannot read IP mode file for STMicroelectronics.X-CUBE-AZRTOS-WL.2.0.0
2024-05-11 17:46:59,725 [WARN] PackLoader:240 - Cannot read IP mode file for STMicroelectronics.FP-SNS-MOTENV1.5.0.0
2024-05-11 17:46:59,735 [WARN] PackLoader:240 - Cannot read IP mode file for WES.I-CUBE-Cesium.1.3.0
2024-05-11 17:46:59,740 [WARN] PackLoader:240 - Cannot read IP mode file for STMicroelectronics.X-CUBE-BLE2.3.3.0
2024-05-11 17:46:59,746 [WARN] PackLoader:240 - Cannot read IP mode file for STMicroelectronics.X-CUBE-TCPP.4.1.0
2024-05-11 17:46:59,765 [WARN] PackLoader:240 - Cannot read IP mode file for STMicroelectronics.X-CUBE-AZRTOS-G0.1.1.0
2024-05-11 17:46:59,775 [WARN] PackLoader:240 - Cannot read IP mode file for STMicroelectronics.X-CUBE-SAFEA1.1.2.2
2024-05-11 17:46:59,780 [WARN] PackLoader:240 - Cannot read IP mode file for STMicroelectronics.X-CUBE-NFC4.3.0.0
2024-05-11 17:46:59,785 [WARN] PackLoader:240 - Cannot read IP mode file for wolfSSL.I-CUBE-wolfSSL.5.7.0
2024-05-11 17:46:59,787 [WARN] PackLoader:240 - Cannot read IP mode file for STMicroelectronics.FP-ATR-SIGFOX1.3.2.0
2024-05-11 17:46:59,792 [WARN] PackLoader:240 - Cannot read IP mode file for STMicroelectronics.X-CUBE-EEPRMA1.5.1.0
2024-05-11 17:46:59,798 [WARN] PackLoader:240 - Cannot read IP mode file for ITTIA_DB.I-CUBE-ITTIADB.8.9.0
2024-05-11 17:46:59,841 [WARN] PackLoader:240 - Cannot read IP mode file for SEGGER.I-CUBE-embOS.1.3.1
2024-05-11 17:46:59,906 [WARN] PackLoader:240 - Cannot read IP mode file for STMicroelectronics.X-CUBE-ALGOBUILD.1.4.0
2024-05-11 17:46:59,910 [WARN] PackLoader:240 - Cannot read IP mode file for STMicroelectronics.X-CUBE-GNSS1.6.0.0
2024-05-11 17:46:59,931 [WARN] PackLoader:240 - Cannot read IP mode file for STMicroelectronics.X-CUBE-AZRTOS-F4.1.1.0
2024-05-11 17:46:59,938 [WARN] PackLoader:240 - Cannot read IP mode file for STMicroelectronics.X-CUBE-FREERTOS.1.2.0
2024-05-11 17:46:59,951 [WARN] PackLoader:240 - Cannot read IP mode file for STMicroelectronics.X-CUBE-AZRTOS-L5.2.0.0
2024-05-11 17:46:59,958 [WARN] PackLoader:240 - Cannot read IP mode file for STMicroelectronics.X-CUBE-NFC6.3.1.0
2024-05-11 17:46:59,963 [WARN] PackLoader:240 - Cannot read IP mode file for STMicroelectronics.X-CUBE-AI.9.0.0
2024-05-11 17:46:59,968 [WARN] PackLoader:240 - Cannot read IP mode file for STMicroelectronics.X-CUBE-NFC7.1.0.1
2024-05-11 17:46:59,981 [WARN] ConditionMgr:438 - getConditionDescription Invalid condition id : LAN8742 Phy interface Condition cause : null
2024-05-11 17:46:59,982 [WARN] PackLoader:240 - Cannot read IP mode file for STMicroelectronics.X-CUBE-AZRTOS-L4.2.0.0
2024-05-11 17:46:59,984 [WARN] ConditionMgr:1039 - genDependencies : Invalid condition id : LAN8742 Phy interface Condition cause : null
2024-05-11 17:46:59,984 [WARN] ConditionMgr:1039 - genDependencies : Invalid condition id : LAN8742 Phy interface Condition cause : null
2024-05-11 17:46:59,985 [WARN] ConditionMgr:1039 - genDependencies : Invalid condition id : LAN8742 Phy interface Condition cause : null
2024-05-11 17:46:59,991 [WARN] PackLoader:240 - Cannot read IP mode file for STMicroelectronics.X-CUBE-SFXS2LP1.4.0.0
2024-05-11 17:47:00,001 [WARN] ConditionMgr:438 - getConditionDescription Invalid condition id : UX DEVICE CLASS RTOS Condition cause : null
2024-05-11 17:47:00,002 [WARN] ConditionMgr:438 - getConditionDescription Invalid condition id : UX DEVICE CLASS RTOS Condition cause : null
2024-05-11 17:47:00,003 [WARN] PackLoader:240 - Cannot read IP mode file for STMicroelectronics.X-CUBE-AZRTOS-WB.2.0.0
2024-05-11 17:47:00,004 [WARN] ConditionMgr:1039 - genDependencies : Invalid condition id : UX DEVICE CLASS RTOS Condition cause : null
2024-05-11 17:47:00,004 [WARN] ConditionMgr:1039 - genDependencies : Invalid condition id : UX DEVICE CLASS RTOS Condition cause : null
2024-05-11 17:47:00,004 [WARN] ConditionMgr:1039 - genDependencies : Invalid condition id : UX DEVICE CLASS RTOS Condition cause : null
2024-05-11 17:47:00,005 [WARN] ConditionMgr:1039 - genDependencies : Invalid condition id : UX DEVICE CLASS RTOS Condition cause : null
2024-05-11 17:47:00,005 [WARN] ConditionMgr:1039 - genDependencies : Invalid condition id : UX DEVICE CLASS RTOS Condition cause : null
2024-05-11 17:47:00,013 [WARN] PackLoader:240 - Cannot read IP mode file for STMicroelectronics.X-CUBE-SUBG2.5.0.0
2024-05-11 17:47:00,027 [WARN] PackLoader:240 - Cannot read IP mode file for STMicroelectronics.X-CUBE-AZRTOS-G4.2.0.0
2024-05-11 17:47:00,032 [WARN] PackLoader:240 - Cannot read IP mode file for STMicroelectronics.X-CUBE-ISPU.2.0.0
2024-05-11 17:47:00,065 [WARN] PackLoader:240 - Cannot read IP mode file for STMicroelectronics.X-CUBE-MEMS1.10.0.0
2024-05-11 17:47:00,176 [WARN] PackLoader:240 - Cannot read IP mode file for portGmbH.I-Cube-SoM-uGOAL.1.1.0
2024-05-11 17:47:00,180 [WARN] PackLoader:240 - Cannot read IP mode file for STMicroelectronics.X-CUBE-ALS.1.0.1
2024-05-11 17:47:00,194 [WARN] PackLoader:240 - Cannot read IP mode file for STMicroelectronics.X-CUBE-AZRTOS-H7RS.1.0.0
2024-05-11 17:47:00,200 [WARN] PackLoader:240 - Cannot read IP mode file for STMicroelectronics.FP-ATR-ASTRA1.2.0.0
2024-05-11 17:47:00,210 [WARN] PackLoader:240 - Cannot read IP mode file for STMicroelectronics.X-CUBE-TOF1.3.4.1
2024-05-11 17:47:00,236 [WARN] PackLoader:240 - Cannot read IP mode file for STMicroelectronics.X-CUBE-AZRTOS-H7.3.2.0
2024-05-11 17:47:00,249 [WARN] PackLoader:240 - Cannot read IP mode file for Infineon.AIROC-Wi-Fi-Bluetooth-STM32.1.6.0
2024-05-11 17:47:00,254 [INFO] ThirdParty:978 - Integrity check success = true
2024-05-11 17:47:00,254 [INFO] IntegrityCheckThread:100 - exiting critical section [integrity check]
2024-05-11 17:47:00,254 [INFO] IntegrityCheckThread:103 - End integrity checks thread
2024-05-11 17:48:11,816 [ERROR] LogOutputStream:75 - [STDERR_REDIRECT] 
