23:30:24 **** Incremental Build of configuration Debug for project helloworld ****
make -j16 all 
arm-none-eabi-size  helloworld.elf 
   text	   data	    bss	    dec	    hex	filename
   3376	     92	   1900	   5368	   14f8	helloworld.elf
Finished building: default.size.stdout
 
23:30:53 **** Incremental Build of configuration Debug for project helloworld ****
make -j16 all 
arm-none-eabi-size  helloworld.elf 
   text	   data	    bss	    dec	    hex	filename
   3376	     92	   1900	   5368	   14f8	helloworld.elf
Finished building: default.size.stdout
 
23:33:47 **** Incremental Build of configuration Debug for project helloworld ****
make -j16 all 
arm-none-eabi-size  helloworld.elf 
   text	   data	    bss	    dec	    hex	filename
   3376	     92	   1900	   5368	   14f8	helloworld.elf
Finished building: default.size.stdout
 
23:55:10 **** Incremental Build of configuration Debug for project helloworld ****
make -j16 all 
arm-none-eabi-size  helloworld.elf 
   text	   data	    bss	    dec	    hex	filename
   3376	     92	   1900	   5368	   14f8	helloworld.elf
Finished building: default.size.stdout
 
